<?xml version="1.0" encoding="UTF-8"?>
<testsuite name="assignment2.CashPaymentTest" tests="12" skipped="0" failures="0" errors="0" timestamp="2022-10-21T12:32:30" hostname="Chius-MacBook-Pro.local" time="0.114">
  <properties/>
  <testcase name="cashValueCheck()" classname="assignment2.CashPaymentTest" time="0.016"/>
  <testcase name="multiplePayments()" classname="assignment2.CashPaymentTest" time="0.018"/>
  <testcase name="changeisNotSufficient()" classname="assignment2.CashPaymentTest" time="0.012"/>
  <testcase name="changeCoinsOnly()" classname="assignment2.CashPaymentTest" time="0.004"/>
  <testcase name="initialAmountCheck()" classname="assignment2.CashPaymentTest" time="0.003"/>
  <testcase name="NotEnoughPayment()" classname="assignment2.CashPaymentTest" time="0.004"/>
  <testcase name="calculateTotalPayment()" classname="assignment2.CashPaymentTest" time="0.001"/>
  <testcase name="smallChangeInsufficient()" classname="assignment2.CashPaymentTest" time="0.002"/>
  <testcase name="smallChangeRound()" classname="assignment2.CashPaymentTest" time="0.011"/>
  <testcase name="updateChangeList()" classname="assignment2.CashPaymentTest" time="0.006"/>
  <testcase name="changeNotesOnly()" classname="assignment2.CashPaymentTest" time="0.003"/>
  <testcase name="numberOfDifferentNotesandCoins()" classname="assignment2.CashPaymentTest" time="0.002"/>
  <system-out><![CDATA[[assignment2.model.Cash@6719a5b8, assignment2.model.Cash@3eb631b8, assignment2.model.Cash@796d3c9f, assignment2.model.Cash@6bff19ff, assignment2.model.Cash@41e1455d, assignment2.model.Cash@4e558728, assignment2.model.Cash@5eccd3b9, assignment2.model.Cash@4d6f197e, assignment2.model.Cash@6ef7623, assignment2.model.Cash@64e1dd11, assignment2.model.Cash@5c089b2f]
[assignment2.model.Cash@5f78de22, assignment2.model.Cash@516ebdf8, assignment2.model.Cash@4d8539de, assignment2.model.Cash@3eba57a7, assignment2.model.Cash@272a179c, assignment2.model.Cash@30feffc, assignment2.model.Cash@67207d8a, assignment2.model.Cash@bcb09a6, assignment2.model.Cash@7c2a69b4, assignment2.model.Cash@a619c2, assignment2.model.Cash@648ee871]
[assignment2.model.Cash@5f78de22, assignment2.model.Cash@516ebdf8, assignment2.model.Cash@4d8539de, assignment2.model.Cash@3eba57a7, assignment2.model.Cash@272a179c, assignment2.model.Cash@30feffc, assignment2.model.Cash@67207d8a, assignment2.model.Cash@bcb09a6, assignment2.model.Cash@7c2a69b4, assignment2.model.Cash@a619c2, assignment2.model.Cash@648ee871]
[assignment2.model.Cash@5f78de22, assignment2.model.Cash@516ebdf8, assignment2.model.Cash@4d8539de, assignment2.model.Cash@3eba57a7, assignment2.model.Cash@272a179c, assignment2.model.Cash@30feffc, assignment2.model.Cash@67207d8a, assignment2.model.Cash@bcb09a6, assignment2.model.Cash@7c2a69b4, assignment2.model.Cash@a619c2, assignment2.model.Cash@648ee871]
[assignment2.model.Cash@5f78de22, assignment2.model.Cash@516ebdf8, assignment2.model.Cash@4d8539de, assignment2.model.Cash@3eba57a7, assignment2.model.Cash@272a179c, assignment2.model.Cash@30feffc, assignment2.model.Cash@67207d8a, assignment2.model.Cash@bcb09a6, assignment2.model.Cash@7c2a69b4, assignment2.model.Cash@a619c2, assignment2.model.Cash@648ee871]
[assignment2.model.Cash@5f78de22, assignment2.model.Cash@516ebdf8, assignment2.model.Cash@4d8539de, assignment2.model.Cash@3eba57a7, assignment2.model.Cash@272a179c, assignment2.model.Cash@30feffc, assignment2.model.Cash@67207d8a, assignment2.model.Cash@bcb09a6, assignment2.model.Cash@7c2a69b4, assignment2.model.Cash@a619c2, assignment2.model.Cash@648ee871]
[assignment2.model.Cash@522b2631, assignment2.model.Cash@3ff57625, assignment2.model.Cash@1ee29c84, assignment2.model.Cash@7c8326a4, assignment2.model.Cash@77128dab, assignment2.model.Cash@63429932, assignment2.model.Cash@69ce2f62, assignment2.model.Cash@c9d82f9, assignment2.model.Cash@6f012914, assignment2.model.Cash@18fdb6cf, assignment2.model.Cash@d02f8d]
[assignment2.model.Cash@522b2631, assignment2.model.Cash@3ff57625, assignment2.model.Cash@1ee29c84, assignment2.model.Cash@7c8326a4, assignment2.model.Cash@77128dab, assignment2.model.Cash@63429932, assignment2.model.Cash@69ce2f62, assignment2.model.Cash@c9d82f9, assignment2.model.Cash@6f012914, assignment2.model.Cash@18fdb6cf, assignment2.model.Cash@d02f8d]
[assignment2.model.Cash@522b2631, assignment2.model.Cash@3ff57625, assignment2.model.Cash@1ee29c84, assignment2.model.Cash@7c8326a4, assignment2.model.Cash@77128dab, assignment2.model.Cash@63429932, assignment2.model.Cash@69ce2f62, assignment2.model.Cash@c9d82f9, assignment2.model.Cash@6f012914, assignment2.model.Cash@18fdb6cf, assignment2.model.Cash@d02f8d]
[assignment2.model.Cash@312afbc7, assignment2.model.Cash@599f571f, assignment2.model.Cash@7b60c3e, assignment2.model.Cash@3fbfa96, assignment2.model.Cash@6569dded, assignment2.model.Cash@466d49f0, assignment2.model.Cash@710d7aff, assignment2.model.Cash@2d7e1102, assignment2.model.Cash@65327f5, assignment2.model.Cash@2adddc06, assignment2.model.Cash@301d8120]
[assignment2.model.Cash@312afbc7, assignment2.model.Cash@599f571f, assignment2.model.Cash@7b60c3e, assignment2.model.Cash@3fbfa96, assignment2.model.Cash@6569dded, assignment2.model.Cash@466d49f0, assignment2.model.Cash@710d7aff, assignment2.model.Cash@2d7e1102, assignment2.model.Cash@65327f5, assignment2.model.Cash@2adddc06, assignment2.model.Cash@301d8120]
[assignment2.model.Cash@312afbc7, assignment2.model.Cash@599f571f, assignment2.model.Cash@7b60c3e, assignment2.model.Cash@3fbfa96, assignment2.model.Cash@6569dded, assignment2.model.Cash@466d49f0, assignment2.model.Cash@710d7aff, assignment2.model.Cash@2d7e1102, assignment2.model.Cash@65327f5, assignment2.model.Cash@2adddc06, assignment2.model.Cash@301d8120]
[assignment2.model.Cash@6d367020, assignment2.model.Cash@72458efc, assignment2.model.Cash@36bc415e, assignment2.model.Cash@6a74d228, assignment2.model.Cash@349d0836, assignment2.model.Cash@6a714237, assignment2.model.Cash@3e134896, assignment2.model.Cash@72ba28ee, assignment2.model.Cash@2e3a5237, assignment2.model.Cash@4ebadd3d, assignment2.model.Cash@6ac97b84]
[assignment2.model.Cash@4917d36b, assignment2.model.Cash@35c09b94, assignment2.model.Cash@2d0bfb24, assignment2.model.Cash@c3fa05a, assignment2.model.Cash@7b44b63d, assignment2.model.Cash@4a699efa, assignment2.model.Cash@38499e48, assignment2.model.Cash@4905c46b, assignment2.model.Cash@17ae7628, assignment2.model.Cash@1136b469, assignment2.model.Cash@6579c3d9]
[assignment2.model.Cash@42f22995, assignment2.model.Cash@693e4d19, assignment2.model.Cash@286b39c2, assignment2.model.Cash@5432050b, assignment2.model.Cash@75f2099, assignment2.model.Cash@1c12f3ee, assignment2.model.Cash@6d467c87, assignment2.model.Cash@29182679, assignment2.model.Cash@57bd802b, assignment2.model.Cash@5cbb84b1, assignment2.model.Cash@2c779e5]
[]
[]
[]
[assignment2.model.Cash@682c1e93, assignment2.model.Cash@27068a50, assignment2.model.Cash@68e62ca4, assignment2.model.Cash@5328a9c1, assignment2.model.Cash@5b78fdb1, assignment2.model.Cash@48bfb884, assignment2.model.Cash@11653e3b, assignment2.model.Cash@715fb77, assignment2.model.Cash@1b9c1b51, assignment2.model.Cash@2e52fb3e, assignment2.model.Cash@16fe9c29]
[assignment2.model.Cash@682c1e93, assignment2.model.Cash@27068a50, assignment2.model.Cash@68e62ca4, assignment2.model.Cash@5328a9c1, assignment2.model.Cash@5b78fdb1, assignment2.model.Cash@48bfb884, assignment2.model.Cash@11653e3b, assignment2.model.Cash@715fb77, assignment2.model.Cash@1b9c1b51, assignment2.model.Cash@2e52fb3e, assignment2.model.Cash@16fe9c29]
[assignment2.model.Cash@682c1e93, assignment2.model.Cash@27068a50, assignment2.model.Cash@68e62ca4, assignment2.model.Cash@5328a9c1, assignment2.model.Cash@5b78fdb1, assignment2.model.Cash@48bfb884, assignment2.model.Cash@11653e3b, assignment2.model.Cash@715fb77, assignment2.model.Cash@1b9c1b51, assignment2.model.Cash@2e52fb3e, assignment2.model.Cash@16fe9c29]
[assignment2.model.Cash@3e9803c2, assignment2.model.Cash@4525d1d3, assignment2.model.Cash@7c974942, assignment2.model.Cash@1eea9d2d, assignment2.model.Cash@60921b21, assignment2.model.Cash@bd2f5a9, assignment2.model.Cash@4d4960c8, assignment2.model.Cash@7808fb9, assignment2.model.Cash@773bd77b, assignment2.model.Cash@6b580b88, assignment2.model.Cash@6d91790b]
[assignment2.model.Cash@3e9803c2, assignment2.model.Cash@4525d1d3, assignment2.model.Cash@7c974942, assignment2.model.Cash@1eea9d2d, assignment2.model.Cash@60921b21, assignment2.model.Cash@bd2f5a9, assignment2.model.Cash@4d4960c8, assignment2.model.Cash@7808fb9, assignment2.model.Cash@773bd77b, assignment2.model.Cash@6b580b88, assignment2.model.Cash@6d91790b]
[assignment2.model.Cash@3e9803c2, assignment2.model.Cash@4525d1d3, assignment2.model.Cash@7c974942, assignment2.model.Cash@1eea9d2d, assignment2.model.Cash@60921b21, assignment2.model.Cash@bd2f5a9, assignment2.model.Cash@4d4960c8, assignment2.model.Cash@7808fb9, assignment2.model.Cash@773bd77b, assignment2.model.Cash@6b580b88, assignment2.model.Cash@6d91790b]
[assignment2.model.Cash@6e6fce47, assignment2.model.Cash@47c64cfe, assignment2.model.Cash@6ce90bc5, assignment2.model.Cash@a567e72, assignment2.model.Cash@1a5b8489, assignment2.model.Cash@6f8f8a80, assignment2.model.Cash@4b1c0397, assignment2.model.Cash@72805168, assignment2.model.Cash@34b9fc7d, assignment2.model.Cash@27f1bbe0, assignment2.model.Cash@cda0432]
[assignment2.model.Cash@6e6fce47, assignment2.model.Cash@47c64cfe, assignment2.model.Cash@6ce90bc5, assignment2.model.Cash@a567e72, assignment2.model.Cash@1a5b8489, assignment2.model.Cash@6f8f8a80, assignment2.model.Cash@4b1c0397, assignment2.model.Cash@72805168, assignment2.model.Cash@34b9fc7d, assignment2.model.Cash@27f1bbe0, assignment2.model.Cash@cda0432]
[assignment2.model.Cash@6e6fce47, assignment2.model.Cash@47c64cfe, assignment2.model.Cash@6ce90bc5, assignment2.model.Cash@a567e72, assignment2.model.Cash@1a5b8489, assignment2.model.Cash@6f8f8a80, assignment2.model.Cash@4b1c0397, assignment2.model.Cash@72805168, assignment2.model.Cash@34b9fc7d, assignment2.model.Cash@27f1bbe0, assignment2.model.Cash@cda0432]
[assignment2.model.Cash@7c211fd0, assignment2.model.Cash@7004e3d, assignment2.model.Cash@2d84cb86, assignment2.model.Cash@71a3a190, assignment2.model.Cash@588ffeb, assignment2.model.Cash@7c28c1, assignment2.model.Cash@baf1bb3, assignment2.model.Cash@67ec8477, assignment2.model.Cash@25d958c6, assignment2.model.Cash@4482469c, assignment2.model.Cash@3703bf3c]
[assignment2.model.Cash@7c211fd0, assignment2.model.Cash@7004e3d, assignment2.model.Cash@2d84cb86, assignment2.model.Cash@71a3a190, assignment2.model.Cash@588ffeb, assignment2.model.Cash@7c28c1, assignment2.model.Cash@baf1bb3, assignment2.model.Cash@67ec8477, assignment2.model.Cash@25d958c6, assignment2.model.Cash@4482469c, assignment2.model.Cash@3703bf3c]
[assignment2.model.Cash@7c211fd0, assignment2.model.Cash@7004e3d, assignment2.model.Cash@2d84cb86, assignment2.model.Cash@71a3a190, assignment2.model.Cash@588ffeb, assignment2.model.Cash@7c28c1, assignment2.model.Cash@baf1bb3, assignment2.model.Cash@67ec8477, assignment2.model.Cash@25d958c6, assignment2.model.Cash@4482469c, assignment2.model.Cash@3703bf3c]
[assignment2.model.Cash@34cf5a97, assignment2.model.Cash@5b3f3ba0, assignment2.model.Cash@ddf20fd, assignment2.model.Cash@278f8425, assignment2.model.Cash@695a69a1, assignment2.model.Cash@4b1abd11, assignment2.model.Cash@3f36b447, assignment2.model.Cash@6443b128, assignment2.model.Cash@5eeedb60, assignment2.model.Cash@40021799, assignment2.model.Cash@4a1c0752]
]]></system-out>
  <system-err><![CDATA[]]></system-err>
</testsuite>
