<?xml version="1.0" encoding="UTF-8"?>
<testsuite name="assignment2.SellerDashboardTest" tests="3" skipped="0" failures="0" errors="0" timestamp="2022-10-28T05:12:50" hostname="vlan-2657-10-19-211-228.student.wireless.sydney.edu.au" time="0.267">
  <properties/>
  <testcase name="readAndWriteTransactionTest()" classname="assignment2.SellerDashboardTest" time="0.147"/>
  <testcase name="readAndWriteInventoryTest()" classname="assignment2.SellerDashboardTest" time="0.004"/>
  <testcase name="multipleTransactionsTest()" classname="assignment2.SellerDashboardTest" time="0.113"/>
  <system-out><![CDATA[test1
test1
test1
test1
test2
test1
test2
test3
test1
test2
test3
]]></system-out>
  <system-err><![CDATA[]]></system-err>
</testsuite>
