<?xml version="1.0" encoding="UTF-8"?>
<testsuite name="assignment2.InventoryModelTest" tests="2" skipped="0" failures="0" errors="0" timestamp="2022-10-26T09:09:33" hostname="DESKTOP-Q9TS4JK" time="0.009">
  <properties/>
  <testcase name="getCategoriesTest()" classname="assignment2.InventoryModelTest" time="0.007"/>
  <testcase name="getProductsToDisplayTest()" classname="assignment2.InventoryModelTest" time="0.001"/>
  <system-out><![CDATA[]]></system-out>
  <system-err><![CDATA[]]></system-err>
</testsuite>
