<?xml version="1.0" encoding="UTF-8"?>
<testsuite name="assignment2.MainModelTest" tests="8" skipped="0" failures="0" errors="0" timestamp="2022-10-26T05:24:29" hostname="DESKTOP-Q9TS4JK" time="0.017">
  <properties/>
  <testcase name="getLoginModelTest()" classname="assignment2.MainModelTest" time="0.003"/>
  <testcase name="getCardPaymentModelTest()" classname="assignment2.MainModelTest" time="0.002"/>
  <testcase name="getCashPaymentModelTest()" classname="assignment2.MainModelTest" time="0.001"/>
  <testcase name="getInventoryModelTest()" classname="assignment2.MainModelTest" time="0.001"/>
  <testcase name="cancelTransactionTest()" classname="assignment2.MainModelTest" time="0.002"/>
  <testcase name="loginStatusCorrectTest()" classname="assignment2.MainModelTest" time="0.002"/>
  <testcase name="getLastFiveProductsModelTest()" classname="assignment2.MainModelTest" time="0.001"/>
  <testcase name="setIsLoggedInTest()" classname="assignment2.MainModelTest" time="0.002"/>
  <system-out><![CDATA[[assignment2.model.User@129c4d19, assignment2.model.User@11810917, assignment2.model.User@13278a41, assignment2.model.User@4a31ed12, assignment2.model.User@3ab595c8]
[assignment2.model.Cash@2365ea38, assignment2.model.Cash@cbf1997, assignment2.model.Cash@49232c6f, assignment2.model.Cash@5faeeb56, assignment2.model.Cash@5396eeb1, assignment2.model.Cash@279126f5, assignment2.model.Cash@7781263c, assignment2.model.Cash@5fdd97c1, assignment2.model.Cash@3b5a19ed, assignment2.model.Cash@15d236fd, assignment2.model.Cash@6b9c42bd]
[assignment2.model.User@584ca390, assignment2.model.User@33324c05, assignment2.model.User@37d3e140, assignment2.model.User@3e53c4ad, assignment2.model.User@33eb0d4]
[assignment2.model.Cash@224d86d2, assignment2.model.Cash@a3cba3a, assignment2.model.Cash@2aea717c, assignment2.model.Cash@5ca4dce5, assignment2.model.Cash@1291aab5, assignment2.model.Cash@7d133fb7, assignment2.model.Cash@40bd0f8, assignment2.model.Cash@7eb27768, assignment2.model.Cash@6169be09, assignment2.model.Cash@5e3db14, assignment2.model.Cash@5fb54740]
[assignment2.model.User@325162e9, assignment2.model.User@1ee40b5c, assignment2.model.User@5c448ef, assignment2.model.User@703e8050, assignment2.model.User@49c1e294]
[assignment2.model.Cash@7741ae1b, assignment2.model.Cash@50e5032c, assignment2.model.Cash@545d2560, assignment2.model.Cash@124eb83d, assignment2.model.Cash@6885ed19, assignment2.model.Cash@10817f46, assignment2.model.Cash@2d4a3e13, assignment2.model.Cash@4a22e4d7, assignment2.model.Cash@d8835af, assignment2.model.Cash@16681017, assignment2.model.Cash@6aae0e6f]
[assignment2.model.User@37775bb1, assignment2.model.User@7b9e25bd, assignment2.model.User@2d206a71, assignment2.model.User@37e7c4cc, assignment2.model.User@3a40bb52]
[assignment2.model.Cash@3079c26a, assignment2.model.Cash@1e2445f6, assignment2.model.Cash@17ec335a, assignment2.model.Cash@284990de, assignment2.model.Cash@565d7d2f, assignment2.model.Cash@6aea99e7, assignment2.model.Cash@1c6a0103, assignment2.model.Cash@7841bd30, assignment2.model.Cash@45c80312, assignment2.model.Cash@7bd38fed, assignment2.model.Cash@377dfb8d]
[assignment2.model.User@42a0786f, assignment2.model.User@477523ba, assignment2.model.User@203e705e, assignment2.model.User@78c74647, assignment2.model.User@39652a30]
[assignment2.model.Cash@5763a655, assignment2.model.Cash@40c8067, assignment2.model.Cash@46bb0bdf, assignment2.model.Cash@561f9d92, assignment2.model.Cash@1c84d80a, assignment2.model.Cash@7ceb6c45, assignment2.model.Cash@629075f4, assignment2.model.Cash@48499739, assignment2.model.Cash@723742b2, assignment2.model.Cash@559991f5, assignment2.model.Cash@34c76167]
[assignment2.model.User@30b3d899, assignment2.model.User@78d92eef, assignment2.model.User@61d60e38, assignment2.model.User@6e95973c, assignment2.model.User@404ced67]
[assignment2.model.Cash@71531dd7, assignment2.model.Cash@20256a0b, assignment2.model.Cash@624b3544, assignment2.model.Cash@454bcbbf, assignment2.model.Cash@2c9fdb64, assignment2.model.Cash@27e199ce, assignment2.model.Cash@1c3b6963, assignment2.model.Cash@7364f68, assignment2.model.Cash@55a0f011, assignment2.model.Cash@7ea42c82, assignment2.model.Cash@39133244]
[assignment2.model.User@ceb7701, assignment2.model.User@5e193ef5, assignment2.model.User@106c988, assignment2.model.User@21274afe, assignment2.model.User@76a362a4]
[assignment2.model.Cash@61da0413, assignment2.model.Cash@5627cb29, assignment2.model.Cash@4d4c1ba9, assignment2.model.Cash@2017f6e6, assignment2.model.Cash@115c946b, assignment2.model.Cash@79ca7bea, assignment2.model.Cash@54f6b629, assignment2.model.Cash@4bc9ca97, assignment2.model.Cash@3e43f049, assignment2.model.Cash@147cc940, assignment2.model.Cash@755a7218]
[assignment2.model.User@70c29356, assignment2.model.User@5122e4bf, assignment2.model.User@23e61112, assignment2.model.User@58a7dc4, assignment2.model.User@61b60600]
[assignment2.model.Cash@27f71195, assignment2.model.Cash@340afaf8, assignment2.model.Cash@6238d5e0, assignment2.model.Cash@336f49a1, assignment2.model.Cash@2c8b8de0, assignment2.model.Cash@4fb57fb3, assignment2.model.Cash@6b063470, assignment2.model.Cash@226d5af0, assignment2.model.Cash@527937d0, assignment2.model.Cash@36d582cb, assignment2.model.Cash@6c2a95d5]
]]></system-out>
  <system-err><![CDATA[]]></system-err>
</testsuite>
