<?xml version="1.0" encoding="UTF-8"?>
<testsuite name="assignment2.CardPaymentTest" tests="1" skipped="0" failures="0" errors="0" timestamp="2022-10-23T02:19:57" hostname="Kylies-MBP" time="0.105">
  <properties/>
  <testcase name="paymentProcessTest()" classname="assignment2.CardPaymentTest" time="0.105"/>
  <system-out><![CDATA[[assignment2.model.User@19f040ba, assignment2.model.User@72ab05ed, assignment2.model.User@27e32fe4, assignment2.model.User@c3c4c1c, assignment2.model.User@17d238b1]
[assignment2.model.Cash@3044e9c7, assignment2.model.Cash@41d7b27f, assignment2.model.Cash@49096b06, assignment2.model.Cash@4a183d02, assignment2.model.Cash@5d05ef57, assignment2.model.Cash@213deac2, assignment2.model.Cash@23eee4b8, assignment2.model.Cash@28952dea, assignment2.model.Cash@5a9800f8, assignment2.model.Cash@143d9a93, assignment2.model.Cash@40226788]
payment success
]]></system-out>
  <system-err><![CDATA[]]></system-err>
</testsuite>
