<?xml version="1.0" encoding="UTF-8"?>
<testsuite name="assignment2.SellerDashboardTest" tests="3" skipped="0" failures="0" errors="0" timestamp="2022-10-26T14:13:44" hostname="DESKTOP-Q9TS4JK" time="0.102">
  <properties/>
  <testcase name="readAndWriteTransactionTest()" classname="assignment2.SellerDashboardTest" time="0.071"/>
  <testcase name="readAndWriteInventoryTest()" classname="assignment2.SellerDashboardTest" time="0.004"/>
  <testcase name="multipleTransactionsTest()" classname="assignment2.SellerDashboardTest" time="0.024"/>
  <system-out><![CDATA[test1
test1
test1
test1
test2
test1
test2
test3
test1
test2
test3
]]></system-out>
  <system-err><![CDATA[]]></system-err>
</testsuite>
