<?xml version="1.0" encoding="UTF-8"?>
<testsuite name="assignment2.CardPaymentTest" tests="2" skipped="0" failures="0" errors="0" timestamp="2022-11-04T10:55:46" hostname="Kylies-MBP" time="0.011">
  <properties/>
  <testcase name="paymentProcessTest()" classname="assignment2.CardPaymentTest" time="0.008"/>
  <testcase name="saveCardTest()" classname="assignment2.CardPaymentTest" time="0.002"/>
  <system-out><![CDATA[assignment2.model.CardUser@5c645b43
]]></system-out>
  <system-err><![CDATA[]]></system-err>
</testsuite>
