<?xml version="1.0" encoding="UTF-8"?>
<<<<<<< HEAD
<testsuite name="assignment2.CashPaymentTest" tests="12" skipped="0" failures="0" errors="0" timestamp="2022-10-28T05:12:50" hostname="vlan-2657-10-19-211-228.student.wireless.sydney.edu.au" time="0.157">
  <properties/>
  <testcase name="cashValueCheck()" classname="assignment2.CashPaymentTest" time="0.059"/>
  <testcase name="multiplePayments()" classname="assignment2.CashPaymentTest" time="0.026"/>
  <testcase name="changeisNotSufficient()" classname="assignment2.CashPaymentTest" time="0.009"/>
  <testcase name="changeCoinsOnly()" classname="assignment2.CashPaymentTest" time="0.004"/>
  <testcase name="initialAmountCheck()" classname="assignment2.CashPaymentTest" time="0.001"/>
  <testcase name="NotEnoughPayment()" classname="assignment2.CashPaymentTest" time="0.001"/>
  <testcase name="calculateTotalPayment()" classname="assignment2.CashPaymentTest" time="0.002"/>
  <testcase name="smallChangeInsufficient()" classname="assignment2.CashPaymentTest" time="0.001"/>
  <testcase name="smallChangeRound()" classname="assignment2.CashPaymentTest" time="0.012"/>
  <testcase name="updateChangeList()" classname="assignment2.CashPaymentTest" time="0.007"/>
  <testcase name="changeNotesOnly()" classname="assignment2.CashPaymentTest" time="0.006"/>
  <testcase name="numberOfDifferentNotesandCoins()" classname="assignment2.CashPaymentTest" time="0.003"/>
  <system-out><![CDATA[{5c=0, 10c=0, 20c=0, 50c=0, $1=0, $2=0, $5=0, $10=0, $20=0, $50=0, $100=0}
[assignment2.model.Cash@5183d589, assignment2.model.Cash@511d5d04, assignment2.model.Cash@682c1e93, assignment2.model.Cash@27068a50, assignment2.model.Cash@68e62ca4, assignment2.model.Cash@5328a9c1, assignment2.model.Cash@5b78fdb1, assignment2.model.Cash@48bfb884, assignment2.model.Cash@11653e3b, assignment2.model.Cash@715fb77, assignment2.model.Cash@1b9c1b51]
{5c=1, 10c=0, 20c=2, 50c=1, $1=0, $2=0, $5=1, $10=0, $20=2, $50=1, $100=1}
{5c=0, 10c=0, 20c=0, 50c=0, $1=0, $2=0, $5=0, $10=0, $20=0, $50=0, $100=0}
[assignment2.model.Cash@5183d589, assignment2.model.Cash@511d5d04, assignment2.model.Cash@682c1e93, assignment2.model.Cash@27068a50, assignment2.model.Cash@68e62ca4, assignment2.model.Cash@5328a9c1, assignment2.model.Cash@5b78fdb1, assignment2.model.Cash@48bfb884, assignment2.model.Cash@11653e3b, assignment2.model.Cash@715fb77, assignment2.model.Cash@1b9c1b51]
{5c=0, 10c=1, 20c=0, 50c=1, $1=1, $2=0, $5=0, $10=0, $20=0, $50=0, $100=3}
{5c=0, 10c=0, 20c=0, 50c=0, $1=0, $2=0, $5=0, $10=0, $20=0, $50=0, $100=0}
[assignment2.model.Cash@4b1abd11, assignment2.model.Cash@3f36b447, assignment2.model.Cash@6443b128, assignment2.model.Cash@5eeedb60, assignment2.model.Cash@40021799, assignment2.model.Cash@4a1c0752, assignment2.model.Cash@332f25c8, assignment2.model.Cash@1b32cd16, assignment2.model.Cash@4bdcaf36, assignment2.model.Cash@61d01788, assignment2.model.Cash@2b9b7f1f]
{5c=0, 10c=0, 20c=0, 50c=0, $1=0, $2=0, $5=0, $10=0, $20=0, $50=0, $100=0}
[assignment2.model.Cash@847f3e7, assignment2.model.Cash@69cac930, assignment2.model.Cash@19593091, assignment2.model.Cash@5d39f2d8, assignment2.model.Cash@6ad6fa53, assignment2.model.Cash@55ea2d70, assignment2.model.Cash@5e742e4, assignment2.model.Cash@175acfb2, assignment2.model.Cash@4a03bb68, assignment2.model.Cash@4e868ef5, assignment2.model.Cash@71c905a3]
=======
<testsuite name="assignment2.CashPaymentTest" tests="12" skipped="0" failures="0" errors="0" timestamp="2022-11-01T11:49:42" hostname="Kylies-MBP" time="0.044">
  <properties/>
  <testcase name="cashValueCheck()" classname="assignment2.CashPaymentTest" time="0.001"/>
  <testcase name="multiplePayments()" classname="assignment2.CashPaymentTest" time="0.012"/>
  <testcase name="changeisNotSufficient()" classname="assignment2.CashPaymentTest" time="0.003"/>
  <testcase name="changeCoinsOnly()" classname="assignment2.CashPaymentTest" time="0.003"/>
  <testcase name="initialAmountCheck()" classname="assignment2.CashPaymentTest" time="0.001"/>
  <testcase name="NotEnoughPayment()" classname="assignment2.CashPaymentTest" time="0.001"/>
  <testcase name="calculateTotalPayment()" classname="assignment2.CashPaymentTest" time="0.001"/>
  <testcase name="smallChangeInsufficient()" classname="assignment2.CashPaymentTest" time="0.001"/>
  <testcase name="smallChangeRound()" classname="assignment2.CashPaymentTest" time="0.004"/>
  <testcase name="updateChangeList()" classname="assignment2.CashPaymentTest" time="0.002"/>
  <testcase name="changeNotesOnly()" classname="assignment2.CashPaymentTest" time="0.002"/>
  <testcase name="numberOfDifferentNotesandCoins()" classname="assignment2.CashPaymentTest" time="0.001"/>
  <system-out><![CDATA[{5c=0, 10c=0, 20c=0, 50c=0, $1=0, $2=0, $5=0, $10=0, $20=0, $50=0, $100=0}
[assignment2.model.Cash@3a91d146, assignment2.model.Cash@4784013e, assignment2.model.Cash@6f952d6c, assignment2.model.Cash@5965844d, assignment2.model.Cash@6d4a65c6, assignment2.model.Cash@aa004a0, assignment2.model.Cash@4c98a6d5, assignment2.model.Cash@392a04e7, assignment2.model.Cash@7f02251, assignment2.model.Cash@dffa30b, assignment2.model.Cash@4d8126f]
{5c=1, 10c=0, 20c=2, 50c=1, $1=0, $2=0, $5=1, $10=0, $20=2, $50=1, $100=1}
{5c=0, 10c=0, 20c=0, 50c=0, $1=0, $2=0, $5=0, $10=0, $20=0, $50=0, $100=0}
[assignment2.model.Cash@3a91d146, assignment2.model.Cash@4784013e, assignment2.model.Cash@6f952d6c, assignment2.model.Cash@5965844d, assignment2.model.Cash@6d4a65c6, assignment2.model.Cash@aa004a0, assignment2.model.Cash@4c98a6d5, assignment2.model.Cash@392a04e7, assignment2.model.Cash@7f02251, assignment2.model.Cash@dffa30b, assignment2.model.Cash@4d8126f]
{5c=0, 10c=1, 20c=0, 50c=1, $1=1, $2=0, $5=0, $10=0, $20=0, $50=0, $100=3}
{5c=0, 10c=0, 20c=0, 50c=0, $1=0, $2=0, $5=0, $10=0, $20=0, $50=0, $100=0}
[assignment2.model.Cash@ecfbe91, assignment2.model.Cash@20ed3303, assignment2.model.Cash@3adbe50f, assignment2.model.Cash@3a627c80, assignment2.model.Cash@49aa766b, assignment2.model.Cash@963176, assignment2.model.Cash@65004ff6, assignment2.model.Cash@4cafa9aa, assignment2.model.Cash@562c877a, assignment2.model.Cash@67001148, assignment2.model.Cash@989da1]
{5c=0, 10c=0, 20c=0, 50c=0, $1=0, $2=0, $5=0, $10=0, $20=0, $50=0, $100=0}
[assignment2.model.Cash@3eed0f5, assignment2.model.Cash@64030b91, assignment2.model.Cash@2032e725, assignment2.model.Cash@4d23015c, assignment2.model.Cash@383f1975, assignment2.model.Cash@441cc260, assignment2.model.Cash@73a00e09, assignment2.model.Cash@26dcd8c0, assignment2.model.Cash@66e889df, assignment2.model.Cash@444548a0, assignment2.model.Cash@3766c667]
>>>>>>> 6025943a1f910ddcfd37170c6ab43d0c87acdc84
{5c=1, 10c=1, 20c=1, 50c=0, $1=0, $2=0, $5=0, $10=0, $20=0, $50=0, $100=0}
{5c=0, 10c=0, 20c=0, 50c=0, $1=0, $2=0, $5=0, $10=0, $20=0, $50=0, $100=0}
{5c=0, 10c=0, 20c=0, 50c=0, $1=0, $2=0, $5=0, $10=0, $20=0, $50=0, $100=0}
[]
{5c=0, 10c=0, 20c=0, 50c=0, $1=0, $2=0, $5=0, $10=0, $20=0, $50=0, $100=0}
<<<<<<< HEAD
[assignment2.model.Cash@afb5821, assignment2.model.Cash@4bff2185, assignment2.model.Cash@5c20ffa8, assignment2.model.Cash@7fedfe27, assignment2.model.Cash@2f879bab, assignment2.model.Cash@1d4664d7, assignment2.model.Cash@46c00568, assignment2.model.Cash@56ccd751, assignment2.model.Cash@458544e0, assignment2.model.Cash@6bcbf05b, assignment2.model.Cash@2d66530f]
{5c=1, 10c=0, 20c=0, 50c=0, $1=0, $2=0, $5=0, $10=0, $20=0, $50=0, $100=0}
{5c=0, 10c=0, 20c=0, 50c=0, $1=0, $2=0, $5=0, $10=0, $20=0, $50=0, $100=0}
[assignment2.model.Cash@1d207fad, assignment2.model.Cash@72ed9aad, assignment2.model.Cash@4690f583, assignment2.model.Cash@59712875, assignment2.model.Cash@47b2e9e1, assignment2.model.Cash@59942b48, assignment2.model.Cash@1869f114, assignment2.model.Cash@488b50ec, assignment2.model.Cash@18a645fd, assignment2.model.Cash@6090f3ca, assignment2.model.Cash@37a64f9d]
{5c=0, 10c=0, 20c=0, 50c=0, $1=0, $2=0, $5=0, $10=0, $20=0, $50=0, $100=0}
{5c=0, 10c=0, 20c=0, 50c=0, $1=0, $2=0, $5=0, $10=0, $20=0, $50=0, $100=0}
[assignment2.model.Cash@25b865b5, assignment2.model.Cash@f9b5552, assignment2.model.Cash@6872f9c8, assignment2.model.Cash@6d2d99fc, assignment2.model.Cash@bdecc21, assignment2.model.Cash@5e3a39cd, assignment2.model.Cash@21f9277b, assignment2.model.Cash@201aa8c1, assignment2.model.Cash@5d58c727, assignment2.model.Cash@52a36910, assignment2.model.Cash@3a095ec0]
{5c=1, 10c=0, 20c=0, 50c=1, $1=1, $2=0, $5=1, $10=1, $20=0, $50=0, $100=0}
{5c=0, 10c=0, 20c=0, 50c=0, $1=0, $2=0, $5=0, $10=0, $20=0, $50=0, $100=0}
[assignment2.model.Cash@4f20a5e0, assignment2.model.Cash@54da32dc, assignment2.model.Cash@1d782abe, assignment2.model.Cash@6df7988f, assignment2.model.Cash@27b22f74, assignment2.model.Cash@22fba58c, assignment2.model.Cash@7e8a46b7, assignment2.model.Cash@2fe88a09, assignment2.model.Cash@1917d90f, assignment2.model.Cash@66bfd864, assignment2.model.Cash@4aac85fa]
=======
[assignment2.model.Cash@3a022576, assignment2.model.Cash@2dbd803f, assignment2.model.Cash@3e48e859, assignment2.model.Cash@31ddd4a4, assignment2.model.Cash@1a5f7e7c, assignment2.model.Cash@5b22b970, assignment2.model.Cash@22d1886d, assignment2.model.Cash@7df60067, assignment2.model.Cash@1cbb3d3b, assignment2.model.Cash@529cfee5, assignment2.model.Cash@7ca0863b]
{5c=1, 10c=0, 20c=0, 50c=0, $1=0, $2=0, $5=0, $10=0, $20=0, $50=0, $100=0}
{5c=0, 10c=0, 20c=0, 50c=0, $1=0, $2=0, $5=0, $10=0, $20=0, $50=0, $100=0}
[assignment2.model.Cash@319854f0, assignment2.model.Cash@748fe51d, assignment2.model.Cash@415156bf, assignment2.model.Cash@393881f0, assignment2.model.Cash@4af46df3, assignment2.model.Cash@4158debd, assignment2.model.Cash@af78c87, assignment2.model.Cash@773dab28, assignment2.model.Cash@1ecfcbc9, assignment2.model.Cash@1965539b, assignment2.model.Cash@2fc07784]
{5c=0, 10c=0, 20c=0, 50c=0, $1=0, $2=0, $5=0, $10=0, $20=0, $50=0, $100=0}
{5c=0, 10c=0, 20c=0, 50c=0, $1=0, $2=0, $5=0, $10=0, $20=0, $50=0, $100=0}
[assignment2.model.Cash@353efdbf, assignment2.model.Cash@55cff952, assignment2.model.Cash@660591fb, assignment2.model.Cash@4a55a6e8, assignment2.model.Cash@8c46918, assignment2.model.Cash@226b143b, assignment2.model.Cash@682bd3c4, assignment2.model.Cash@f2e4acf, assignment2.model.Cash@24097e9b, assignment2.model.Cash@5eb97ced, assignment2.model.Cash@68ba310d]
{5c=1, 10c=0, 20c=0, 50c=1, $1=1, $2=0, $5=1, $10=1, $20=0, $50=0, $100=0}
{5c=0, 10c=0, 20c=0, 50c=0, $1=0, $2=0, $5=0, $10=0, $20=0, $50=0, $100=0}
[assignment2.model.Cash@153f66e7, assignment2.model.Cash@7aad3f7d, assignment2.model.Cash@6f667ad1, assignment2.model.Cash@566d0c69, assignment2.model.Cash@388b401d, assignment2.model.Cash@2bcec6a6, assignment2.model.Cash@77a281fc, assignment2.model.Cash@4912d525, assignment2.model.Cash@2bfbffb2, assignment2.model.Cash@765df79d, assignment2.model.Cash@151335cb]
>>>>>>> 6025943a1f910ddcfd37170c6ab43d0c87acdc84
{5c=0, 10c=0, 20c=0, 50c=0, $1=1, $2=0, $5=1, $10=0, $20=1, $50=1, $100=2}
]]></system-out>
  <system-err><![CDATA[]]></system-err>
</testsuite>
