<?xml version="1.0" encoding="UTF-8"?>
<testsuite name="assignment2.LoginTest" tests="4" skipped="0" failures="0" errors="0" timestamp="2022-10-31T09:57:37" hostname="DESKTOP-Q9TS4JK" time="0.004">
  <properties/>
  <testcase name="loginTest()" classname="assignment2.LoginTest" time="0.001"/>
  <testcase name="addUserTest()" classname="assignment2.LoginTest" time="0.001"/>
  <testcase name="getAnonymousUser()" classname="assignment2.LoginTest" time="0.001"/>
  <testcase name="getUsersTest()" classname="assignment2.LoginTest" time="0.001"/>
  <system-out><![CDATA[Allen
Allen
]]></system-out>
  <system-err><![CDATA[]]></system-err>
</testsuite>
