<?xml version="1.0" encoding="UTF-8"?>
<testsuite name="assignment2.LastFiveProductsModelTest" tests="5" skipped="0" failures="0" errors="0" timestamp="2022-10-28T02:09:21" hostname="Kylies-MacBook-Pro.local" time="0.004">
  <properties/>
  <testcase name="getLastFiveProductsBoughtByUserTestExactlyFivePurchasesWithoutRepeats()" classname="assignment2.LastFiveProductsModelTest" time="0.001"/>
  <testcase name="getLastFiveProductsBoughtByUserTestMoreThanFivePurchases()" classname="assignment2.LastFiveProductsModelTest" time="0.001"/>
  <testcase name="getLastFiveProductsBoughtByUserTestEmpty()" classname="assignment2.LastFiveProductsModelTest" time="0.001"/>
  <testcase name="getLastFiveProductsBoughtByUserTestExactlyFivePurchasesWithRepeats()" classname="assignment2.LastFiveProductsModelTest" time="0.001"/>
  <testcase name="getLastFiveProductsBoughtByUserTestLessThanFivePurchases()" classname="assignment2.LastFiveProductsModelTest" time="0.0"/>
  <system-out><![CDATA[]]></system-out>
  <system-err><![CDATA[]]></system-err>
</testsuite>
