<?xml version="1.0" encoding="UTF-8"?>
<testsuite name="assignment2.CashPaymentTest" tests="12" skipped="0" failures="0" errors="0" timestamp="2022-10-26T12:30:54" hostname="Kylies-MBP" time="0.165">
  <properties/>
  <testcase name="cashValueCheck()" classname="assignment2.CashPaymentTest" time="0.116"/>
  <testcase name="multiplePayments()" classname="assignment2.CashPaymentTest" time="0.013"/>
  <testcase name="changeisNotSufficient()" classname="assignment2.CashPaymentTest" time="0.004"/>
  <testcase name="changeCoinsOnly()" classname="assignment2.CashPaymentTest" time="0.002"/>
  <testcase name="initialAmountCheck()" classname="assignment2.CashPaymentTest" time="0.001"/>
  <testcase name="NotEnoughPayment()" classname="assignment2.CashPaymentTest" time="0.002"/>
  <testcase name="calculateTotalPayment()" classname="assignment2.CashPaymentTest" time="0.002"/>
  <testcase name="smallChangeInsufficient()" classname="assignment2.CashPaymentTest" time="0.002"/>
  <testcase name="smallChangeRound()" classname="assignment2.CashPaymentTest" time="0.005"/>
  <testcase name="updateChangeList()" classname="assignment2.CashPaymentTest" time="0.003"/>
  <testcase name="changeNotesOnly()" classname="assignment2.CashPaymentTest" time="0.003"/>
  <testcase name="numberOfDifferentNotesandCoins()" classname="assignment2.CashPaymentTest" time="0.001"/>
  <system-out><![CDATA[[assignment2.model.Cash@710d7aff, assignment2.model.Cash@2d7e1102, assignment2.model.Cash@65327f5, assignment2.model.Cash@2adddc06, assignment2.model.Cash@301d8120, assignment2.model.Cash@6d367020, assignment2.model.Cash@72458efc, assignment2.model.Cash@36bc415e, assignment2.model.Cash@6a74d228, assignment2.model.Cash@349d0836, assignment2.model.Cash@6a714237]
[assignment2.model.Cash@710d7aff, assignment2.model.Cash@2d7e1102, assignment2.model.Cash@65327f5, assignment2.model.Cash@2adddc06, assignment2.model.Cash@301d8120, assignment2.model.Cash@6d367020, assignment2.model.Cash@72458efc, assignment2.model.Cash@36bc415e, assignment2.model.Cash@6a74d228, assignment2.model.Cash@349d0836, assignment2.model.Cash@6a714237]
[assignment2.model.Cash@710d7aff, assignment2.model.Cash@2d7e1102, assignment2.model.Cash@65327f5, assignment2.model.Cash@2adddc06, assignment2.model.Cash@301d8120, assignment2.model.Cash@6d367020, assignment2.model.Cash@72458efc, assignment2.model.Cash@36bc415e, assignment2.model.Cash@6a74d228, assignment2.model.Cash@349d0836, assignment2.model.Cash@6a714237]
[assignment2.model.Cash@710d7aff, assignment2.model.Cash@2d7e1102, assignment2.model.Cash@65327f5, assignment2.model.Cash@2adddc06, assignment2.model.Cash@301d8120, assignment2.model.Cash@6d367020, assignment2.model.Cash@72458efc, assignment2.model.Cash@36bc415e, assignment2.model.Cash@6a74d228, assignment2.model.Cash@349d0836, assignment2.model.Cash@6a714237]
[assignment2.model.Cash@1b9c1b51, assignment2.model.Cash@2e52fb3e, assignment2.model.Cash@16fe9c29, assignment2.model.Cash@3e9803c2, assignment2.model.Cash@4525d1d3, assignment2.model.Cash@7c974942, assignment2.model.Cash@1eea9d2d, assignment2.model.Cash@60921b21, assignment2.model.Cash@bd2f5a9, assignment2.model.Cash@4d4960c8, assignment2.model.Cash@7808fb9]
[assignment2.model.Cash@1b9c1b51, assignment2.model.Cash@2e52fb3e, assignment2.model.Cash@16fe9c29, assignment2.model.Cash@3e9803c2, assignment2.model.Cash@4525d1d3, assignment2.model.Cash@7c974942, assignment2.model.Cash@1eea9d2d, assignment2.model.Cash@60921b21, assignment2.model.Cash@bd2f5a9, assignment2.model.Cash@4d4960c8, assignment2.model.Cash@7808fb9]
[assignment2.model.Cash@6b580b88, assignment2.model.Cash@6d91790b, assignment2.model.Cash@6e6fce47, assignment2.model.Cash@47c64cfe, assignment2.model.Cash@6ce90bc5, assignment2.model.Cash@a567e72, assignment2.model.Cash@1a5b8489, assignment2.model.Cash@6f8f8a80, assignment2.model.Cash@4b1c0397, assignment2.model.Cash@72805168, assignment2.model.Cash@34b9fc7d]
[assignment2.model.Cash@6b580b88, assignment2.model.Cash@6d91790b, assignment2.model.Cash@6e6fce47, assignment2.model.Cash@47c64cfe, assignment2.model.Cash@6ce90bc5, assignment2.model.Cash@a567e72, assignment2.model.Cash@1a5b8489, assignment2.model.Cash@6f8f8a80, assignment2.model.Cash@4b1c0397, assignment2.model.Cash@72805168, assignment2.model.Cash@34b9fc7d]
[]
[]
[assignment2.model.Cash@71a3a190, assignment2.model.Cash@588ffeb, assignment2.model.Cash@7c28c1, assignment2.model.Cash@baf1bb3, assignment2.model.Cash@67ec8477, assignment2.model.Cash@25d958c6, assignment2.model.Cash@4482469c, assignment2.model.Cash@3703bf3c, assignment2.model.Cash@34cf5a97, assignment2.model.Cash@5b3f3ba0, assignment2.model.Cash@ddf20fd]
[assignment2.model.Cash@71a3a190, assignment2.model.Cash@588ffeb, assignment2.model.Cash@7c28c1, assignment2.model.Cash@baf1bb3, assignment2.model.Cash@67ec8477, assignment2.model.Cash@25d958c6, assignment2.model.Cash@4482469c, assignment2.model.Cash@3703bf3c, assignment2.model.Cash@34cf5a97, assignment2.model.Cash@5b3f3ba0, assignment2.model.Cash@ddf20fd]
[assignment2.model.Cash@278f8425, assignment2.model.Cash@695a69a1, assignment2.model.Cash@4b1abd11, assignment2.model.Cash@3f36b447, assignment2.model.Cash@6443b128, assignment2.model.Cash@5eeedb60, assignment2.model.Cash@40021799, assignment2.model.Cash@4a1c0752, assignment2.model.Cash@332f25c8, assignment2.model.Cash@1b32cd16, assignment2.model.Cash@4bdcaf36]
[assignment2.model.Cash@278f8425, assignment2.model.Cash@695a69a1, assignment2.model.Cash@4b1abd11, assignment2.model.Cash@3f36b447, assignment2.model.Cash@6443b128, assignment2.model.Cash@5eeedb60, assignment2.model.Cash@40021799, assignment2.model.Cash@4a1c0752, assignment2.model.Cash@332f25c8, assignment2.model.Cash@1b32cd16, assignment2.model.Cash@4bdcaf36]
[assignment2.model.Cash@61d01788, assignment2.model.Cash@2b9b7f1f, assignment2.model.Cash@264c5d07, assignment2.model.Cash@847f3e7, assignment2.model.Cash@69cac930, assignment2.model.Cash@19593091, assignment2.model.Cash@5d39f2d8, assignment2.model.Cash@6ad6fa53, assignment2.model.Cash@55ea2d70, assignment2.model.Cash@5e742e4, assignment2.model.Cash@175acfb2]
[assignment2.model.Cash@61d01788, assignment2.model.Cash@2b9b7f1f, assignment2.model.Cash@264c5d07, assignment2.model.Cash@847f3e7, assignment2.model.Cash@69cac930, assignment2.model.Cash@19593091, assignment2.model.Cash@5d39f2d8, assignment2.model.Cash@6ad6fa53, assignment2.model.Cash@55ea2d70, assignment2.model.Cash@5e742e4, assignment2.model.Cash@175acfb2]
[assignment2.model.Cash@4a03bb68, assignment2.model.Cash@4e868ef5, assignment2.model.Cash@71c905a3, assignment2.model.Cash@30af7377, assignment2.model.Cash@67a056f1, assignment2.model.Cash@1dab9dd6, assignment2.model.Cash@247667dd, assignment2.model.Cash@6f099cef, assignment2.model.Cash@afb5821, assignment2.model.Cash@4bff2185, assignment2.model.Cash@5c20ffa8]
[assignment2.model.Cash@4a03bb68, assignment2.model.Cash@4e868ef5, assignment2.model.Cash@71c905a3, assignment2.model.Cash@30af7377, assignment2.model.Cash@67a056f1, assignment2.model.Cash@1dab9dd6, assignment2.model.Cash@247667dd, assignment2.model.Cash@6f099cef, assignment2.model.Cash@afb5821, assignment2.model.Cash@4bff2185, assignment2.model.Cash@5c20ffa8]
]]></system-out>
  <system-err><![CDATA[]]></system-err>
</testsuite>
