<?xml version="1.0" encoding="UTF-8"?>
<testsuite name="assignment2.SellerDashboardTest" tests="3" skipped="0" failures="0" errors="0" timestamp="2022-10-26T10:38:11" hostname="DESKTOP-Q9TS4JK" time="0.095">
  <properties/>
  <testcase name="readAndWriteTransactionTest()" classname="assignment2.SellerDashboardTest" time="0.054"/>
  <testcase name="readAndWriteInventoryTest()" classname="assignment2.SellerDashboardTest" time="0.005"/>
  <testcase name="multipleTransactionsTest()" classname="assignment2.SellerDashboardTest" time="0.033"/>
  <system-out><![CDATA[[assignment2.model.User@8c12524, assignment2.model.User@f723cdb, assignment2.model.User@4844930a, assignment2.model.User@11f23203, assignment2.model.User@101bdd1c]
[assignment2.model.Cash@e91af20, assignment2.model.Cash@6221b13b, assignment2.model.Cash@62c3f556, assignment2.model.Cash@2cfe272f, assignment2.model.Cash@2f95653f, assignment2.model.Cash@4052b19f, assignment2.model.Cash@3dc68586, assignment2.model.Cash@60dc1a4e, assignment2.model.Cash@646427f7, assignment2.model.Cash@31efacad, assignment2.model.Cash@380ce5a3]
{assignment2.model.Product@38029686=2}
{assignment2.model.Product@7d9c45ee=2, assignment2.model.Product@38029686=2}
{assignment2.model.Product@7d9c45ee=2, assignment2.model.Product@38029686=2, assignment2.model.Product@31da0434=2}
{assignment2.model.Product@7d9c45ee=2, assignment2.model.Product@38029686=2, assignment2.model.Product@6e24ce51=2, assignment2.model.Product@31da0434=2}
{assignment2.model.Product@7d9c45ee=2, assignment2.model.Product@38029686=2, assignment2.model.Product@6e24ce51=2, assignment2.model.Product@423ed3b5=2, assignment2.model.Product@31da0434=2}
{assignment2.model.Product@7d9c45ee=2, assignment2.model.Product@38029686=2, assignment2.model.Product@6e24ce51=2, assignment2.model.Product@423ed3b5=2, assignment2.model.Product@5d124d29=2, assignment2.model.Product@31da0434=2}
{assignment2.model.Product@7d9c45ee=2, assignment2.model.Product@3c88191b=2, assignment2.model.Product@38029686=2, assignment2.model.Product@6e24ce51=2, assignment2.model.Product@423ed3b5=2, assignment2.model.Product@5d124d29=2, assignment2.model.Product@31da0434=2}
{assignment2.model.Product@7d9c45ee=2, assignment2.model.Product@3c88191b=2, assignment2.model.Product@38029686=2, assignment2.model.Product@6e24ce51=2, assignment2.model.Product@423ed3b5=2, assignment2.model.Product@5d124d29=2, assignment2.model.Product@74960e9d=2, assignment2.model.Product@31da0434=2}
{assignment2.model.Product@4001d8c1=2, assignment2.model.Product@7d9c45ee=2, assignment2.model.Product@3c88191b=2, assignment2.model.Product@38029686=2, assignment2.model.Product@6e24ce51=2, assignment2.model.Product@423ed3b5=2, assignment2.model.Product@5d124d29=2, assignment2.model.Product@74960e9d=2, assignment2.model.Product@31da0434=2}
{assignment2.model.Product@4001d8c1=2, assignment2.model.Product@7d9c45ee=2, assignment2.model.Product@3c88191b=2, assignment2.model.Product@38029686=2, assignment2.model.Product@6e24ce51=2, assignment2.model.Product@fb5aeed=2, assignment2.model.Product@423ed3b5=2, assignment2.model.Product@5d124d29=2, assignment2.model.Product@74960e9d=2, assignment2.model.Product@31da0434=2}
{assignment2.model.Product@4001d8c1=2, assignment2.model.Product@7d9c45ee=2, assignment2.model.Product@3c88191b=2, assignment2.model.Product@38029686=2, assignment2.model.Product@6e24ce51=2, assignment2.model.Product@fb5aeed=2, assignment2.model.Product@73893ec1=2, assignment2.model.Product@423ed3b5=2, assignment2.model.Product@5d124d29=2, assignment2.model.Product@74960e9d=2, assignment2.model.Product@31da0434=2}
{assignment2.model.Product@4001d8c1=2, assignment2.model.Product@7d9c45ee=2, assignment2.model.Product@3c88191b=2, assignment2.model.Product@38029686=2, assignment2.model.Product@37af24cb=2, assignment2.model.Product@6e24ce51=2, assignment2.model.Product@fb5aeed=2, assignment2.model.Product@73893ec1=2, assignment2.model.Product@423ed3b5=2, assignment2.model.Product@5d124d29=2, assignment2.model.Product@74960e9d=2, assignment2.model.Product@31da0434=2}
{assignment2.model.Product@4001d8c1=2, assignment2.model.Product@38029686=2, assignment2.model.Product@37af24cb=2, assignment2.model.Product@73893ec1=2, assignment2.model.Product@7926352f=2, assignment2.model.Product@423ed3b5=2, assignment2.model.Product@74960e9d=2, assignment2.model.Product@31da0434=2, assignment2.model.Product@7d9c45ee=2, assignment2.model.Product@3c88191b=2, assignment2.model.Product@6e24ce51=2, assignment2.model.Product@fb5aeed=2, assignment2.model.Product@5d124d29=2}
{assignment2.model.Product@4001d8c1=2, assignment2.model.Product@38029686=2, assignment2.model.Product@37af24cb=2, assignment2.model.Product@5bc63e20=2, assignment2.model.Product@73893ec1=2, assignment2.model.Product@7926352f=2, assignment2.model.Product@423ed3b5=2, assignment2.model.Product@74960e9d=2, assignment2.model.Product@31da0434=2, assignment2.model.Product@7d9c45ee=2, assignment2.model.Product@3c88191b=2, assignment2.model.Product@6e24ce51=2, assignment2.model.Product@fb5aeed=2, assignment2.model.Product@5d124d29=2}
{assignment2.model.Product@4001d8c1=2, assignment2.model.Product@38029686=2, assignment2.model.Product@37af24cb=2, assignment2.model.Product@5bc63e20=2, assignment2.model.Product@73893ec1=2, assignment2.model.Product@7926352f=2, assignment2.model.Product@423ed3b5=2, assignment2.model.Product@74960e9d=2, assignment2.model.Product@61037caf=2, assignment2.model.Product@31da0434=2, assignment2.model.Product@7d9c45ee=2, assignment2.model.Product@3c88191b=2, assignment2.model.Product@6e24ce51=2, assignment2.model.Product@fb5aeed=2, assignment2.model.Product@5d124d29=2}
{assignment2.model.Product@4001d8c1=2, assignment2.model.Product@38029686=2, assignment2.model.Product@37af24cb=2, assignment2.model.Product@5bc63e20=2, assignment2.model.Product@73893ec1=2, assignment2.model.Product@7926352f=2, assignment2.model.Product@423ed3b5=2, assignment2.model.Product@74960e9d=2, assignment2.model.Product@61037caf=2, assignment2.model.Product@31da0434=2, assignment2.model.Product@7d9c45ee=2, assignment2.model.Product@3c88191b=2, assignment2.model.Product@6e24ce51=2, assignment2.model.Product@fb5aeed=2, assignment2.model.Product@5d124d29=2, assignment2.model.Product@2fc49538=2}
[assignment2.model.User@20cff21e, assignment2.model.User@463045fb, assignment2.model.User@27ab206, assignment2.model.User@3344d163, assignment2.model.User@6cc48a17]
[assignment2.model.Cash@289f15e9, assignment2.model.Cash@7f22687e, assignment2.model.Cash@6af87130, assignment2.model.Cash@22a4ca4a, assignment2.model.Cash@72c4a3aa, assignment2.model.Cash@1e495414, assignment2.model.Cash@3711c71c, assignment2.model.Cash@33e3bd2e, assignment2.model.Cash@646d810b, assignment2.model.Cash@30508066, assignment2.model.Cash@9408857]
{assignment2.model.Product@27e44e9c=2}
{assignment2.model.Product@27e44e9c=2, assignment2.model.Product@2f09e6b2=2}
{assignment2.model.Product@27e44e9c=2, assignment2.model.Product@2f09e6b2=2, assignment2.model.Product@1bee0085=2}
{assignment2.model.Product@27e44e9c=2, assignment2.model.Product@2f09e6b2=2, assignment2.model.Product@1bee0085=2, assignment2.model.Product@16e1219f=2}
{assignment2.model.Product@13f40d71=2, assignment2.model.Product@27e44e9c=2, assignment2.model.Product@2f09e6b2=2, assignment2.model.Product@1bee0085=2, assignment2.model.Product@16e1219f=2}
{assignment2.model.Product@73a845cb=2, assignment2.model.Product@13f40d71=2, assignment2.model.Product@27e44e9c=2, assignment2.model.Product@2f09e6b2=2, assignment2.model.Product@1bee0085=2, assignment2.model.Product@16e1219f=2}
{assignment2.model.Product@73a845cb=2, assignment2.model.Product@13f40d71=2, assignment2.model.Product@27e44e9c=2, assignment2.model.Product@18a98913=2, assignment2.model.Product@2f09e6b2=2, assignment2.model.Product@1bee0085=2, assignment2.model.Product@16e1219f=2}
{assignment2.model.Product@73a845cb=2, assignment2.model.Product@13f40d71=2, assignment2.model.Product@27e44e9c=2, assignment2.model.Product@18a98913=2, assignment2.model.Product@2f09e6b2=2, assignment2.model.Product@1bee0085=2, assignment2.model.Product@7dbae40=2, assignment2.model.Product@16e1219f=2}
{assignment2.model.Product@73a845cb=2, assignment2.model.Product@13f40d71=2, assignment2.model.Product@27e44e9c=2, assignment2.model.Product@34f7b44f=2, assignment2.model.Product@18a98913=2, assignment2.model.Product@2f09e6b2=2, assignment2.model.Product@1bee0085=2, assignment2.model.Product@7dbae40=2, assignment2.model.Product@16e1219f=2}
{assignment2.model.Product@73a845cb=2, assignment2.model.Product@13f40d71=2, assignment2.model.Product@5403907=2, assignment2.model.Product@27e44e9c=2, assignment2.model.Product@34f7b44f=2, assignment2.model.Product@18a98913=2, assignment2.model.Product@2f09e6b2=2, assignment2.model.Product@1bee0085=2, assignment2.model.Product@7dbae40=2, assignment2.model.Product@16e1219f=2}
{assignment2.model.Product@73a845cb=2, assignment2.model.Product@13f40d71=2, assignment2.model.Product@5403907=2, assignment2.model.Product@27e44e9c=2, assignment2.model.Product@34f7b44f=2, assignment2.model.Product@5175d9ad=2, assignment2.model.Product@18a98913=2, assignment2.model.Product@2f09e6b2=2, assignment2.model.Product@1bee0085=2, assignment2.model.Product@7dbae40=2, assignment2.model.Product@16e1219f=2}
{assignment2.model.Product@73a845cb=2, assignment2.model.Product@13f40d71=2, assignment2.model.Product@5403907=2, assignment2.model.Product@27e44e9c=2, assignment2.model.Product@34f7b44f=2, assignment2.model.Product@5175d9ad=2, assignment2.model.Product@18a98913=2, assignment2.model.Product@2f09e6b2=2, assignment2.model.Product@1bee0085=2, assignment2.model.Product@7dbae40=2, assignment2.model.Product@b06d46d=2, assignment2.model.Product@16e1219f=2}
{assignment2.model.Product@73a845cb=2, assignment2.model.Product@13f40d71=2, assignment2.model.Product@5403907=2, assignment2.model.Product@1bee0085=2, assignment2.model.Product@b06d46d=2, assignment2.model.Product@25a5c8e=2, assignment2.model.Product@27e44e9c=2, assignment2.model.Product@34f7b44f=2, assignment2.model.Product@5175d9ad=2, assignment2.model.Product@18a98913=2, assignment2.model.Product@2f09e6b2=2, assignment2.model.Product@7dbae40=2, assignment2.model.Product@16e1219f=2}
{assignment2.model.Product@73a845cb=2, assignment2.model.Product@13f40d71=2, assignment2.model.Product@5403907=2, assignment2.model.Product@1bee0085=2, assignment2.model.Product@b06d46d=2, assignment2.model.Product@25a5c8e=2, assignment2.model.Product@656c5c3=2, assignment2.model.Product@27e44e9c=2, assignment2.model.Product@34f7b44f=2, assignment2.model.Product@5175d9ad=2, assignment2.model.Product@18a98913=2, assignment2.model.Product@2f09e6b2=2, assignment2.model.Product@7dbae40=2, assignment2.model.Product@16e1219f=2}
{assignment2.model.Product@73a845cb=2, assignment2.model.Product@7911cc15=2, assignment2.model.Product@13f40d71=2, assignment2.model.Product@5403907=2, assignment2.model.Product@1bee0085=2, assignment2.model.Product@b06d46d=2, assignment2.model.Product@25a5c8e=2, assignment2.model.Product@656c5c3=2, assignment2.model.Product@27e44e9c=2, assignment2.model.Product@34f7b44f=2, assignment2.model.Product@5175d9ad=2, assignment2.model.Product@18a98913=2, assignment2.model.Product@2f09e6b2=2, assignment2.model.Product@7dbae40=2, assignment2.model.Product@16e1219f=2}
{assignment2.model.Product@73a845cb=2, assignment2.model.Product@7911cc15=2, assignment2.model.Product@13f40d71=2, assignment2.model.Product@5403907=2, assignment2.model.Product@1bee0085=2, assignment2.model.Product@b06d46d=2, assignment2.model.Product@4409cae6=2, assignment2.model.Product@25a5c8e=2, assignment2.model.Product@656c5c3=2, assignment2.model.Product@27e44e9c=2, assignment2.model.Product@34f7b44f=2, assignment2.model.Product@5175d9ad=2, assignment2.model.Product@18a98913=2, assignment2.model.Product@2f09e6b2=2, assignment2.model.Product@7dbae40=2, assignment2.model.Product@16e1219f=2}
{assignment2.model.Product@27e44e9c=3}
{assignment2.model.Product@27e44e9c=3, assignment2.model.Product@2f09e6b2=3}
{assignment2.model.Product@27e44e9c=3, assignment2.model.Product@2f09e6b2=3, assignment2.model.Product@1bee0085=3}
{assignment2.model.Product@27e44e9c=3, assignment2.model.Product@2f09e6b2=3, assignment2.model.Product@1bee0085=3, assignment2.model.Product@16e1219f=3}
{assignment2.model.Product@13f40d71=3, assignment2.model.Product@27e44e9c=3, assignment2.model.Product@2f09e6b2=3, assignment2.model.Product@1bee0085=3, assignment2.model.Product@16e1219f=3}
{assignment2.model.Product@73a845cb=3, assignment2.model.Product@13f40d71=3, assignment2.model.Product@27e44e9c=3, assignment2.model.Product@2f09e6b2=3, assignment2.model.Product@1bee0085=3, assignment2.model.Product@16e1219f=3}
{assignment2.model.Product@73a845cb=3, assignment2.model.Product@13f40d71=3, assignment2.model.Product@27e44e9c=3, assignment2.model.Product@18a98913=3, assignment2.model.Product@2f09e6b2=3, assignment2.model.Product@1bee0085=3, assignment2.model.Product@16e1219f=3}
{assignment2.model.Product@73a845cb=3, assignment2.model.Product@13f40d71=3, assignment2.model.Product@27e44e9c=3, assignment2.model.Product@18a98913=3, assignment2.model.Product@2f09e6b2=3, assignment2.model.Product@1bee0085=3, assignment2.model.Product@7dbae40=3, assignment2.model.Product@16e1219f=3}
{assignment2.model.Product@73a845cb=3, assignment2.model.Product@13f40d71=3, assignment2.model.Product@27e44e9c=3, assignment2.model.Product@34f7b44f=3, assignment2.model.Product@18a98913=3, assignment2.model.Product@2f09e6b2=3, assignment2.model.Product@1bee0085=3, assignment2.model.Product@7dbae40=3, assignment2.model.Product@16e1219f=3}
{assignment2.model.Product@73a845cb=3, assignment2.model.Product@13f40d71=3, assignment2.model.Product@5403907=3, assignment2.model.Product@27e44e9c=3, assignment2.model.Product@34f7b44f=3, assignment2.model.Product@18a98913=3, assignment2.model.Product@2f09e6b2=3, assignment2.model.Product@1bee0085=3, assignment2.model.Product@7dbae40=3, assignment2.model.Product@16e1219f=3}
{assignment2.model.Product@73a845cb=3, assignment2.model.Product@13f40d71=3, assignment2.model.Product@5403907=3, assignment2.model.Product@27e44e9c=3, assignment2.model.Product@34f7b44f=3, assignment2.model.Product@5175d9ad=3, assignment2.model.Product@18a98913=3, assignment2.model.Product@2f09e6b2=3, assignment2.model.Product@1bee0085=3, assignment2.model.Product@7dbae40=3, assignment2.model.Product@16e1219f=3}
{assignment2.model.Product@73a845cb=3, assignment2.model.Product@13f40d71=3, assignment2.model.Product@5403907=3, assignment2.model.Product@27e44e9c=3, assignment2.model.Product@34f7b44f=3, assignment2.model.Product@5175d9ad=3, assignment2.model.Product@18a98913=3, assignment2.model.Product@2f09e6b2=3, assignment2.model.Product@1bee0085=3, assignment2.model.Product@7dbae40=3, assignment2.model.Product@b06d46d=3, assignment2.model.Product@16e1219f=3}
{assignment2.model.Product@73a845cb=3, assignment2.model.Product@13f40d71=3, assignment2.model.Product@5403907=3, assignment2.model.Product@1bee0085=3, assignment2.model.Product@b06d46d=3, assignment2.model.Product@25a5c8e=3, assignment2.model.Product@27e44e9c=3, assignment2.model.Product@34f7b44f=3, assignment2.model.Product@5175d9ad=3, assignment2.model.Product@18a98913=3, assignment2.model.Product@2f09e6b2=3, assignment2.model.Product@7dbae40=3, assignment2.model.Product@16e1219f=3}
{assignment2.model.Product@73a845cb=3, assignment2.model.Product@13f40d71=3, assignment2.model.Product@5403907=3, assignment2.model.Product@1bee0085=3, assignment2.model.Product@b06d46d=3, assignment2.model.Product@25a5c8e=3, assignment2.model.Product@656c5c3=3, assignment2.model.Product@27e44e9c=3, assignment2.model.Product@34f7b44f=3, assignment2.model.Product@5175d9ad=3, assignment2.model.Product@18a98913=3, assignment2.model.Product@2f09e6b2=3, assignment2.model.Product@7dbae40=3, assignment2.model.Product@16e1219f=3}
{assignment2.model.Product@73a845cb=3, assignment2.model.Product@7911cc15=3, assignment2.model.Product@13f40d71=3, assignment2.model.Product@5403907=3, assignment2.model.Product@1bee0085=3, assignment2.model.Product@b06d46d=3, assignment2.model.Product@25a5c8e=3, assignment2.model.Product@656c5c3=3, assignment2.model.Product@27e44e9c=3, assignment2.model.Product@34f7b44f=3, assignment2.model.Product@5175d9ad=3, assignment2.model.Product@18a98913=3, assignment2.model.Product@2f09e6b2=3, assignment2.model.Product@7dbae40=3, assignment2.model.Product@16e1219f=3}
{assignment2.model.Product@73a845cb=3, assignment2.model.Product@7911cc15=3, assignment2.model.Product@13f40d71=3, assignment2.model.Product@5403907=3, assignment2.model.Product@1bee0085=3, assignment2.model.Product@b06d46d=3, assignment2.model.Product@4409cae6=3, assignment2.model.Product@25a5c8e=3, assignment2.model.Product@656c5c3=3, assignment2.model.Product@27e44e9c=3, assignment2.model.Product@34f7b44f=3, assignment2.model.Product@5175d9ad=3, assignment2.model.Product@18a98913=3, assignment2.model.Product@2f09e6b2=3, assignment2.model.Product@7dbae40=3, assignment2.model.Product@16e1219f=3}
{assignment2.model.Product@27e44e9c=5}
{assignment2.model.Product@27e44e9c=5, assignment2.model.Product@2f09e6b2=5}
{assignment2.model.Product@27e44e9c=5, assignment2.model.Product@2f09e6b2=5, assignment2.model.Product@1bee0085=5}
{assignment2.model.Product@27e44e9c=5, assignment2.model.Product@2f09e6b2=5, assignment2.model.Product@1bee0085=5, assignment2.model.Product@16e1219f=5}
{assignment2.model.Product@13f40d71=5, assignment2.model.Product@27e44e9c=5, assignment2.model.Product@2f09e6b2=5, assignment2.model.Product@1bee0085=5, assignment2.model.Product@16e1219f=5}
{assignment2.model.Product@73a845cb=5, assignment2.model.Product@13f40d71=5, assignment2.model.Product@27e44e9c=5, assignment2.model.Product@2f09e6b2=5, assignment2.model.Product@1bee0085=5, assignment2.model.Product@16e1219f=5}
{assignment2.model.Product@73a845cb=5, assignment2.model.Product@13f40d71=5, assignment2.model.Product@27e44e9c=5, assignment2.model.Product@18a98913=5, assignment2.model.Product@2f09e6b2=5, assignment2.model.Product@1bee0085=5, assignment2.model.Product@16e1219f=5}
{assignment2.model.Product@73a845cb=5, assignment2.model.Product@13f40d71=5, assignment2.model.Product@27e44e9c=5, assignment2.model.Product@18a98913=5, assignment2.model.Product@2f09e6b2=5, assignment2.model.Product@1bee0085=5, assignment2.model.Product@7dbae40=5, assignment2.model.Product@16e1219f=5}
{assignment2.model.Product@73a845cb=5, assignment2.model.Product@13f40d71=5, assignment2.model.Product@27e44e9c=5, assignment2.model.Product@34f7b44f=5, assignment2.model.Product@18a98913=5, assignment2.model.Product@2f09e6b2=5, assignment2.model.Product@1bee0085=5, assignment2.model.Product@7dbae40=5, assignment2.model.Product@16e1219f=5}
{assignment2.model.Product@73a845cb=5, assignment2.model.Product@13f40d71=5, assignment2.model.Product@5403907=5, assignment2.model.Product@27e44e9c=5, assignment2.model.Product@34f7b44f=5, assignment2.model.Product@18a98913=5, assignment2.model.Product@2f09e6b2=5, assignment2.model.Product@1bee0085=5, assignment2.model.Product@7dbae40=5, assignment2.model.Product@16e1219f=5}
{assignment2.model.Product@73a845cb=5, assignment2.model.Product@13f40d71=5, assignment2.model.Product@5403907=5, assignment2.model.Product@27e44e9c=5, assignment2.model.Product@34f7b44f=5, assignment2.model.Product@5175d9ad=5, assignment2.model.Product@18a98913=5, assignment2.model.Product@2f09e6b2=5, assignment2.model.Product@1bee0085=5, assignment2.model.Product@7dbae40=5, assignment2.model.Product@16e1219f=5}
{assignment2.model.Product@73a845cb=5, assignment2.model.Product@13f40d71=5, assignment2.model.Product@5403907=5, assignment2.model.Product@27e44e9c=5, assignment2.model.Product@34f7b44f=5, assignment2.model.Product@5175d9ad=5, assignment2.model.Product@18a98913=5, assignment2.model.Product@2f09e6b2=5, assignment2.model.Product@1bee0085=5, assignment2.model.Product@7dbae40=5, assignment2.model.Product@b06d46d=5, assignment2.model.Product@16e1219f=5}
{assignment2.model.Product@73a845cb=5, assignment2.model.Product@13f40d71=5, assignment2.model.Product@5403907=5, assignment2.model.Product@1bee0085=5, assignment2.model.Product@b06d46d=5, assignment2.model.Product@25a5c8e=5, assignment2.model.Product@27e44e9c=5, assignment2.model.Product@34f7b44f=5, assignment2.model.Product@5175d9ad=5, assignment2.model.Product@18a98913=5, assignment2.model.Product@2f09e6b2=5, assignment2.model.Product@7dbae40=5, assignment2.model.Product@16e1219f=5}
{assignment2.model.Product@73a845cb=5, assignment2.model.Product@13f40d71=5, assignment2.model.Product@5403907=5, assignment2.model.Product@1bee0085=5, assignment2.model.Product@b06d46d=5, assignment2.model.Product@25a5c8e=5, assignment2.model.Product@656c5c3=5, assignment2.model.Product@27e44e9c=5, assignment2.model.Product@34f7b44f=5, assignment2.model.Product@5175d9ad=5, assignment2.model.Product@18a98913=5, assignment2.model.Product@2f09e6b2=5, assignment2.model.Product@7dbae40=5, assignment2.model.Product@16e1219f=5}
{assignment2.model.Product@73a845cb=5, assignment2.model.Product@7911cc15=5, assignment2.model.Product@13f40d71=5, assignment2.model.Product@5403907=5, assignment2.model.Product@1bee0085=5, assignment2.model.Product@b06d46d=5, assignment2.model.Product@25a5c8e=5, assignment2.model.Product@656c5c3=5, assignment2.model.Product@27e44e9c=5, assignment2.model.Product@34f7b44f=5, assignment2.model.Product@5175d9ad=5, assignment2.model.Product@18a98913=5, assignment2.model.Product@2f09e6b2=5, assignment2.model.Product@7dbae40=5, assignment2.model.Product@16e1219f=5}
{assignment2.model.Product@73a845cb=5, assignment2.model.Product@7911cc15=5, assignment2.model.Product@13f40d71=5, assignment2.model.Product@5403907=5, assignment2.model.Product@1bee0085=5, assignment2.model.Product@b06d46d=5, assignment2.model.Product@4409cae6=5, assignment2.model.Product@25a5c8e=5, assignment2.model.Product@656c5c3=5, assignment2.model.Product@27e44e9c=5, assignment2.model.Product@34f7b44f=5, assignment2.model.Product@5175d9ad=5, assignment2.model.Product@18a98913=5, assignment2.model.Product@2f09e6b2=5, assignment2.model.Product@7dbae40=5, assignment2.model.Product@16e1219f=5}
]]></system-out>
  <system-err><![CDATA[]]></system-err>
</testsuite>
