<?xml version="1.0" encoding="UTF-8"?>
<testsuite name="assignment2.CsvParserTest" tests="1" skipped="0" failures="0" errors="0" timestamp="2022-11-01T10:57:09" hostname="Kylies-MBP" time="0.361">
  <properties/>
  <testcase name="updateAndGetCancelledTransaction()" classname="assignment2.CsvParserTest" time="0.361"/>
  <system-out><![CDATA[]]></system-out>
  <system-err><![CDATA[]]></system-err>
</testsuite>
