<?xml version="1.0" encoding="UTF-8"?>
<testsuite name="assignment2.LoginTest" tests="4" skipped="0" failures="0" errors="0" timestamp="2022-10-26T11:13:14" hostname="Kylies-MBP" time="0.003">
  <properties/>
  <testcase name="loginTest()" classname="assignment2.LoginTest" time="0.001"/>
  <testcase name="addUserTest()" classname="assignment2.LoginTest" time="0.001"/>
  <testcase name="getAnonymousUser()" classname="assignment2.LoginTest" time="0.0"/>
  <testcase name="getUsersTest()" classname="assignment2.LoginTest" time="0.0"/>
  <system-out><![CDATA[Allen
Allen
]]></system-out>
  <system-err><![CDATA[]]></system-err>
</testsuite>
