<?xml version="1.0" encoding="UTF-8"?>
<testsuite name="assignment2.LastFiveProductsModelTest" tests="4" skipped="0" failures="0" errors="0" timestamp="2022-10-21T12:48:15" hostname="Williams-MBP" time="0.005">
  <properties/>
  <testcase name="getLastFiveProductsBoughtByUserTestMoreThanFivePurchases()" classname="assignment2.LastFiveProductsModelTest" time="0.003"/>
  <testcase name="getLastFiveProductsBoughtByUserTestEmpty()" classname="assignment2.LastFiveProductsModelTest" time="0.001"/>
  <testcase name="getLastFiveProductsBoughtByUserTestLessThanFivePurchases()" classname="assignment2.LastFiveProductsModelTest" time="0.0"/>
  <testcase name="getLastFiveProductsBoughtByUserTestExactlyFivePurchases()" classname="assignment2.LastFiveProductsModelTest" time="0.001"/>
  <system-out><![CDATA[]]></system-out>
  <system-err><![CDATA[]]></system-err>
</testsuite>
