<?xml version="1.0" encoding="UTF-8"?>
<testsuite name="assignment2.CashPaymentTest" tests="12" skipped="0" failures="0" errors="0" timestamp="2022-10-26T09:09:33" hostname="DESKTOP-Q9TS4JK" time="0.096">
  <properties/>
  <testcase name="cashValueCheck()" classname="assignment2.CashPaymentTest" time="0.037"/>
  <testcase name="multiplePayments()" classname="assignment2.CashPaymentTest" time="0.013"/>
  <testcase name="changeisNotSufficient()" classname="assignment2.CashPaymentTest" time="0.006"/>
  <testcase name="changeCoinsOnly()" classname="assignment2.CashPaymentTest" time="0.004"/>
  <testcase name="initialAmountCheck()" classname="assignment2.CashPaymentTest" time="0.002"/>
  <testcase name="NotEnoughPayment()" classname="assignment2.CashPaymentTest" time="0.001"/>
  <testcase name="calculateTotalPayment()" classname="assignment2.CashPaymentTest" time="0.001"/>
  <testcase name="smallChangeInsufficient()" classname="assignment2.CashPaymentTest" time="0.002"/>
  <testcase name="smallChangeRound()" classname="assignment2.CashPaymentTest" time="0.005"/>
  <testcase name="updateChangeList()" classname="assignment2.CashPaymentTest" time="0.004"/>
  <testcase name="changeNotesOnly()" classname="assignment2.CashPaymentTest" time="0.004"/>
  <testcase name="numberOfDifferentNotesandCoins()" classname="assignment2.CashPaymentTest" time="0.002"/>
  <system-out><![CDATA[[assignment2.model.Cash@114a5e0, assignment2.model.Cash@4f281aaf, assignment2.model.Cash@5d508d22, assignment2.model.Cash@f2b90fc, assignment2.model.Cash@2bb41f5c, assignment2.model.Cash@24c685e7, assignment2.model.Cash@7da635c0, assignment2.model.Cash@2ed9f6f8, assignment2.model.Cash@251c4280, assignment2.model.Cash@35650279, assignment2.model.Cash@79a13920]
[assignment2.model.Cash@6dca31eb, assignment2.model.Cash@4a058df8, assignment2.model.Cash@4b56b031, assignment2.model.Cash@2e7af36e, assignment2.model.Cash@1283ca23, assignment2.model.Cash@740fefc6, assignment2.model.Cash@aa61e4e, assignment2.model.Cash@733e6df7, assignment2.model.Cash@7fe07361, assignment2.model.Cash@741ac284, assignment2.model.Cash@4ef4f627]
[assignment2.model.Cash@6dca31eb, assignment2.model.Cash@4a058df8, assignment2.model.Cash@4b56b031, assignment2.model.Cash@2e7af36e, assignment2.model.Cash@1283ca23, assignment2.model.Cash@740fefc6, assignment2.model.Cash@aa61e4e, assignment2.model.Cash@733e6df7, assignment2.model.Cash@7fe07361, assignment2.model.Cash@741ac284, assignment2.model.Cash@4ef4f627]
[assignment2.model.Cash@6dca31eb, assignment2.model.Cash@4a058df8, assignment2.model.Cash@4b56b031, assignment2.model.Cash@2e7af36e, assignment2.model.Cash@1283ca23, assignment2.model.Cash@740fefc6, assignment2.model.Cash@aa61e4e, assignment2.model.Cash@733e6df7, assignment2.model.Cash@7fe07361, assignment2.model.Cash@741ac284, assignment2.model.Cash@4ef4f627]
[assignment2.model.Cash@6dca31eb, assignment2.model.Cash@4a058df8, assignment2.model.Cash@4b56b031, assignment2.model.Cash@2e7af36e, assignment2.model.Cash@1283ca23, assignment2.model.Cash@740fefc6, assignment2.model.Cash@aa61e4e, assignment2.model.Cash@733e6df7, assignment2.model.Cash@7fe07361, assignment2.model.Cash@741ac284, assignment2.model.Cash@4ef4f627]
[assignment2.model.Cash@6dca31eb, assignment2.model.Cash@4a058df8, assignment2.model.Cash@4b56b031, assignment2.model.Cash@2e7af36e, assignment2.model.Cash@1283ca23, assignment2.model.Cash@740fefc6, assignment2.model.Cash@aa61e4e, assignment2.model.Cash@733e6df7, assignment2.model.Cash@7fe07361, assignment2.model.Cash@741ac284, assignment2.model.Cash@4ef4f627]
[assignment2.model.Cash@49cd946c, assignment2.model.Cash@40bf4386, assignment2.model.Cash@14d25b6e, assignment2.model.Cash@51c65a43, assignment2.model.Cash@740dcae3, assignment2.model.Cash@4e140497, assignment2.model.Cash@481b2f10, assignment2.model.Cash@2b6c7012, assignment2.model.Cash@31acfd4e, assignment2.model.Cash@5f726750, assignment2.model.Cash@4e80a001]
[assignment2.model.Cash@49cd946c, assignment2.model.Cash@40bf4386, assignment2.model.Cash@14d25b6e, assignment2.model.Cash@51c65a43, assignment2.model.Cash@740dcae3, assignment2.model.Cash@4e140497, assignment2.model.Cash@481b2f10, assignment2.model.Cash@2b6c7012, assignment2.model.Cash@31acfd4e, assignment2.model.Cash@5f726750, assignment2.model.Cash@4e80a001]
[assignment2.model.Cash@49cd946c, assignment2.model.Cash@40bf4386, assignment2.model.Cash@14d25b6e, assignment2.model.Cash@51c65a43, assignment2.model.Cash@740dcae3, assignment2.model.Cash@4e140497, assignment2.model.Cash@481b2f10, assignment2.model.Cash@2b6c7012, assignment2.model.Cash@31acfd4e, assignment2.model.Cash@5f726750, assignment2.model.Cash@4e80a001]
[assignment2.model.Cash@739265f1, assignment2.model.Cash@58eac00e, assignment2.model.Cash@6acffb2d, assignment2.model.Cash@61149fa5, assignment2.model.Cash@149c39b, assignment2.model.Cash@f2d890c, assignment2.model.Cash@1a2e0d57, assignment2.model.Cash@5f025000, assignment2.model.Cash@10980560, assignment2.model.Cash@739e8b96, assignment2.model.Cash@19b07407]
[assignment2.model.Cash@739265f1, assignment2.model.Cash@58eac00e, assignment2.model.Cash@6acffb2d, assignment2.model.Cash@61149fa5, assignment2.model.Cash@149c39b, assignment2.model.Cash@f2d890c, assignment2.model.Cash@1a2e0d57, assignment2.model.Cash@5f025000, assignment2.model.Cash@10980560, assignment2.model.Cash@739e8b96, assignment2.model.Cash@19b07407]
[assignment2.model.Cash@739265f1, assignment2.model.Cash@58eac00e, assignment2.model.Cash@6acffb2d, assignment2.model.Cash@61149fa5, assignment2.model.Cash@149c39b, assignment2.model.Cash@f2d890c, assignment2.model.Cash@1a2e0d57, assignment2.model.Cash@5f025000, assignment2.model.Cash@10980560, assignment2.model.Cash@739e8b96, assignment2.model.Cash@19b07407]
[assignment2.model.Cash@54ffa561, assignment2.model.Cash@49c099b, assignment2.model.Cash@3d9f0a5, assignment2.model.Cash@1953bc95, assignment2.model.Cash@30aec673, assignment2.model.Cash@549ac12c, assignment2.model.Cash@188a5fc2, assignment2.model.Cash@1cb9ef52, assignment2.model.Cash@5a622fe8, assignment2.model.Cash@58f31629, assignment2.model.Cash@124d26ba]
[assignment2.model.Cash@415d88de, assignment2.model.Cash@a0bf272, assignment2.model.Cash@4a89ef44, assignment2.model.Cash@310a7859, assignment2.model.Cash@1cbc1dde, assignment2.model.Cash@4971f459, assignment2.model.Cash@4c07d1fc, assignment2.model.Cash@2eada095, assignment2.model.Cash@52831a73, assignment2.model.Cash@1416ff46, assignment2.model.Cash@66ec4409]
[assignment2.model.Cash@4c531172, assignment2.model.Cash@489bc8fd, assignment2.model.Cash@5ac53c06, assignment2.model.Cash@54af3cb9, assignment2.model.Cash@236fdf, assignment2.model.Cash@16e99306, assignment2.model.Cash@653fb8d1, assignment2.model.Cash@48581a3b, assignment2.model.Cash@531ec978, assignment2.model.Cash@93501be, assignment2.model.Cash@11d4d979]
[]
[]
[]
[assignment2.model.Cash@2a140ce5, assignment2.model.Cash@1f71194d, assignment2.model.Cash@db99785, assignment2.model.Cash@70716259, assignment2.model.Cash@7a083b96, assignment2.model.Cash@6da4feeb, assignment2.model.Cash@2c604965, assignment2.model.Cash@57f8951a, assignment2.model.Cash@6c17c0f8, assignment2.model.Cash@260e3837, assignment2.model.Cash@88b76f2]
[assignment2.model.Cash@2a140ce5, assignment2.model.Cash@1f71194d, assignment2.model.Cash@db99785, assignment2.model.Cash@70716259, assignment2.model.Cash@7a083b96, assignment2.model.Cash@6da4feeb, assignment2.model.Cash@2c604965, assignment2.model.Cash@57f8951a, assignment2.model.Cash@6c17c0f8, assignment2.model.Cash@260e3837, assignment2.model.Cash@88b76f2]
[assignment2.model.Cash@2a140ce5, assignment2.model.Cash@1f71194d, assignment2.model.Cash@db99785, assignment2.model.Cash@70716259, assignment2.model.Cash@7a083b96, assignment2.model.Cash@6da4feeb, assignment2.model.Cash@2c604965, assignment2.model.Cash@57f8951a, assignment2.model.Cash@6c17c0f8, assignment2.model.Cash@260e3837, assignment2.model.Cash@88b76f2]
[assignment2.model.Cash@1b4872bc, assignment2.model.Cash@498a612d, assignment2.model.Cash@1e1237ab, assignment2.model.Cash@4dfdfe7d, assignment2.model.Cash@1578b8ec, assignment2.model.Cash@f613067, assignment2.model.Cash@c1e14f, assignment2.model.Cash@226de93c, assignment2.model.Cash@72028a45, assignment2.model.Cash@74667e6a, assignment2.model.Cash@7b222230]
[assignment2.model.Cash@1b4872bc, assignment2.model.Cash@498a612d, assignment2.model.Cash@1e1237ab, assignment2.model.Cash@4dfdfe7d, assignment2.model.Cash@1578b8ec, assignment2.model.Cash@f613067, assignment2.model.Cash@c1e14f, assignment2.model.Cash@226de93c, assignment2.model.Cash@72028a45, assignment2.model.Cash@74667e6a, assignment2.model.Cash@7b222230]
[assignment2.model.Cash@1b4872bc, assignment2.model.Cash@498a612d, assignment2.model.Cash@1e1237ab, assignment2.model.Cash@4dfdfe7d, assignment2.model.Cash@1578b8ec, assignment2.model.Cash@f613067, assignment2.model.Cash@c1e14f, assignment2.model.Cash@226de93c, assignment2.model.Cash@72028a45, assignment2.model.Cash@74667e6a, assignment2.model.Cash@7b222230]
[assignment2.model.Cash@364b1061, assignment2.model.Cash@50fdf44f, assignment2.model.Cash@172f4514, assignment2.model.Cash@7df6d663, assignment2.model.Cash@13d019a4, assignment2.model.Cash@2c30c81d, assignment2.model.Cash@415a3f6a, assignment2.model.Cash@a54acec, assignment2.model.Cash@19da993b, assignment2.model.Cash@3380ca3d, assignment2.model.Cash@23310248]
[assignment2.model.Cash@364b1061, assignment2.model.Cash@50fdf44f, assignment2.model.Cash@172f4514, assignment2.model.Cash@7df6d663, assignment2.model.Cash@13d019a4, assignment2.model.Cash@2c30c81d, assignment2.model.Cash@415a3f6a, assignment2.model.Cash@a54acec, assignment2.model.Cash@19da993b, assignment2.model.Cash@3380ca3d, assignment2.model.Cash@23310248]
[assignment2.model.Cash@364b1061, assignment2.model.Cash@50fdf44f, assignment2.model.Cash@172f4514, assignment2.model.Cash@7df6d663, assignment2.model.Cash@13d019a4, assignment2.model.Cash@2c30c81d, assignment2.model.Cash@415a3f6a, assignment2.model.Cash@a54acec, assignment2.model.Cash@19da993b, assignment2.model.Cash@3380ca3d, assignment2.model.Cash@23310248]
[assignment2.model.Cash@c2df90e, assignment2.model.Cash@41f3aaf1, assignment2.model.Cash@741741d0, assignment2.model.Cash@5f9f3e58, assignment2.model.Cash@3c19592c, assignment2.model.Cash@60e1d87c, assignment2.model.Cash@2eb60c71, assignment2.model.Cash@87d9a01, assignment2.model.Cash@7e5b621b, assignment2.model.Cash@10177794, assignment2.model.Cash@e5c2463]
[assignment2.model.Cash@c2df90e, assignment2.model.Cash@41f3aaf1, assignment2.model.Cash@741741d0, assignment2.model.Cash@5f9f3e58, assignment2.model.Cash@3c19592c, assignment2.model.Cash@60e1d87c, assignment2.model.Cash@2eb60c71, assignment2.model.Cash@87d9a01, assignment2.model.Cash@7e5b621b, assignment2.model.Cash@10177794, assignment2.model.Cash@e5c2463]
[assignment2.model.Cash@c2df90e, assignment2.model.Cash@41f3aaf1, assignment2.model.Cash@741741d0, assignment2.model.Cash@5f9f3e58, assignment2.model.Cash@3c19592c, assignment2.model.Cash@60e1d87c, assignment2.model.Cash@2eb60c71, assignment2.model.Cash@87d9a01, assignment2.model.Cash@7e5b621b, assignment2.model.Cash@10177794, assignment2.model.Cash@e5c2463]
[assignment2.model.Cash@6a950a3b, assignment2.model.Cash@4f7be6c8, assignment2.model.Cash@647b9364, assignment2.model.Cash@b6bccb4, assignment2.model.Cash@49edcb30, assignment2.model.Cash@59303963, assignment2.model.Cash@61e86192, assignment2.model.Cash@34330f77, assignment2.model.Cash@1320e68a, assignment2.model.Cash@4b033eac, assignment2.model.Cash@69c532af]
]]></system-out>
  <system-err><![CDATA[]]></system-err>
</testsuite>
