<?xml version="1.0" encoding="UTF-8"?>
<testsuite name="assignment2.CSVFileParserTest" tests="5" skipped="0" failures="0" errors="0" timestamp="2022-11-03T04:23:18" hostname="DESKTOP-Q9TS4JK" time="0.379">
  <properties/>
  <testcase name="getCancelledTransactionsEmpty()" classname="assignment2.CSVFileParserTest" time="0.024"/>
  <testcase name="readAndWriteInventoryTest()" classname="assignment2.CSVFileParserTest" time="0.105"/>
  <testcase name="readAndWriteCashierTransactionTest()" classname="assignment2.CSVFileParserTest" time="0.173"/>
  <testcase name="readAndWriteSellerTransactionTest()" classname="assignment2.CSVFileParserTest" time="0.066"/>
  <testcase name="updateAndGetCancelledTransaction()" classname="assignment2.CSVFileParserTest" time="0.008"/>
  <system-out><![CDATA[2
2
2
2
2
2
2
2
2
2
2
2
2
2
2
[]
[[314, Thins, 2], [211, Mars, 2], [313, Kettle, 2], [114, Pepsi, 2], [115, Juice, 2], [411, Mentos, 2], [213, Bounty, 2], [311, Smiths, 2], [212, M&M, 2], [413, Skittles, 2], [214, Snickers, 2], [412, Sour Patch, 2], [312, Pringles, 2], [111, Mineral Water, 2], [112, Sprite, 2]]
2
2
2
2
2
2
2
2
2
2
2
2
2
2
2
[]
[[312, Pringles, 2], [314, Thins, 2], [112, Sprite, 2], [114, Pepsi, 2], [211, Mars, 2], [411, Mentos, 2], [212, M&M, 2], [214, Snickers, 2], [115, Juice, 2], [412, Sour Patch, 2], [311, Smiths, 2], [213, Bounty, 2], [111, Mineral Water, 2], [313, Kettle, 2], [413, Skittles, 2]]
]]></system-out>
  <system-err><![CDATA[]]></system-err>
</testsuite>
