<?xml version="1.0" encoding="UTF-8"?>
<testsuite name="assignment2.CSVFileParserTest" tests="5" skipped="0" failures="0" errors="0" timestamp="2022-11-04T10:55:46" hostname="Kylies-MBP" time="0.448">
  <properties/>
  <testcase name="getCancelledTransactionsEmpty()" classname="assignment2.CSVFileParserTest" time="0.028"/>
  <testcase name="readAndWriteInventoryTest()" classname="assignment2.CSVFileParserTest" time="0.086"/>
  <testcase name="readAndWriteCashierTransactionTest()" classname="assignment2.CSVFileParserTest" time="0.213"/>
  <testcase name="readAndWriteSellerTransactionTest()" classname="assignment2.CSVFileParserTest" time="0.11"/>
  <testcase name="updateAndGetCancelledTransaction()" classname="assignment2.CSVFileParserTest" time="0.006"/>
  <system-out><![CDATA[]]></system-out>
  <system-err><![CDATA[]]></system-err>
</testsuite>
