<?xml version="1.0" encoding="UTF-8"?>
<testsuite name="assignment2.CardPaymentTest" tests="2" skipped="0" failures="0" errors="0" timestamp="2022-11-03T08:58:24" hostname="Chius-MacBook-Pro.local" time="0.024">
  <properties/>
  <testcase name="paymentProcessTest()" classname="assignment2.CardPaymentTest" time="0.019"/>
  <testcase name="saveCardTest()" classname="assignment2.CardPaymentTest" time="0.004"/>
  <system-out><![CDATA[assignment2.model.CardUser@7e7f0f0a
]]></system-out>
  <system-err><![CDATA[]]></system-err>
</testsuite>
