<?xml version="1.0" encoding="UTF-8"?>
<testsuite name="assignment2.InventoryModelTest" tests="2" skipped="0" failures="0" errors="0" timestamp="2022-10-25T07:40:09" hostname="Chius-MacBook-Pro.local" time="0.073">
  <properties/>
  <testcase name="getCategoriesTest()" classname="assignment2.InventoryModelTest" time="0.064"/>
  <testcase name="getProductsToDisplayTest()" classname="assignment2.InventoryModelTest" time="0.006"/>
  <system-out><![CDATA[]]></system-out>
  <system-err><![CDATA[]]></system-err>
</testsuite>
