<?xml version="1.0" encoding="UTF-8"?>
<<<<<<< HEAD
<testsuite name="assignment2.LastFiveProductsModelTest" tests="5" skipped="0" failures="0" errors="0" timestamp="2022-10-28T05:12:50" hostname="vlan-2657-10-19-211-228.student.wireless.sydney.edu.au" time="0.016">
  <properties/>
  <testcase name="getLastFiveProductsBoughtByUserTestExactlyFivePurchasesWithoutRepeats()" classname="assignment2.LastFiveProductsModelTest" time="0.011"/>
  <testcase name="getLastFiveProductsBoughtByUserTestMoreThanFivePurchases()" classname="assignment2.LastFiveProductsModelTest" time="0.001"/>
  <testcase name="getLastFiveProductsBoughtByUserTestEmpty()" classname="assignment2.LastFiveProductsModelTest" time="0.0"/>
  <testcase name="getLastFiveProductsBoughtByUserTestExactlyFivePurchasesWithRepeats()" classname="assignment2.LastFiveProductsModelTest" time="0.0"/>
=======
<testsuite name="assignment2.LastFiveProductsModelTest" tests="5" skipped="0" failures="0" errors="0" timestamp="2022-11-01T11:49:42" hostname="Kylies-MBP" time="0.01">
  <properties/>
  <testcase name="getLastFiveProductsBoughtByUserTestExactlyFivePurchasesWithoutRepeats()" classname="assignment2.LastFiveProductsModelTest" time="0.006"/>
  <testcase name="getLastFiveProductsBoughtByUserTestMoreThanFivePurchases()" classname="assignment2.LastFiveProductsModelTest" time="0.0"/>
  <testcase name="getLastFiveProductsBoughtByUserTestEmpty()" classname="assignment2.LastFiveProductsModelTest" time="0.0"/>
  <testcase name="getLastFiveProductsBoughtByUserTestExactlyFivePurchasesWithRepeats()" classname="assignment2.LastFiveProductsModelTest" time="0.001"/>
>>>>>>> 6025943a1f910ddcfd37170c6ab43d0c87acdc84
  <testcase name="getLastFiveProductsBoughtByUserTestLessThanFivePurchases()" classname="assignment2.LastFiveProductsModelTest" time="0.001"/>
  <system-out><![CDATA[]]></system-out>
  <system-err><![CDATA[]]></system-err>
</testsuite>
