<?xml version="1.0" encoding="UTF-8"?>
<testsuite name="assignment2.CashPaymentTest" tests="12" skipped="0" failures="0" errors="0" timestamp="2022-10-28T02:28:13" hostname="Kylies-MacBook-Pro.local" time="0.068">
  <properties/>
  <testcase name="cashValueCheck()" classname="assignment2.CashPaymentTest" time="0.023"/>
  <testcase name="multiplePayments()" classname="assignment2.CashPaymentTest" time="0.012"/>
  <testcase name="changeisNotSufficient()" classname="assignment2.CashPaymentTest" time="0.004"/>
  <testcase name="changeCoinsOnly()" classname="assignment2.CashPaymentTest" time="0.002"/>
  <testcase name="initialAmountCheck()" classname="assignment2.CashPaymentTest" time="0.001"/>
  <testcase name="NotEnoughPayment()" classname="assignment2.CashPaymentTest" time="0.002"/>
  <testcase name="calculateTotalPayment()" classname="assignment2.CashPaymentTest" time="0.0"/>
  <testcase name="smallChangeInsufficient()" classname="assignment2.CashPaymentTest" time="0.001"/>
  <testcase name="smallChangeRound()" classname="assignment2.CashPaymentTest" time="0.005"/>
  <testcase name="updateChangeList()" classname="assignment2.CashPaymentTest" time="0.002"/>
  <testcase name="changeNotesOnly()" classname="assignment2.CashPaymentTest" time="0.002"/>
  <testcase name="numberOfDifferentNotesandCoins()" classname="assignment2.CashPaymentTest" time="0.001"/>
  <system-out><![CDATA[{5c=0, 10c=0, 20c=0, 50c=0, $1=0, $2=0, $5=0, $10=0, $20=0, $50=0, $100=0}
[assignment2.model.Cash@5328a9c1, assignment2.model.Cash@5b78fdb1, assignment2.model.Cash@48bfb884, assignment2.model.Cash@11653e3b, assignment2.model.Cash@715fb77, assignment2.model.Cash@1b9c1b51, assignment2.model.Cash@2e52fb3e, assignment2.model.Cash@16fe9c29, assignment2.model.Cash@3e9803c2, assignment2.model.Cash@4525d1d3, assignment2.model.Cash@7c974942]
{5c=1, 10c=0, 20c=2, 50c=1, $1=0, $2=0, $5=1, $10=0, $20=2, $50=1, $100=1}
{5c=0, 10c=0, 20c=0, 50c=0, $1=0, $2=0, $5=0, $10=0, $20=0, $50=0, $100=0}
[assignment2.model.Cash@5328a9c1, assignment2.model.Cash@5b78fdb1, assignment2.model.Cash@48bfb884, assignment2.model.Cash@11653e3b, assignment2.model.Cash@715fb77, assignment2.model.Cash@1b9c1b51, assignment2.model.Cash@2e52fb3e, assignment2.model.Cash@16fe9c29, assignment2.model.Cash@3e9803c2, assignment2.model.Cash@4525d1d3, assignment2.model.Cash@7c974942]
{5c=0, 10c=1, 20c=0, 50c=1, $1=1, $2=0, $5=0, $10=0, $20=0, $50=0, $100=3}
{5c=0, 10c=0, 20c=0, 50c=0, $1=0, $2=0, $5=0, $10=0, $20=0, $50=0, $100=0}
[assignment2.model.Cash@4a1c0752, assignment2.model.Cash@332f25c8, assignment2.model.Cash@1b32cd16, assignment2.model.Cash@4bdcaf36, assignment2.model.Cash@61d01788, assignment2.model.Cash@2b9b7f1f, assignment2.model.Cash@264c5d07, assignment2.model.Cash@847f3e7, assignment2.model.Cash@69cac930, assignment2.model.Cash@19593091, assignment2.model.Cash@5d39f2d8]
{5c=0, 10c=0, 20c=0, 50c=0, $1=0, $2=0, $5=0, $10=0, $20=0, $50=0, $100=0}
[assignment2.model.Cash@55ea2d70, assignment2.model.Cash@5e742e4, assignment2.model.Cash@175acfb2, assignment2.model.Cash@4a03bb68, assignment2.model.Cash@4e868ef5, assignment2.model.Cash@71c905a3, assignment2.model.Cash@30af7377, assignment2.model.Cash@67a056f1, assignment2.model.Cash@1dab9dd6, assignment2.model.Cash@247667dd, assignment2.model.Cash@6f099cef]
{5c=1, 10c=1, 20c=1, 50c=0, $1=0, $2=0, $5=0, $10=0, $20=0, $50=0, $100=0}
{5c=0, 10c=0, 20c=0, 50c=0, $1=0, $2=0, $5=0, $10=0, $20=0, $50=0, $100=0}
{5c=0, 10c=0, 20c=0, 50c=0, $1=0, $2=0, $5=0, $10=0, $20=0, $50=0, $100=0}
[]
{5c=0, 10c=0, 20c=0, 50c=0, $1=0, $2=0, $5=0, $10=0, $20=0, $50=0, $100=0}
[assignment2.model.Cash@1d4664d7, assignment2.model.Cash@46c00568, assignment2.model.Cash@56ccd751, assignment2.model.Cash@458544e0, assignment2.model.Cash@6bcbf05b, assignment2.model.Cash@2d66530f, assignment2.model.Cash@1d207fad, assignment2.model.Cash@72ed9aad, assignment2.model.Cash@4690f583, assignment2.model.Cash@59712875, assignment2.model.Cash@47b2e9e1]
{5c=1, 10c=0, 20c=0, 50c=0, $1=0, $2=0, $5=0, $10=0, $20=0, $50=0, $100=0}
{5c=0, 10c=0, 20c=0, 50c=0, $1=0, $2=0, $5=0, $10=0, $20=0, $50=0, $100=0}
[assignment2.model.Cash@59942b48, assignment2.model.Cash@1869f114, assignment2.model.Cash@488b50ec, assignment2.model.Cash@18a645fd, assignment2.model.Cash@6090f3ca, assignment2.model.Cash@37a64f9d, assignment2.model.Cash@25b865b5, assignment2.model.Cash@f9b5552, assignment2.model.Cash@6872f9c8, assignment2.model.Cash@6d2d99fc, assignment2.model.Cash@bdecc21]
{5c=0, 10c=0, 20c=0, 50c=0, $1=0, $2=0, $5=0, $10=0, $20=0, $50=0, $100=0}
{5c=0, 10c=0, 20c=0, 50c=0, $1=0, $2=0, $5=0, $10=0, $20=0, $50=0, $100=0}
[assignment2.model.Cash@5e3a39cd, assignment2.model.Cash@21f9277b, assignment2.model.Cash@201aa8c1, assignment2.model.Cash@5d58c727, assignment2.model.Cash@52a36910, assignment2.model.Cash@3a095ec0, assignment2.model.Cash@4f20a5e0, assignment2.model.Cash@54da32dc, assignment2.model.Cash@1d782abe, assignment2.model.Cash@6df7988f, assignment2.model.Cash@27b22f74]
{5c=1, 10c=0, 20c=0, 50c=1, $1=1, $2=0, $5=1, $10=1, $20=0, $50=0, $100=0}
{5c=0, 10c=0, 20c=0, 50c=0, $1=0, $2=0, $5=0, $10=0, $20=0, $50=0, $100=0}
[assignment2.model.Cash@22fba58c, assignment2.model.Cash@7e8a46b7, assignment2.model.Cash@2fe88a09, assignment2.model.Cash@1917d90f, assignment2.model.Cash@66bfd864, assignment2.model.Cash@4aac85fa, assignment2.model.Cash@21fff664, assignment2.model.Cash@6079cf5, assignment2.model.Cash@1e6308a9, assignment2.model.Cash@30cecdca, assignment2.model.Cash@6edc4161]
{5c=0, 10c=0, 20c=0, 50c=0, $1=1, $2=0, $5=1, $10=0, $20=1, $50=1, $100=2}
]]></system-out>
  <system-err><![CDATA[]]></system-err>
</testsuite>
