<?xml version="1.0" encoding="UTF-8"?>
<testsuite name="assignment2.InventoryModelTest" tests="2" skipped="0" failures="0" errors="0" timestamp="2022-10-23T02:19:57" hostname="Kylies-MBP" time="0.003">
  <properties/>
  <testcase name="getCategoriesTest()" classname="assignment2.InventoryModelTest" time="0.001"/>
  <testcase name="getProductsToDisplayTest()" classname="assignment2.InventoryModelTest" time="0.001"/>
  <system-out><![CDATA[]]></system-out>
  <system-err><![CDATA[]]></system-err>
</testsuite>
