<?xml version="1.0" encoding="UTF-8"?>
<testsuite name="assignment2.SellerDashboardTest" tests="2" skipped="0" failures="0" errors="0" timestamp="2022-10-26T09:09:33" hostname="DESKTOP-Q9TS4JK" time="0.046">
  <properties/>
  <testcase name="ReadAndWriteTransactionTest()" classname="assignment2.SellerDashboardTest" time="0.042"/>
  <testcase name="ReadAndWriteInventoryTest()" classname="assignment2.SellerDashboardTest" time="0.003"/>
  <system-out><![CDATA[[assignment2.model.User@21a46ff1, assignment2.model.User@11b5f4e2, assignment2.model.User@6bcae9, assignment2.model.User@5aa781f2, assignment2.model.User@58feb6b0]
[assignment2.model.Cash@66d25ba9, assignment2.model.Cash@3830f918, assignment2.model.Cash@5efe47fd, assignment2.model.Cash@739831a4, assignment2.model.Cash@7e3236d, assignment2.model.Cash@38a4e2b0, assignment2.model.Cash@14c99bf6, assignment2.model.Cash@266e9dda, assignment2.model.Cash@38883a31, assignment2.model.Cash@27a6fef2, assignment2.model.Cash@7fe8c7db]
{assignment2.model.Product@2dba05b1=2}
{assignment2.model.Product@2dba05b1=2, assignment2.model.Product@541afb85=2}
{assignment2.model.Product@445bce9a=2, assignment2.model.Product@2dba05b1=2, assignment2.model.Product@541afb85=2}
{assignment2.model.Product@445bce9a=2, assignment2.model.Product@7db40fd5=2, assignment2.model.Product@2dba05b1=2, assignment2.model.Product@541afb85=2}
{assignment2.model.Product@445bce9a=2, assignment2.model.Product@7db40fd5=2, assignment2.model.Product@5e1a5f=2, assignment2.model.Product@2dba05b1=2, assignment2.model.Product@541afb85=2}
{assignment2.model.Product@445bce9a=2, assignment2.model.Product@7db40fd5=2, assignment2.model.Product@5e1a5f=2, assignment2.model.Product@31b0f02=2, assignment2.model.Product@2dba05b1=2, assignment2.model.Product@541afb85=2}
{assignment2.model.Product@445bce9a=2, assignment2.model.Product@7db40fd5=2, assignment2.model.Product@5e1a5f=2, assignment2.model.Product@31b0f02=2, assignment2.model.Product@2dba05b1=2, assignment2.model.Product@19ae2ee5=2, assignment2.model.Product@541afb85=2}
{assignment2.model.Product@445bce9a=2, assignment2.model.Product@7db40fd5=2, assignment2.model.Product@5e1a5f=2, assignment2.model.Product@31b0f02=2, assignment2.model.Product@2dba05b1=2, assignment2.model.Product@19ae2ee5=2, assignment2.model.Product@44b940a2=2, assignment2.model.Product@541afb85=2}
{assignment2.model.Product@445bce9a=2, assignment2.model.Product@7db40fd5=2, assignment2.model.Product@5e1a5f=2, assignment2.model.Product@31b0f02=2, assignment2.model.Product@2dba05b1=2, assignment2.model.Product@19ae2ee5=2, assignment2.model.Product@44b940a2=2, assignment2.model.Product@34c53688=2, assignment2.model.Product@541afb85=2}
{assignment2.model.Product@6ffd4c0d=2, assignment2.model.Product@445bce9a=2, assignment2.model.Product@7db40fd5=2, assignment2.model.Product@5e1a5f=2, assignment2.model.Product@31b0f02=2, assignment2.model.Product@2dba05b1=2, assignment2.model.Product@19ae2ee5=2, assignment2.model.Product@44b940a2=2, assignment2.model.Product@34c53688=2, assignment2.model.Product@541afb85=2}
{assignment2.model.Product@6ffd4c0d=2, assignment2.model.Product@445bce9a=2, assignment2.model.Product@7db40fd5=2, assignment2.model.Product@5e1a5f=2, assignment2.model.Product@31b0f02=2, assignment2.model.Product@2dba05b1=2, assignment2.model.Product@19ae2ee5=2, assignment2.model.Product@44b940a2=2, assignment2.model.Product@34c53688=2, assignment2.model.Product@74c9e11=2, assignment2.model.Product@541afb85=2}
{assignment2.model.Product@6ffd4c0d=2, assignment2.model.Product@445bce9a=2, assignment2.model.Product@7db40fd5=2, assignment2.model.Product@5e1a5f=2, assignment2.model.Product@9fe720a=2, assignment2.model.Product@31b0f02=2, assignment2.model.Product@2dba05b1=2, assignment2.model.Product@19ae2ee5=2, assignment2.model.Product@44b940a2=2, assignment2.model.Product@34c53688=2, assignment2.model.Product@74c9e11=2, assignment2.model.Product@541afb85=2}
{assignment2.model.Product@445bce9a=2, assignment2.model.Product@7db40fd5=2, assignment2.model.Product@5e1a5f=2, assignment2.model.Product@2dba05b1=2, assignment2.model.Product@19ae2ee5=2, assignment2.model.Product@34c53688=2, assignment2.model.Product@6ffd4c0d=2, assignment2.model.Product@9fe720a=2, assignment2.model.Product@31b0f02=2, assignment2.model.Product@149274cb=2, assignment2.model.Product@44b940a2=2, assignment2.model.Product@74c9e11=2, assignment2.model.Product@541afb85=2}
{assignment2.model.Product@445bce9a=2, assignment2.model.Product@7db40fd5=2, assignment2.model.Product@5e1a5f=2, assignment2.model.Product@2dba05b1=2, assignment2.model.Product@19ae2ee5=2, assignment2.model.Product@34c53688=2, assignment2.model.Product@6ffd4c0d=2, assignment2.model.Product@9fe720a=2, assignment2.model.Product@31b0f02=2, assignment2.model.Product@149274cb=2, assignment2.model.Product@118acf70=2, assignment2.model.Product@44b940a2=2, assignment2.model.Product@74c9e11=2, assignment2.model.Product@541afb85=2}
{assignment2.model.Product@445bce9a=2, assignment2.model.Product@7db40fd5=2, assignment2.model.Product@5e1a5f=2, assignment2.model.Product@2dba05b1=2, assignment2.model.Product@19ae2ee5=2, assignment2.model.Product@34c53688=2, assignment2.model.Product@6ffd4c0d=2, assignment2.model.Product@72557746=2, assignment2.model.Product@9fe720a=2, assignment2.model.Product@31b0f02=2, assignment2.model.Product@149274cb=2, assignment2.model.Product@118acf70=2, assignment2.model.Product@44b940a2=2, assignment2.model.Product@74c9e11=2, assignment2.model.Product@541afb85=2}
{assignment2.model.Product@445bce9a=2, assignment2.model.Product@7db40fd5=2, assignment2.model.Product@5e1a5f=2, assignment2.model.Product@8c12524=2, assignment2.model.Product@2dba05b1=2, assignment2.model.Product@19ae2ee5=2, assignment2.model.Product@34c53688=2, assignment2.model.Product@6ffd4c0d=2, assignment2.model.Product@72557746=2, assignment2.model.Product@9fe720a=2, assignment2.model.Product@31b0f02=2, assignment2.model.Product@149274cb=2, assignment2.model.Product@118acf70=2, assignment2.model.Product@44b940a2=2, assignment2.model.Product@74c9e11=2, assignment2.model.Product@541afb85=2}
]]></system-out>
  <system-err><![CDATA[]]></system-err>
</testsuite>
