<?xml version="1.0" encoding="UTF-8"?>
<testsuite name="assignment2.JsonParserTest" tests="6" skipped="0" failures="0" errors="0" timestamp="2022-10-18T10:32:05" hostname="Kylies-MBP" time="0.036">
  <properties/>
  <testcase name="getUsersEmptyFile()" classname="assignment2.JsonParserTest" time="0.004"/>
  <testcase name="getUsersValidFile()" classname="assignment2.JsonParserTest" time="0.008"/>
  <testcase name="getUsersFileDoesNotExist()" classname="assignment2.JsonParserTest" time="0.003"/>
  <testcase name="updateUsersValidListWithPurchases()" classname="assignment2.JsonParserTest" time="0.01"/>
  <testcase name="updateUsersValidListNoPurchases()" classname="assignment2.JsonParserTest" time="0.002"/>
  <testcase name="updateUsersEmptyList()" classname="assignment2.JsonParserTest" time="0.002"/>
  <system-out><![CDATA[]]></system-out>
  <system-err><![CDATA[]]></system-err>
</testsuite>
