<?xml version="1.0" encoding="UTF-8"?>
<testsuite name="assignment2.CashPaymentTest" tests="12" skipped="0" failures="0" errors="0" timestamp="2022-10-20T11:30:30" hostname="DESKTOP-Q9TS4JK" time="0.072">
  <properties/>
  <testcase name="cashValueCheck()" classname="assignment2.CashPaymentTest" time="0.022"/>
  <testcase name="multiplePayments()" classname="assignment2.CashPaymentTest" time="0.013"/>
  <testcase name="changeisNotSufficient()" classname="assignment2.CashPaymentTest" time="0.004"/>
  <testcase name="changeCoinsOnly()" classname="assignment2.CashPaymentTest" time="0.004"/>
  <testcase name="initialAmountCheck()" classname="assignment2.CashPaymentTest" time="0.001"/>
  <testcase name="NotEnoughPayment()" classname="assignment2.CashPaymentTest" time="0.001"/>
  <testcase name="calculateTotalPayment()" classname="assignment2.CashPaymentTest" time="0.0"/>
  <testcase name="smallChangeInsufficient()" classname="assignment2.CashPaymentTest" time="0.001"/>
  <testcase name="smallChangeRound()" classname="assignment2.CashPaymentTest" time="0.006"/>
  <testcase name="updateChangeList()" classname="assignment2.CashPaymentTest" time="0.003"/>
  <testcase name="changeNotesOnly()" classname="assignment2.CashPaymentTest" time="0.003"/>
  <testcase name="numberOfDifferentNotesandCoins()" classname="assignment2.CashPaymentTest" time="0.001"/>
  <system-out><![CDATA[95.96
45.96
5.96
5.96
0.96
0.96
0.96
0.46
0.06
0.06
0.01
1.61
1.61
1.61
1.61
1.61
1.61
0.61
0.11
0.11
0.01
0.01
88.0
88.0
88.0
88.0
88.0
88.0
88.0
88.0
88.0
88.0
88.0
0.35
0.35
0.35
0.35
0.35
0.35
0.35
0.35
0.15
0.05
0.0
0.04000000000000001
0.04000000000000001
0.04000000000000001
0.04000000000000001
0.04000000000000001
0.04000000000000001
0.04000000000000001
0.04000000000000001
0.04000000000000001
0.04000000000000001
0.04000000000000001
0.020000000000000004
0.020000000000000004
0.020000000000000004
0.020000000000000004
0.020000000000000004
0.020000000000000004
0.020000000000000004
0.020000000000000004
0.020000000000000004
0.020000000000000004
0.020000000000000004
16.549999999999997
16.549999999999997
16.549999999999997
6.55
1.55
1.55
0.55
0.05
0.05
0.05
0.0
76.0
26.0
6.0
6.0
1.0
1.0
0.0
0.0
0.0
0.0
0.0
]]></system-out>
  <system-err><![CDATA[]]></system-err>
</testsuite>
