<?xml version="1.0" encoding="UTF-8"?>
<testsuite name="assignment2.CSVFileParserTest" tests="2" skipped="0" failures="0" errors="0" timestamp="2022-11-01T11:49:42" hostname="Kylies-MBP" time="0.066">
  <properties/>
  <testcase name="getCancelledTransactionsEmpty()" classname="assignment2.CSVFileParserTest" time="0.028"/>
  <testcase name="updateAndGetCancelledTransaction()" classname="assignment2.CSVFileParserTest" time="0.037"/>
  <system-out><![CDATA[]]></system-out>
  <system-err><![CDATA[]]></system-err>
</testsuite>
