<?xml version="1.0" encoding="UTF-8"?>
<testsuite name="assignment2.CashPaymentTest" tests="12" skipped="0" failures="0" errors="0" timestamp="2022-10-31T09:57:37" hostname="DESKTOP-Q9TS4JK" time="0.08">
  <properties/>
  <testcase name="cashValueCheck()" classname="assignment2.CashPaymentTest" time="0.025"/>
  <testcase name="multiplePayments()" classname="assignment2.CashPaymentTest" time="0.013"/>
  <testcase name="changeisNotSufficient()" classname="assignment2.CashPaymentTest" time="0.004"/>
  <testcase name="changeCoinsOnly()" classname="assignment2.CashPaymentTest" time="0.004"/>
  <testcase name="initialAmountCheck()" classname="assignment2.CashPaymentTest" time="0.001"/>
  <testcase name="NotEnoughPayment()" classname="assignment2.CashPaymentTest" time="0.002"/>
  <testcase name="calculateTotalPayment()" classname="assignment2.CashPaymentTest" time="0.002"/>
  <testcase name="smallChangeInsufficient()" classname="assignment2.CashPaymentTest" time="0.001"/>
  <testcase name="smallChangeRound()" classname="assignment2.CashPaymentTest" time="0.005"/>
  <testcase name="updateChangeList()" classname="assignment2.CashPaymentTest" time="0.003"/>
  <testcase name="changeNotesOnly()" classname="assignment2.CashPaymentTest" time="0.002"/>
  <testcase name="numberOfDifferentNotesandCoins()" classname="assignment2.CashPaymentTest" time="0.002"/>
  <system-out><![CDATA[{5c=0, 10c=0, 20c=0, 50c=0, $1=0, $2=0, $5=0, $10=0, $20=0, $50=0, $100=0}
[assignment2.model.Cash@415795f3, assignment2.model.Cash@2fe2965c, assignment2.model.Cash@3375ebd3, assignment2.model.Cash@40943a6, assignment2.model.Cash@798cb6d9, assignment2.model.Cash@42679fc2, assignment2.model.Cash@5e50df2e, assignment2.model.Cash@100aa331, assignment2.model.Cash@c2cf597, assignment2.model.Cash@724bf25f, assignment2.model.Cash@2abafa97]
{5c=1, 10c=0, 20c=2, 50c=1, $1=0, $2=0, $5=1, $10=0, $20=2, $50=1, $100=1}
{5c=0, 10c=0, 20c=0, 50c=0, $1=0, $2=0, $5=0, $10=0, $20=0, $50=0, $100=0}
[assignment2.model.Cash@415795f3, assignment2.model.Cash@2fe2965c, assignment2.model.Cash@3375ebd3, assignment2.model.Cash@40943a6, assignment2.model.Cash@798cb6d9, assignment2.model.Cash@42679fc2, assignment2.model.Cash@5e50df2e, assignment2.model.Cash@100aa331, assignment2.model.Cash@c2cf597, assignment2.model.Cash@724bf25f, assignment2.model.Cash@2abafa97]
{5c=0, 10c=1, 20c=0, 50c=1, $1=1, $2=0, $5=0, $10=0, $20=0, $50=0, $100=3}
{5c=0, 10c=0, 20c=0, 50c=0, $1=0, $2=0, $5=0, $10=0, $20=0, $50=0, $100=0}
[assignment2.model.Cash@6b8d54da, assignment2.model.Cash@79957f11, assignment2.model.Cash@217235f5, assignment2.model.Cash@4b41587d, assignment2.model.Cash@4aebee4b, assignment2.model.Cash@18d47df0, assignment2.model.Cash@28393e82, assignment2.model.Cash@697a0948, assignment2.model.Cash@7cf63b9a, assignment2.model.Cash@4776e209, assignment2.model.Cash@265a094b]
{5c=0, 10c=0, 20c=0, 50c=0, $1=0, $2=0, $5=0, $10=0, $20=0, $50=0, $100=0}
[assignment2.model.Cash@5234b61a, assignment2.model.Cash@22a260ff, assignment2.model.Cash@54c425b1, assignment2.model.Cash@50b734c4, assignment2.model.Cash@2744dcae, assignment2.model.Cash@16d0e521, assignment2.model.Cash@634ca3e7, assignment2.model.Cash@ab4aa5e, assignment2.model.Cash@b14b60a, assignment2.model.Cash@1a7cb3a4, assignment2.model.Cash@1c297897]
{5c=1, 10c=1, 20c=1, 50c=0, $1=0, $2=0, $5=0, $10=0, $20=0, $50=0, $100=0}
{5c=0, 10c=0, 20c=0, 50c=0, $1=0, $2=0, $5=0, $10=0, $20=0, $50=0, $100=0}
{5c=0, 10c=0, 20c=0, 50c=0, $1=0, $2=0, $5=0, $10=0, $20=0, $50=0, $100=0}
[]
{5c=0, 10c=0, 20c=0, 50c=0, $1=0, $2=0, $5=0, $10=0, $20=0, $50=0, $100=0}
[assignment2.model.Cash@491cafec, assignment2.model.Cash@cbd40c1, assignment2.model.Cash@4fa86cb8, assignment2.model.Cash@54c60202, assignment2.model.Cash@7889b4b9, assignment2.model.Cash@1e545821, assignment2.model.Cash@12952aff, assignment2.model.Cash@76a7fcbd, assignment2.model.Cash@433ea2ac, assignment2.model.Cash@7f977fba, assignment2.model.Cash@446e7065]
{5c=1, 10c=0, 20c=0, 50c=0, $1=0, $2=0, $5=0, $10=0, $20=0, $50=0, $100=0}
{5c=0, 10c=0, 20c=0, 50c=0, $1=0, $2=0, $5=0, $10=0, $20=0, $50=0, $100=0}
[assignment2.model.Cash@d653e41, assignment2.model.Cash@3b78c683, assignment2.model.Cash@7f5614f9, assignment2.model.Cash@480cbe2e, assignment2.model.Cash@6c3f1658, assignment2.model.Cash@110e9982, assignment2.model.Cash@5eb0a686, assignment2.model.Cash@73608eb0, assignment2.model.Cash@67f9cb52, assignment2.model.Cash@2de9ca6, assignment2.model.Cash@59018eed]
{5c=0, 10c=0, 20c=0, 50c=0, $1=0, $2=0, $5=0, $10=0, $20=0, $50=0, $100=0}
{5c=0, 10c=0, 20c=0, 50c=0, $1=0, $2=0, $5=0, $10=0, $20=0, $50=0, $100=0}
[assignment2.model.Cash@2ee39e73, assignment2.model.Cash@76973a6, assignment2.model.Cash@71a4f441, assignment2.model.Cash@24876a7e, assignment2.model.Cash@1625789b, assignment2.model.Cash@5a1dddba, assignment2.model.Cash@c4d2c44, assignment2.model.Cash@13866329, assignment2.model.Cash@2eda2062, assignment2.model.Cash@1a9ec80e, assignment2.model.Cash@7fd4e815]
{5c=1, 10c=0, 20c=0, 50c=1, $1=1, $2=0, $5=1, $10=1, $20=0, $50=0, $100=0}
{5c=0, 10c=0, 20c=0, 50c=0, $1=0, $2=0, $5=0, $10=0, $20=0, $50=0, $100=0}
[assignment2.model.Cash@5f6b53ed, assignment2.model.Cash@20cdb152, assignment2.model.Cash@4cffd3fd, assignment2.model.Cash@14b31e37, assignment2.model.Cash@1142d377, assignment2.model.Cash@5c48b72c, assignment2.model.Cash@6e1ae763, assignment2.model.Cash@62d40e31, assignment2.model.Cash@650aa077, assignment2.model.Cash@7ce29a2d, assignment2.model.Cash@457a5b2d]
{5c=0, 10c=0, 20c=0, 50c=0, $1=1, $2=0, $5=1, $10=0, $20=1, $50=1, $100=2}
]]></system-out>
  <system-err><![CDATA[]]></system-err>
</testsuite>
