<?xml version="1.0" encoding="UTF-8"?>
<testsuite name="assignment2.ProductOptionsModelTest" tests="2" skipped="0" failures="0" errors="0" timestamp="2022-10-21T12:32:30" hostname="Chius-MacBook-Pro.local" time="0.012">
  <properties/>
  <testcase name="getCategoriesTest()" classname="assignment2.ProductOptionsModelTest" time="0.009"/>
  <testcase name="getProductsToDisplayTest()" classname="assignment2.ProductOptionsModelTest" time="0.001"/>
  <system-out><![CDATA[]]></system-out>
  <system-err><![CDATA[]]></system-err>
</testsuite>
