<?xml version="1.0" encoding="UTF-8"?>
<testsuite name="assignment2.MainModelTest" tests="8" skipped="0" failures="0" errors="0" timestamp="2022-10-23T02:19:57" hostname="Kylies-MBP" time="0.018">
  <properties/>
  <testcase name="getLoginModelTest()" classname="assignment2.MainModelTest" time="0.002"/>
  <testcase name="getCardPaymentModelTest()" classname="assignment2.MainModelTest" time="0.002"/>
  <testcase name="getCashPaymentModelTest()" classname="assignment2.MainModelTest" time="0.002"/>
  <testcase name="getInventoryModelTest()" classname="assignment2.MainModelTest" time="0.002"/>
  <testcase name="cancelTransactionTest()" classname="assignment2.MainModelTest" time="0.003"/>
  <testcase name="loginStatusCorrectTest()" classname="assignment2.MainModelTest" time="0.001"/>
  <testcase name="getLastFiveProductsModelTest()" classname="assignment2.MainModelTest" time="0.001"/>
  <testcase name="setIsLoggedInTest()" classname="assignment2.MainModelTest" time="0.001"/>
  <system-out><![CDATA[[assignment2.model.User@6d2d99fc, assignment2.model.User@bdecc21, assignment2.model.User@5e3a39cd, assignment2.model.User@21f9277b, assignment2.model.User@201aa8c1]
[assignment2.model.Cash@5d58c727, assignment2.model.Cash@52a36910, assignment2.model.Cash@3a095ec0, assignment2.model.Cash@4f20a5e0, assignment2.model.Cash@54da32dc, assignment2.model.Cash@1d782abe, assignment2.model.Cash@6df7988f, assignment2.model.Cash@27b22f74, assignment2.model.Cash@22fba58c, assignment2.model.Cash@7e8a46b7, assignment2.model.Cash@2fe88a09]
[assignment2.model.User@1917d90f, assignment2.model.User@66bfd864, assignment2.model.User@4aac85fa, assignment2.model.User@21fff664, assignment2.model.User@6079cf5]
[assignment2.model.Cash@1e6308a9, assignment2.model.Cash@30cecdca, assignment2.model.Cash@6edc4161, assignment2.model.Cash@5486887b, assignment2.model.Cash@5226e402, assignment2.model.Cash@1440c311, assignment2.model.Cash@189b5fb1, assignment2.model.Cash@783ec989, assignment2.model.Cash@1ddd3478, assignment2.model.Cash@f973499, assignment2.model.Cash@4d33940d]
[assignment2.model.User@43cf6ea3, assignment2.model.User@37c5fc56, assignment2.model.User@1c025cb, assignment2.model.User@50825a02, assignment2.model.User@68809cc7]
[assignment2.model.Cash@703feacd, assignment2.model.Cash@7051777c, assignment2.model.Cash@3241713e, assignment2.model.Cash@5ecba515, assignment2.model.Cash@512d4583, assignment2.model.Cash@2abc224d, assignment2.model.Cash@13cd7ea5, assignment2.model.Cash@102d92c4, assignment2.model.Cash@2b97cc1f, assignment2.model.Cash@60723d6a, assignment2.model.Cash@18324f97]
[assignment2.model.User@64f555e7, assignment2.model.User@71178a52, assignment2.model.User@ff6077, assignment2.model.User@abbc908, assignment2.model.User@44afefd5]
[assignment2.model.Cash@9a7a808, assignment2.model.Cash@72209d93, assignment2.model.Cash@2687f956, assignment2.model.Cash@1ded7b14, assignment2.model.Cash@29be7749, assignment2.model.Cash@5f84abe8, assignment2.model.Cash@4650a407, assignment2.model.Cash@30135202, assignment2.model.Cash@6a4d7f76, assignment2.model.Cash@10ec523c, assignment2.model.Cash@53dfacba]
[assignment2.model.User@79767781, assignment2.model.User@78411116, assignment2.model.User@aced190, assignment2.model.User@245a060f, assignment2.model.User@6edaa77a]
[assignment2.model.Cash@1e63d216, assignment2.model.Cash@62ddd21b, assignment2.model.Cash@16c3ca31, assignment2.model.Cash@2d195ee4, assignment2.model.Cash@2d6aca33, assignment2.model.Cash@21ab988f, assignment2.model.Cash@29314cc9, assignment2.model.Cash@4e38d975, assignment2.model.Cash@35f8a9d3, assignment2.model.Cash@48ea2003, assignment2.model.Cash@6b1e7ad3]
[assignment2.model.User@63e5e5b4, assignment2.model.User@13a37e2a, assignment2.model.User@a50ae65, assignment2.model.User@1280851e, assignment2.model.User@5e840abf]
[assignment2.model.Cash@56de6d6b, assignment2.model.Cash@5972d253, assignment2.model.Cash@4fcc0416, assignment2.model.Cash@31e32ea2, assignment2.model.Cash@1473b8c0, assignment2.model.Cash@5b5c0057, assignment2.model.Cash@749f539e, assignment2.model.Cash@5ca1f591, assignment2.model.Cash@551de37d, assignment2.model.Cash@6ef81f31, assignment2.model.Cash@6075b2d3]
[assignment2.model.User@33abde31, assignment2.model.User@997d532, assignment2.model.User@273842a6, assignment2.model.User@6a969fb8, assignment2.model.User@7a18e8d]
[assignment2.model.Cash@3028e50e, assignment2.model.Cash@5560bcdf, assignment2.model.Cash@b558294, assignment2.model.Cash@bb095, assignment2.model.Cash@777c350f, assignment2.model.Cash@27aae97b, assignment2.model.Cash@4c9e38, assignment2.model.Cash@5d1e09bc, assignment2.model.Cash@4bdc8b5d, assignment2.model.Cash@3bcd426c, assignment2.model.Cash@5f14a673]
[assignment2.model.User@726a17c4, assignment2.model.User@5dc3fcb7, assignment2.model.User@c4c0b41, assignment2.model.User@76911385, assignment2.model.User@5467eea4]
[assignment2.model.Cash@160396db, assignment2.model.Cash@7a799159, assignment2.model.Cash@40ab8a8, assignment2.model.Cash@6ff37443, assignment2.model.Cash@65cc8228, assignment2.model.Cash@53093491, assignment2.model.Cash@21719a0, assignment2.model.Cash@76b224cd, assignment2.model.Cash@77ee25f1, assignment2.model.Cash@6dd93a21, assignment2.model.Cash@57b9e423]
]]></system-out>
  <system-err><![CDATA[]]></system-err>
</testsuite>
