<?xml version="1.0" encoding="UTF-8"?>
<testsuite name="assignment2.CashPaymentTest" tests="12" skipped="0" failures="0" errors="0" timestamp="2022-10-26T09:30:03" hostname="Kylies-MBP" time="0.036">
  <properties/>
  <testcase name="cashValueCheck()" classname="assignment2.CashPaymentTest" time="0.005"/>
  <testcase name="multiplePayments()" classname="assignment2.CashPaymentTest" time="0.007"/>
  <testcase name="changeisNotSufficient()" classname="assignment2.CashPaymentTest" time="0.003"/>
  <testcase name="changeCoinsOnly()" classname="assignment2.CashPaymentTest" time="0.003"/>
  <testcase name="initialAmountCheck()" classname="assignment2.CashPaymentTest" time="0.001"/>
  <testcase name="NotEnoughPayment()" classname="assignment2.CashPaymentTest" time="0.001"/>
  <testcase name="calculateTotalPayment()" classname="assignment2.CashPaymentTest" time="0.001"/>
  <testcase name="smallChangeInsufficient()" classname="assignment2.CashPaymentTest" time="0.001"/>
  <testcase name="smallChangeRound()" classname="assignment2.CashPaymentTest" time="0.004"/>
  <testcase name="updateChangeList()" classname="assignment2.CashPaymentTest" time="0.002"/>
  <testcase name="changeNotesOnly()" classname="assignment2.CashPaymentTest" time="0.002"/>
  <testcase name="numberOfDifferentNotesandCoins()" classname="assignment2.CashPaymentTest" time="0.001"/>
  <system-out><![CDATA[[assignment2.model.Cash@6d91790b, assignment2.model.Cash@6e6fce47, assignment2.model.Cash@47c64cfe, assignment2.model.Cash@6ce90bc5, assignment2.model.Cash@a567e72, assignment2.model.Cash@1a5b8489, assignment2.model.Cash@6f8f8a80, assignment2.model.Cash@4b1c0397, assignment2.model.Cash@72805168, assignment2.model.Cash@34b9fc7d, assignment2.model.Cash@27f1bbe0]
[assignment2.model.Cash@6d91790b, assignment2.model.Cash@6e6fce47, assignment2.model.Cash@47c64cfe, assignment2.model.Cash@6ce90bc5, assignment2.model.Cash@a567e72, assignment2.model.Cash@1a5b8489, assignment2.model.Cash@6f8f8a80, assignment2.model.Cash@4b1c0397, assignment2.model.Cash@72805168, assignment2.model.Cash@34b9fc7d, assignment2.model.Cash@27f1bbe0]
[assignment2.model.Cash@6d91790b, assignment2.model.Cash@6e6fce47, assignment2.model.Cash@47c64cfe, assignment2.model.Cash@6ce90bc5, assignment2.model.Cash@a567e72, assignment2.model.Cash@1a5b8489, assignment2.model.Cash@6f8f8a80, assignment2.model.Cash@4b1c0397, assignment2.model.Cash@72805168, assignment2.model.Cash@34b9fc7d, assignment2.model.Cash@27f1bbe0]
[assignment2.model.Cash@6d91790b, assignment2.model.Cash@6e6fce47, assignment2.model.Cash@47c64cfe, assignment2.model.Cash@6ce90bc5, assignment2.model.Cash@a567e72, assignment2.model.Cash@1a5b8489, assignment2.model.Cash@6f8f8a80, assignment2.model.Cash@4b1c0397, assignment2.model.Cash@72805168, assignment2.model.Cash@34b9fc7d, assignment2.model.Cash@27f1bbe0]
[assignment2.model.Cash@5d39f2d8, assignment2.model.Cash@6ad6fa53, assignment2.model.Cash@55ea2d70, assignment2.model.Cash@5e742e4, assignment2.model.Cash@175acfb2, assignment2.model.Cash@4a03bb68, assignment2.model.Cash@4e868ef5, assignment2.model.Cash@71c905a3, assignment2.model.Cash@30af7377, assignment2.model.Cash@67a056f1, assignment2.model.Cash@1dab9dd6]
[assignment2.model.Cash@5d39f2d8, assignment2.model.Cash@6ad6fa53, assignment2.model.Cash@55ea2d70, assignment2.model.Cash@5e742e4, assignment2.model.Cash@175acfb2, assignment2.model.Cash@4a03bb68, assignment2.model.Cash@4e868ef5, assignment2.model.Cash@71c905a3, assignment2.model.Cash@30af7377, assignment2.model.Cash@67a056f1, assignment2.model.Cash@1dab9dd6]
[assignment2.model.Cash@6f099cef, assignment2.model.Cash@afb5821, assignment2.model.Cash@4bff2185, assignment2.model.Cash@5c20ffa8, assignment2.model.Cash@7fedfe27, assignment2.model.Cash@2f879bab, assignment2.model.Cash@1d4664d7, assignment2.model.Cash@46c00568, assignment2.model.Cash@56ccd751, assignment2.model.Cash@458544e0, assignment2.model.Cash@6bcbf05b]
[assignment2.model.Cash@6f099cef, assignment2.model.Cash@afb5821, assignment2.model.Cash@4bff2185, assignment2.model.Cash@5c20ffa8, assignment2.model.Cash@7fedfe27, assignment2.model.Cash@2f879bab, assignment2.model.Cash@1d4664d7, assignment2.model.Cash@46c00568, assignment2.model.Cash@56ccd751, assignment2.model.Cash@458544e0, assignment2.model.Cash@6bcbf05b]
[]
[]
[assignment2.model.Cash@4690f583, assignment2.model.Cash@59712875, assignment2.model.Cash@47b2e9e1, assignment2.model.Cash@59942b48, assignment2.model.Cash@1869f114, assignment2.model.Cash@488b50ec, assignment2.model.Cash@18a645fd, assignment2.model.Cash@6090f3ca, assignment2.model.Cash@37a64f9d, assignment2.model.Cash@25b865b5, assignment2.model.Cash@f9b5552]
[assignment2.model.Cash@4690f583, assignment2.model.Cash@59712875, assignment2.model.Cash@47b2e9e1, assignment2.model.Cash@59942b48, assignment2.model.Cash@1869f114, assignment2.model.Cash@488b50ec, assignment2.model.Cash@18a645fd, assignment2.model.Cash@6090f3ca, assignment2.model.Cash@37a64f9d, assignment2.model.Cash@25b865b5, assignment2.model.Cash@f9b5552]
[assignment2.model.Cash@6872f9c8, assignment2.model.Cash@6d2d99fc, assignment2.model.Cash@bdecc21, assignment2.model.Cash@5e3a39cd, assignment2.model.Cash@21f9277b, assignment2.model.Cash@201aa8c1, assignment2.model.Cash@5d58c727, assignment2.model.Cash@52a36910, assignment2.model.Cash@3a095ec0, assignment2.model.Cash@4f20a5e0, assignment2.model.Cash@54da32dc]
[assignment2.model.Cash@6872f9c8, assignment2.model.Cash@6d2d99fc, assignment2.model.Cash@bdecc21, assignment2.model.Cash@5e3a39cd, assignment2.model.Cash@21f9277b, assignment2.model.Cash@201aa8c1, assignment2.model.Cash@5d58c727, assignment2.model.Cash@52a36910, assignment2.model.Cash@3a095ec0, assignment2.model.Cash@4f20a5e0, assignment2.model.Cash@54da32dc]
[assignment2.model.Cash@1d782abe, assignment2.model.Cash@6df7988f, assignment2.model.Cash@27b22f74, assignment2.model.Cash@22fba58c, assignment2.model.Cash@7e8a46b7, assignment2.model.Cash@2fe88a09, assignment2.model.Cash@1917d90f, assignment2.model.Cash@66bfd864, assignment2.model.Cash@4aac85fa, assignment2.model.Cash@21fff664, assignment2.model.Cash@6079cf5]
[assignment2.model.Cash@1d782abe, assignment2.model.Cash@6df7988f, assignment2.model.Cash@27b22f74, assignment2.model.Cash@22fba58c, assignment2.model.Cash@7e8a46b7, assignment2.model.Cash@2fe88a09, assignment2.model.Cash@1917d90f, assignment2.model.Cash@66bfd864, assignment2.model.Cash@4aac85fa, assignment2.model.Cash@21fff664, assignment2.model.Cash@6079cf5]
[assignment2.model.Cash@1e6308a9, assignment2.model.Cash@30cecdca, assignment2.model.Cash@6edc4161, assignment2.model.Cash@5486887b, assignment2.model.Cash@5226e402, assignment2.model.Cash@1440c311, assignment2.model.Cash@189b5fb1, assignment2.model.Cash@783ec989, assignment2.model.Cash@1ddd3478, assignment2.model.Cash@f973499, assignment2.model.Cash@4d33940d]
[assignment2.model.Cash@1e6308a9, assignment2.model.Cash@30cecdca, assignment2.model.Cash@6edc4161, assignment2.model.Cash@5486887b, assignment2.model.Cash@5226e402, assignment2.model.Cash@1440c311, assignment2.model.Cash@189b5fb1, assignment2.model.Cash@783ec989, assignment2.model.Cash@1ddd3478, assignment2.model.Cash@f973499, assignment2.model.Cash@4d33940d]
]]></system-out>
  <system-err><![CDATA[]]></system-err>
</testsuite>
