<?xml version="1.0" encoding="UTF-8"?>
<testsuite name="assignment2.CashPaymentTest" tests="12" skipped="0" failures="0" errors="0" timestamp="2022-10-27T09:18:42" hostname="Williams-MBP" time="0.042">
  <properties/>
  <testcase name="cashValueCheck()" classname="assignment2.CashPaymentTest" time="0.015"/>
  <testcase name="multiplePayments()" classname="assignment2.CashPaymentTest" time="0.009"/>
  <testcase name="changeisNotSufficient()" classname="assignment2.CashPaymentTest" time="0.003"/>
  <testcase name="changeCoinsOnly()" classname="assignment2.CashPaymentTest" time="0.002"/>
  <testcase name="initialAmountCheck()" classname="assignment2.CashPaymentTest" time="0.0"/>
  <testcase name="NotEnoughPayment()" classname="assignment2.CashPaymentTest" time="0.001"/>
  <testcase name="calculateTotalPayment()" classname="assignment2.CashPaymentTest" time="0.0"/>
  <testcase name="smallChangeInsufficient()" classname="assignment2.CashPaymentTest" time="0.0"/>
  <testcase name="smallChangeRound()" classname="assignment2.CashPaymentTest" time="0.002"/>
  <testcase name="updateChangeList()" classname="assignment2.CashPaymentTest" time="0.001"/>
  <testcase name="changeNotesOnly()" classname="assignment2.CashPaymentTest" time="0.002"/>
  <testcase name="numberOfDifferentNotesandCoins()" classname="assignment2.CashPaymentTest" time="0.0"/>
  <system-out><![CDATA[{5c=0, 10c=0, 20c=0, 50c=0, $1=0, $2=0, $5=0, $10=0, $20=0, $50=0, $100=0}
[assignment2.model.Cash@1c504e66, assignment2.model.Cash@345cf395, assignment2.model.Cash@bc4d5e1, assignment2.model.Cash@3c6aa04a, assignment2.model.Cash@2257fadf, assignment2.model.Cash@7144655b, assignment2.model.Cash@5c82cd4f, assignment2.model.Cash@35835e65, assignment2.model.Cash@289fdb08, assignment2.model.Cash@7a231dfd, assignment2.model.Cash@30814f43]
{5c=1, 10c=0, 20c=2, 50c=1, $1=0, $2=0, $5=1, $10=0, $20=2, $50=1, $100=1}
{5c=0, 10c=0, 20c=0, 50c=0, $1=0, $2=0, $5=0, $10=0, $20=0, $50=0, $100=0}
[assignment2.model.Cash@1c504e66, assignment2.model.Cash@345cf395, assignment2.model.Cash@bc4d5e1, assignment2.model.Cash@3c6aa04a, assignment2.model.Cash@2257fadf, assignment2.model.Cash@7144655b, assignment2.model.Cash@5c82cd4f, assignment2.model.Cash@35835e65, assignment2.model.Cash@289fdb08, assignment2.model.Cash@7a231dfd, assignment2.model.Cash@30814f43]
{5c=0, 10c=1, 20c=0, 50c=1, $1=1, $2=0, $5=0, $10=0, $20=0, $50=0, $100=3}
{5c=0, 10c=0, 20c=0, 50c=0, $1=0, $2=0, $5=0, $10=0, $20=0, $50=0, $100=0}
[assignment2.model.Cash@2c43eb8, assignment2.model.Cash@7d0cc890, assignment2.model.Cash@49293b43, assignment2.model.Cash@5ff60a8c, assignment2.model.Cash@7ce4de34, assignment2.model.Cash@67b7c170, assignment2.model.Cash@67440de6, assignment2.model.Cash@889d9e8, assignment2.model.Cash@5246a3b3, assignment2.model.Cash@ba354ca, assignment2.model.Cash@4c4f4365]
{5c=0, 10c=0, 20c=0, 50c=0, $1=0, $2=0, $5=0, $10=0, $20=0, $50=0, $100=0}
[assignment2.model.Cash@6df3e44c, assignment2.model.Cash@7ce7e83c, assignment2.model.Cash@4a05d8ae, assignment2.model.Cash@3c904f1e, assignment2.model.Cash@4eb30d44, assignment2.model.Cash@d56aaa6, assignment2.model.Cash@6972c30a, assignment2.model.Cash@57a48985, assignment2.model.Cash@1ab6718, assignment2.model.Cash@3910fe11, assignment2.model.Cash@460510aa]
{5c=1, 10c=1, 20c=1, 50c=0, $1=0, $2=0, $5=0, $10=0, $20=0, $50=0, $100=0}
{5c=0, 10c=0, 20c=0, 50c=0, $1=0, $2=0, $5=0, $10=0, $20=0, $50=0, $100=0}
{5c=0, 10c=0, 20c=0, 50c=0, $1=0, $2=0, $5=0, $10=0, $20=0, $50=0, $100=0}
[]
{5c=0, 10c=0, 20c=0, 50c=0, $1=0, $2=0, $5=0, $10=0, $20=0, $50=0, $100=0}
[assignment2.model.Cash@2c2db130, assignment2.model.Cash@327c7bea, assignment2.model.Cash@348d18a3, assignment2.model.Cash@6c65860d, assignment2.model.Cash@2d000e80, assignment2.model.Cash@7cf283e1, assignment2.model.Cash@20e6c4dc, assignment2.model.Cash@60737b23, assignment2.model.Cash@4d2a1da3, assignment2.model.Cash@252f626c, assignment2.model.Cash@33f98231]
{5c=1, 10c=0, 20c=0, 50c=0, $1=0, $2=0, $5=0, $10=0, $20=0, $50=0, $100=0}
{5c=0, 10c=0, 20c=0, 50c=0, $1=0, $2=0, $5=0, $10=0, $20=0, $50=0, $100=0}
[assignment2.model.Cash@48284d0e, assignment2.model.Cash@557286ad, assignment2.model.Cash@b10a26d, assignment2.model.Cash@74075134, assignment2.model.Cash@7e4d2287, assignment2.model.Cash@3f4b840d, assignment2.model.Cash@31464a43, assignment2.model.Cash@7f8633ae, assignment2.model.Cash@68c87fc3, assignment2.model.Cash@bc0f53b, assignment2.model.Cash@8d7b252]
{5c=0, 10c=0, 20c=0, 50c=0, $1=0, $2=0, $5=0, $10=0, $20=0, $50=0, $100=0}
{5c=0, 10c=0, 20c=0, 50c=0, $1=0, $2=0, $5=0, $10=0, $20=0, $50=0, $100=0}
[assignment2.model.Cash@4682eba5, assignment2.model.Cash@6d9fb2d1, assignment2.model.Cash@61fafb74, assignment2.model.Cash@540a903b, assignment2.model.Cash@58496dc, assignment2.model.Cash@151db587, assignment2.model.Cash@238acd0b, assignment2.model.Cash@23811a09, assignment2.model.Cash@2125ad3, assignment2.model.Cash@7a5b769b, assignment2.model.Cash@f4c0e4e]
{5c=1, 10c=0, 20c=0, 50c=1, $1=1, $2=0, $5=1, $10=1, $20=0, $50=0, $100=0}
{5c=0, 10c=0, 20c=0, 50c=0, $1=0, $2=0, $5=0, $10=0, $20=0, $50=0, $100=0}
[assignment2.model.Cash@24361cfc, assignment2.model.Cash@34e20e6b, assignment2.model.Cash@15ac59c2, assignment2.model.Cash@7a7d1b47, assignment2.model.Cash@6eb82908, assignment2.model.Cash@4a8df3e2, assignment2.model.Cash@3d98d138, assignment2.model.Cash@2f2d52ef, assignment2.model.Cash@f2ce6b, assignment2.model.Cash@25c53f74, assignment2.model.Cash@5e2f3be5]
{5c=0, 10c=0, 20c=0, 50c=0, $1=1, $2=0, $5=1, $10=0, $20=1, $50=1, $100=2}
]]></system-out>
  <system-err><![CDATA[]]></system-err>
</testsuite>
