<?xml version="1.0" encoding="UTF-8"?>
<testsuite name="assignment2.CashPaymentTest" tests="12" skipped="0" failures="0" errors="0" timestamp="2022-10-28T02:09:21" hostname="Kylies-MacBook-Pro.local" time="0.027">
  <properties/>
  <testcase name="cashValueCheck()" classname="assignment2.CashPaymentTest" time="0.001"/>
  <testcase name="multiplePayments()" classname="assignment2.CashPaymentTest" time="0.003"/>
  <testcase name="changeisNotSufficient()" classname="assignment2.CashPaymentTest" time="0.003"/>
  <testcase name="changeCoinsOnly()" classname="assignment2.CashPaymentTest" time="0.002"/>
  <testcase name="initialAmountCheck()" classname="assignment2.CashPaymentTest" time="0.0"/>
  <testcase name="NotEnoughPayment()" classname="assignment2.CashPaymentTest" time="0.001"/>
  <testcase name="calculateTotalPayment()" classname="assignment2.CashPaymentTest" time="0.0"/>
  <testcase name="smallChangeInsufficient()" classname="assignment2.CashPaymentTest" time="0.001"/>
  <testcase name="smallChangeRound()" classname="assignment2.CashPaymentTest" time="0.002"/>
  <testcase name="updateChangeList()" classname="assignment2.CashPaymentTest" time="0.002"/>
  <testcase name="changeNotesOnly()" classname="assignment2.CashPaymentTest" time="0.002"/>
  <testcase name="numberOfDifferentNotesandCoins()" classname="assignment2.CashPaymentTest" time="0.0"/>
  <system-out><![CDATA[{5c=0, 10c=0, 20c=0, 50c=0, $1=0, $2=0, $5=0, $10=0, $20=0, $50=0, $100=0}
[assignment2.model.Cash@af78c87, assignment2.model.Cash@773dab28, assignment2.model.Cash@1ecfcbc9, assignment2.model.Cash@1965539b, assignment2.model.Cash@2fc07784, assignment2.model.Cash@353efdbf, assignment2.model.Cash@55cff952, assignment2.model.Cash@660591fb, assignment2.model.Cash@4a55a6e8, assignment2.model.Cash@8c46918, assignment2.model.Cash@226b143b]
{5c=1, 10c=0, 20c=2, 50c=1, $1=0, $2=0, $5=1, $10=0, $20=2, $50=1, $100=1}
{5c=0, 10c=0, 20c=0, 50c=0, $1=0, $2=0, $5=0, $10=0, $20=0, $50=0, $100=0}
[assignment2.model.Cash@af78c87, assignment2.model.Cash@773dab28, assignment2.model.Cash@1ecfcbc9, assignment2.model.Cash@1965539b, assignment2.model.Cash@2fc07784, assignment2.model.Cash@353efdbf, assignment2.model.Cash@55cff952, assignment2.model.Cash@660591fb, assignment2.model.Cash@4a55a6e8, assignment2.model.Cash@8c46918, assignment2.model.Cash@226b143b]
{5c=0, 10c=1, 20c=0, 50c=1, $1=1, $2=0, $5=0, $10=0, $20=0, $50=0, $100=3}
{5c=0, 10c=0, 20c=0, 50c=0, $1=0, $2=0, $5=0, $10=0, $20=0, $50=0, $100=0}
[assignment2.model.Cash@151335cb, assignment2.model.Cash@4a7761b1, assignment2.model.Cash@3e850122, assignment2.model.Cash@27fde870, assignment2.model.Cash@2b4c3c29, assignment2.model.Cash@5ac7aa18, assignment2.model.Cash@4cdd2c73, assignment2.model.Cash@4abf3f0, assignment2.model.Cash@4e4c3a38, assignment2.model.Cash@293cde83, assignment2.model.Cash@c27d163]
{5c=0, 10c=0, 20c=0, 50c=0, $1=0, $2=0, $5=0, $10=0, $20=0, $50=0, $100=0}
[assignment2.model.Cash@78faea5f, assignment2.model.Cash@37fdfb05, assignment2.model.Cash@5e39850, assignment2.model.Cash@1603dc2f, assignment2.model.Cash@398474a2, assignment2.model.Cash@61799544, assignment2.model.Cash@78c1a023, assignment2.model.Cash@70abf9b0, assignment2.model.Cash@6a10b263, assignment2.model.Cash@476ec9d0, assignment2.model.Cash@325bb9a6]
{5c=1, 10c=1, 20c=1, 50c=0, $1=0, $2=0, $5=0, $10=0, $20=0, $50=0, $100=0}
{5c=0, 10c=0, 20c=0, 50c=0, $1=0, $2=0, $5=0, $10=0, $20=0, $50=0, $100=0}
{5c=0, 10c=0, 20c=0, 50c=0, $1=0, $2=0, $5=0, $10=0, $20=0, $50=0, $100=0}
[]
{5c=0, 10c=0, 20c=0, 50c=0, $1=0, $2=0, $5=0, $10=0, $20=0, $50=0, $100=0}
[assignment2.model.Cash@2227a6c1, assignment2.model.Cash@1e9804b9, assignment2.model.Cash@543e593, assignment2.model.Cash@4e628b52, assignment2.model.Cash@51ec2df1, assignment2.model.Cash@f8f56b9, assignment2.model.Cash@15fa55a6, assignment2.model.Cash@4f186450, assignment2.model.Cash@7fab4be7, assignment2.model.Cash@a64e035, assignment2.model.Cash@4d74c3ba]
{5c=1, 10c=0, 20c=0, 50c=0, $1=0, $2=0, $5=0, $10=0, $20=0, $50=0, $100=0}
{5c=0, 10c=0, 20c=0, 50c=0, $1=0, $2=0, $5=0, $10=0, $20=0, $50=0, $100=0}
[assignment2.model.Cash@41c204a0, assignment2.model.Cash@64138b0c, assignment2.model.Cash@49dbaaf3, assignment2.model.Cash@22d9c961, assignment2.model.Cash@736f3e9e, assignment2.model.Cash@bdc8014, assignment2.model.Cash@1f443fae, assignment2.model.Cash@73ba6fe6, assignment2.model.Cash@79ab34c1, assignment2.model.Cash@1698d7c0, assignment2.model.Cash@281f23f2]
{5c=0, 10c=0, 20c=0, 50c=0, $1=0, $2=0, $5=0, $10=0, $20=0, $50=0, $100=0}
{5c=0, 10c=0, 20c=0, 50c=0, $1=0, $2=0, $5=0, $10=0, $20=0, $50=0, $100=0}
[assignment2.model.Cash@87abc48, assignment2.model.Cash@28d79cba, assignment2.model.Cash@782168b7, assignment2.model.Cash@29f0c4f2, assignment2.model.Cash@7435a578, assignment2.model.Cash@6093d508, assignment2.model.Cash@13047d7d, assignment2.model.Cash@3c7cfcbb, assignment2.model.Cash@65bb9029, assignment2.model.Cash@1bfe3203, assignment2.model.Cash@2b214b94]
{5c=1, 10c=0, 20c=0, 50c=1, $1=1, $2=0, $5=1, $10=1, $20=0, $50=0, $100=0}
{5c=0, 10c=0, 20c=0, 50c=0, $1=0, $2=0, $5=0, $10=0, $20=0, $50=0, $100=0}
[assignment2.model.Cash@23e44287, assignment2.model.Cash@2b8d084, assignment2.model.Cash@6daf2337, assignment2.model.Cash@24fabd0f, assignment2.model.Cash@250b236d, assignment2.model.Cash@61f3fbb8, assignment2.model.Cash@7551da2a, assignment2.model.Cash@432034a, assignment2.model.Cash@78de58ea, assignment2.model.Cash@60e5272, assignment2.model.Cash@7d755813]
{5c=0, 10c=0, 20c=0, 50c=0, $1=1, $2=0, $5=1, $10=0, $20=1, $50=1, $100=2}
]]></system-out>
  <system-err><![CDATA[]]></system-err>
</testsuite>
