<?xml version="1.0" encoding="UTF-8"?>
<testsuite name="assignment2.LastFiveProductsModelTest" tests="4" skipped="0" failures="0" errors="0" timestamp="2022-10-20T17:34:52" hostname="Chius-MacBook-Pro.local" time="0.011">
  <properties/>
  <testcase name="getLastFiveProductsBoughtByUserTestMoreThanFivePurchases()" classname="assignment2.LastFiveProductsModelTest" time="0.002"/>
  <testcase name="getLastFiveProductsBoughtByUserTestEmpty()" classname="assignment2.LastFiveProductsModelTest" time="0.001"/>
  <testcase name="getLastFiveProductsBoughtByUserTestLessThanFivePurchases()" classname="assignment2.LastFiveProductsModelTest" time="0.001"/>
  <testcase name="getLastFiveProductsBoughtByUserTestExactlyFivePurchases()" classname="assignment2.LastFiveProductsModelTest" time="0.001"/>
  <system-out><![CDATA[]]></system-out>
  <system-err><![CDATA[]]></system-err>
</testsuite>
