<?xml version="1.0" encoding="UTF-8"?>
<testsuite name="assignment2.SellerDashboardTest" tests="3" skipped="0" failures="0" errors="0" timestamp="2022-11-01T10:29:30" hostname="DESKTOP-Q9TS4JK" time="0.122">
  <properties/>
  <testcase name="readAndWriteInventoryTest()" classname="assignment2.SellerDashboardTest" time="0.002"/>
  <testcase name="readAndWriteSellerTransactionTest()" classname="assignment2.SellerDashboardTest" time="0.057"/>
  <testcase name="multipleSellerTransactionsTest()" classname="assignment2.SellerDashboardTest" time="0.061"/>
  <system-out><![CDATA[test1
test1
test1
test1
test2
test1
test2
test3
test1
test2
test3
]]></system-out>
  <system-err><![CDATA[]]></system-err>
</testsuite>
