<?xml version="1.0" encoding="UTF-8"?>
<testsuite name="assignment2.CashPaymentTest" tests="12" skipped="0" failures="0" errors="0" timestamp="2022-10-26T14:13:45" hostname="DESKTOP-Q9TS4JK" time="0.036">
  <properties/>
  <testcase name="cashValueCheck()" classname="assignment2.CashPaymentTest" time="0.001"/>
  <testcase name="multiplePayments()" classname="assignment2.CashPaymentTest" time="0.005"/>
  <testcase name="changeisNotSufficient()" classname="assignment2.CashPaymentTest" time="0.005"/>
  <testcase name="changeCoinsOnly()" classname="assignment2.CashPaymentTest" time="0.002"/>
  <testcase name="initialAmountCheck()" classname="assignment2.CashPaymentTest" time="0.001"/>
  <testcase name="NotEnoughPayment()" classname="assignment2.CashPaymentTest" time="0.002"/>
  <testcase name="calculateTotalPayment()" classname="assignment2.CashPaymentTest" time="0.001"/>
  <testcase name="smallChangeInsufficient()" classname="assignment2.CashPaymentTest" time="0.002"/>
  <testcase name="smallChangeRound()" classname="assignment2.CashPaymentTest" time="0.004"/>
  <testcase name="updateChangeList()" classname="assignment2.CashPaymentTest" time="0.002"/>
  <testcase name="changeNotesOnly()" classname="assignment2.CashPaymentTest" time="0.002"/>
  <testcase name="numberOfDifferentNotesandCoins()" classname="assignment2.CashPaymentTest" time="0.0"/>
  <system-out><![CDATA[[assignment2.model.Cash@c9b5a99, assignment2.model.Cash@70be89ec, assignment2.model.Cash@2aee0704, assignment2.model.Cash@19a5b637, assignment2.model.Cash@4f3c7808, assignment2.model.Cash@4b4969ea, assignment2.model.Cash@11c581a0, assignment2.model.Cash@256589a1, assignment2.model.Cash@935493d, assignment2.model.Cash@9b367c8, assignment2.model.Cash@34c62fdf]
[assignment2.model.Cash@c9b5a99, assignment2.model.Cash@70be89ec, assignment2.model.Cash@2aee0704, assignment2.model.Cash@19a5b637, assignment2.model.Cash@4f3c7808, assignment2.model.Cash@4b4969ea, assignment2.model.Cash@11c581a0, assignment2.model.Cash@256589a1, assignment2.model.Cash@935493d, assignment2.model.Cash@9b367c8, assignment2.model.Cash@34c62fdf]
[assignment2.model.Cash@c9b5a99, assignment2.model.Cash@70be89ec, assignment2.model.Cash@2aee0704, assignment2.model.Cash@19a5b637, assignment2.model.Cash@4f3c7808, assignment2.model.Cash@4b4969ea, assignment2.model.Cash@11c581a0, assignment2.model.Cash@256589a1, assignment2.model.Cash@935493d, assignment2.model.Cash@9b367c8, assignment2.model.Cash@34c62fdf]
[assignment2.model.Cash@c9b5a99, assignment2.model.Cash@70be89ec, assignment2.model.Cash@2aee0704, assignment2.model.Cash@19a5b637, assignment2.model.Cash@4f3c7808, assignment2.model.Cash@4b4969ea, assignment2.model.Cash@11c581a0, assignment2.model.Cash@256589a1, assignment2.model.Cash@935493d, assignment2.model.Cash@9b367c8, assignment2.model.Cash@34c62fdf]
[assignment2.model.Cash@458031da, assignment2.model.Cash@7be94cd6, assignment2.model.Cash@20cff21e, assignment2.model.Cash@463045fb, assignment2.model.Cash@27ab206, assignment2.model.Cash@3344d163, assignment2.model.Cash@6cc48a17, assignment2.model.Cash@289f15e9, assignment2.model.Cash@7f22687e, assignment2.model.Cash@6af87130, assignment2.model.Cash@22a4ca4a]
[assignment2.model.Cash@458031da, assignment2.model.Cash@7be94cd6, assignment2.model.Cash@20cff21e, assignment2.model.Cash@463045fb, assignment2.model.Cash@27ab206, assignment2.model.Cash@3344d163, assignment2.model.Cash@6cc48a17, assignment2.model.Cash@289f15e9, assignment2.model.Cash@7f22687e, assignment2.model.Cash@6af87130, assignment2.model.Cash@22a4ca4a]
[assignment2.model.Cash@1e495414, assignment2.model.Cash@3711c71c, assignment2.model.Cash@33e3bd2e, assignment2.model.Cash@646d810b, assignment2.model.Cash@30508066, assignment2.model.Cash@9408857, assignment2.model.Cash@27e44e9c, assignment2.model.Cash@2f09e6b2, assignment2.model.Cash@1bee0085, assignment2.model.Cash@16e1219f, assignment2.model.Cash@13f40d71]
[assignment2.model.Cash@1e495414, assignment2.model.Cash@3711c71c, assignment2.model.Cash@33e3bd2e, assignment2.model.Cash@646d810b, assignment2.model.Cash@30508066, assignment2.model.Cash@9408857, assignment2.model.Cash@27e44e9c, assignment2.model.Cash@2f09e6b2, assignment2.model.Cash@1bee0085, assignment2.model.Cash@16e1219f, assignment2.model.Cash@13f40d71]
[]
[]
[assignment2.model.Cash@5175d9ad, assignment2.model.Cash@b06d46d, assignment2.model.Cash@25a5c8e, assignment2.model.Cash@656c5c3, assignment2.model.Cash@7911cc15, assignment2.model.Cash@4409cae6, assignment2.model.Cash@14e750c5, assignment2.model.Cash@242ff747, assignment2.model.Cash@5329f6b3, assignment2.model.Cash@597d48ca, assignment2.model.Cash@77324a58]
[assignment2.model.Cash@5175d9ad, assignment2.model.Cash@b06d46d, assignment2.model.Cash@25a5c8e, assignment2.model.Cash@656c5c3, assignment2.model.Cash@7911cc15, assignment2.model.Cash@4409cae6, assignment2.model.Cash@14e750c5, assignment2.model.Cash@242ff747, assignment2.model.Cash@5329f6b3, assignment2.model.Cash@597d48ca, assignment2.model.Cash@77324a58]
[assignment2.model.Cash@2c7c0e36, assignment2.model.Cash@307cf964, assignment2.model.Cash@374ccb9, assignment2.model.Cash@66713605, assignment2.model.Cash@2ab09943, assignment2.model.Cash@7d50f2a8, assignment2.model.Cash@5864e8bf, assignment2.model.Cash@37ca3ca8, assignment2.model.Cash@191ec193, assignment2.model.Cash@6321a5aa, assignment2.model.Cash@1c7f9861]
[assignment2.model.Cash@2c7c0e36, assignment2.model.Cash@307cf964, assignment2.model.Cash@374ccb9, assignment2.model.Cash@66713605, assignment2.model.Cash@2ab09943, assignment2.model.Cash@7d50f2a8, assignment2.model.Cash@5864e8bf, assignment2.model.Cash@37ca3ca8, assignment2.model.Cash@191ec193, assignment2.model.Cash@6321a5aa, assignment2.model.Cash@1c7f9861]
[assignment2.model.Cash@7a36c83a, assignment2.model.Cash@154b8cb6, assignment2.model.Cash@7b297740, assignment2.model.Cash@1b7554d4, assignment2.model.Cash@57ce2898, assignment2.model.Cash@1ea930eb, assignment2.model.Cash@2e0ad709, assignment2.model.Cash@1fe8f5e8, assignment2.model.Cash@39449465, assignment2.model.Cash@6e3dd5ce, assignment2.model.Cash@16f7f59f]
[assignment2.model.Cash@7a36c83a, assignment2.model.Cash@154b8cb6, assignment2.model.Cash@7b297740, assignment2.model.Cash@1b7554d4, assignment2.model.Cash@57ce2898, assignment2.model.Cash@1ea930eb, assignment2.model.Cash@2e0ad709, assignment2.model.Cash@1fe8f5e8, assignment2.model.Cash@39449465, assignment2.model.Cash@6e3dd5ce, assignment2.model.Cash@16f7f59f]
[assignment2.model.Cash@4ee8051c, assignment2.model.Cash@53125718, assignment2.model.Cash@53016b11, assignment2.model.Cash@7af327e3, assignment2.model.Cash@743d0d44, assignment2.model.Cash@35563e4c, assignment2.model.Cash@6dd79214, assignment2.model.Cash@ef86c72, assignment2.model.Cash@123307c4, assignment2.model.Cash@1693ff90, assignment2.model.Cash@47058864]
[assignment2.model.Cash@4ee8051c, assignment2.model.Cash@53125718, assignment2.model.Cash@53016b11, assignment2.model.Cash@7af327e3, assignment2.model.Cash@743d0d44, assignment2.model.Cash@35563e4c, assignment2.model.Cash@6dd79214, assignment2.model.Cash@ef86c72, assignment2.model.Cash@123307c4, assignment2.model.Cash@1693ff90, assignment2.model.Cash@47058864]
]]></system-out>
  <system-err><![CDATA[]]></system-err>
</testsuite>
