<?xml version="1.0" encoding="UTF-8"?>
<testsuite name="assignment2.SellerDashboardTest" tests="3" skipped="0" failures="0" errors="0" timestamp="2022-10-28T02:28:13" hostname="Kylies-MacBook-Pro.local" time="0.218">
  <properties/>
  <testcase name="readAndWriteTransactionTest()" classname="assignment2.SellerDashboardTest" time="0.103"/>
  <testcase name="readAndWriteInventoryTest()" classname="assignment2.SellerDashboardTest" time="0.003"/>
  <testcase name="multipleTransactionsTest()" classname="assignment2.SellerDashboardTest" time="0.111"/>
  <system-out><![CDATA[test1
test1
test1
test1
test2
test1
test2
test3
test1
test2
test3
]]></system-out>
  <system-err><![CDATA[]]></system-err>
</testsuite>
