<?xml version="1.0" encoding="UTF-8"?>
<testsuite name="assignment2.CashPaymentTest" tests="12" skipped="0" failures="0" errors="0" timestamp="2022-10-27T01:56:14" hostname="DESKTOP-Q9TS4JK" time="0.056">
  <properties/>
  <testcase name="cashValueCheck()" classname="assignment2.CashPaymentTest" time="0.003"/>
  <testcase name="multiplePayments()" classname="assignment2.CashPaymentTest" time="0.006"/>
  <testcase name="changeisNotSufficient()" classname="assignment2.CashPaymentTest" time="0.005"/>
  <testcase name="changeCoinsOnly()" classname="assignment2.CashPaymentTest" time="0.005"/>
  <testcase name="initialAmountCheck()" classname="assignment2.CashPaymentTest" time="0.001"/>
  <testcase name="NotEnoughPayment()" classname="assignment2.CashPaymentTest" time="0.002"/>
  <testcase name="calculateTotalPayment()" classname="assignment2.CashPaymentTest" time="0.001"/>
  <testcase name="smallChangeInsufficient()" classname="assignment2.CashPaymentTest" time="0.002"/>
  <testcase name="smallChangeRound()" classname="assignment2.CashPaymentTest" time="0.005"/>
  <testcase name="updateChangeList()" classname="assignment2.CashPaymentTest" time="0.003"/>
  <testcase name="changeNotesOnly()" classname="assignment2.CashPaymentTest" time="0.003"/>
  <testcase name="numberOfDifferentNotesandCoins()" classname="assignment2.CashPaymentTest" time="0.002"/>
  <system-out><![CDATA[{5c=0, 10c=0, 20c=0, 50c=0, $1=0, $2=0, $5=0, $10=0, $20=0, $50=0, $100=0}
[assignment2.model.Cash@1c046c92, assignment2.model.Cash@27960b1e, assignment2.model.Cash@643ba1ed, assignment2.model.Cash@3d3a1903, assignment2.model.Cash@26582ca, assignment2.model.Cash@153cb763, assignment2.model.Cash@2c3158e0, assignment2.model.Cash@412ebe64, assignment2.model.Cash@6f731759, assignment2.model.Cash@1f84327b, assignment2.model.Cash@39549f33]
{5c=1, 10c=0, 20c=2, 50c=1, $1=0, $2=0, $5=1, $10=0, $20=2, $50=1, $100=1}
{5c=0, 10c=0, 20c=0, 50c=0, $1=0, $2=0, $5=0, $10=0, $20=0, $50=0, $100=0}
[assignment2.model.Cash@1c046c92, assignment2.model.Cash@27960b1e, assignment2.model.Cash@643ba1ed, assignment2.model.Cash@3d3a1903, assignment2.model.Cash@26582ca, assignment2.model.Cash@153cb763, assignment2.model.Cash@2c3158e0, assignment2.model.Cash@412ebe64, assignment2.model.Cash@6f731759, assignment2.model.Cash@1f84327b, assignment2.model.Cash@39549f33]
{5c=0, 10c=1, 20c=0, 50c=1, $1=1, $2=0, $5=0, $10=0, $20=0, $50=0, $100=3}
{5c=0, 10c=0, 20c=0, 50c=0, $1=0, $2=0, $5=0, $10=0, $20=0, $50=0, $100=0}
[assignment2.model.Cash@7675c171, assignment2.model.Cash@44e4cb76, assignment2.model.Cash@51cab489, assignment2.model.Cash@2f9a10df, assignment2.model.Cash@773c2214, assignment2.model.Cash@15e1f8fe, assignment2.model.Cash@110b7837, assignment2.model.Cash@6ee88e21, assignment2.model.Cash@78d23d6a, assignment2.model.Cash@626e0c86, assignment2.model.Cash@28ee0a3c]
{5c=0, 10c=0, 20c=0, 50c=0, $1=0, $2=0, $5=0, $10=0, $20=0, $50=0, $100=0}
[assignment2.model.Cash@6b8d54da, assignment2.model.Cash@79957f11, assignment2.model.Cash@217235f5, assignment2.model.Cash@4b41587d, assignment2.model.Cash@4aebee4b, assignment2.model.Cash@18d47df0, assignment2.model.Cash@28393e82, assignment2.model.Cash@697a0948, assignment2.model.Cash@7cf63b9a, assignment2.model.Cash@4776e209, assignment2.model.Cash@265a094b]
{5c=1, 10c=1, 20c=1, 50c=0, $1=0, $2=0, $5=0, $10=0, $20=0, $50=0, $100=0}
{5c=0, 10c=0, 20c=0, 50c=0, $1=0, $2=0, $5=0, $10=0, $20=0, $50=0, $100=0}
{5c=0, 10c=0, 20c=0, 50c=0, $1=0, $2=0, $5=0, $10=0, $20=0, $50=0, $100=0}
[]
{5c=0, 10c=0, 20c=0, 50c=0, $1=0, $2=0, $5=0, $10=0, $20=0, $50=0, $100=0}
[assignment2.model.Cash@634ca3e7, assignment2.model.Cash@ab4aa5e, assignment2.model.Cash@b14b60a, assignment2.model.Cash@1a7cb3a4, assignment2.model.Cash@1c297897, assignment2.model.Cash@33e0c716, assignment2.model.Cash@1d6a8386, assignment2.model.Cash@6274f21c, assignment2.model.Cash@35cec305, assignment2.model.Cash@237add, assignment2.model.Cash@491cafec]
{5c=1, 10c=0, 20c=0, 50c=0, $1=0, $2=0, $5=0, $10=0, $20=0, $50=0, $100=0}
{5c=0, 10c=0, 20c=0, 50c=0, $1=0, $2=0, $5=0, $10=0, $20=0, $50=0, $100=0}
[assignment2.model.Cash@cbd40c1, assignment2.model.Cash@4fa86cb8, assignment2.model.Cash@54c60202, assignment2.model.Cash@7889b4b9, assignment2.model.Cash@1e545821, assignment2.model.Cash@12952aff, assignment2.model.Cash@76a7fcbd, assignment2.model.Cash@433ea2ac, assignment2.model.Cash@7f977fba, assignment2.model.Cash@446e7065, assignment2.model.Cash@d653e41]
{5c=0, 10c=0, 20c=0, 50c=0, $1=0, $2=0, $5=0, $10=0, $20=0, $50=0, $100=0}
{5c=0, 10c=0, 20c=0, 50c=0, $1=0, $2=0, $5=0, $10=0, $20=0, $50=0, $100=0}
[assignment2.model.Cash@3b78c683, assignment2.model.Cash@7f5614f9, assignment2.model.Cash@480cbe2e, assignment2.model.Cash@6c3f1658, assignment2.model.Cash@110e9982, assignment2.model.Cash@5eb0a686, assignment2.model.Cash@73608eb0, assignment2.model.Cash@67f9cb52, assignment2.model.Cash@2de9ca6, assignment2.model.Cash@59018eed, assignment2.model.Cash@2ee39e73]
{5c=1, 10c=0, 20c=0, 50c=1, $1=1, $2=0, $5=1, $10=1, $20=0, $50=0, $100=0}
{5c=0, 10c=0, 20c=0, 50c=0, $1=0, $2=0, $5=0, $10=0, $20=0, $50=0, $100=0}
[assignment2.model.Cash@76973a6, assignment2.model.Cash@71a4f441, assignment2.model.Cash@24876a7e, assignment2.model.Cash@1625789b, assignment2.model.Cash@5a1dddba, assignment2.model.Cash@c4d2c44, assignment2.model.Cash@13866329, assignment2.model.Cash@2eda2062, assignment2.model.Cash@1a9ec80e, assignment2.model.Cash@7fd4e815, assignment2.model.Cash@5f6b53ed]
{5c=0, 10c=0, 20c=0, 50c=0, $1=1, $2=0, $5=1, $10=0, $20=1, $50=1, $100=2}
]]></system-out>
  <system-err><![CDATA[]]></system-err>
</testsuite>
