<?xml version="1.0" encoding="UTF-8"?>
<testsuite name="assignment2.CardPaymentTest" tests="1" skipped="0" failures="0" errors="0" timestamp="2022-10-20T17:34:52" hostname="Chius-MacBook-Pro.local" time="0.211">
  <properties/>
  <testcase name="paymentProcessTest()" classname="assignment2.CardPaymentTest" time="0.211"/>
  <system-out><![CDATA[Sergio
]]></system-out>
  <system-err><![CDATA[]]></system-err>
</testsuite>
