<?xml version="1.0" encoding="UTF-8"?>
<testsuite name="assignment2.CashPaymentTest" tests="12" skipped="0" failures="0" errors="0" timestamp="2022-10-27T11:42:30" hostname="Kylies-MBP" time="0.05">
  <properties/>
  <testcase name="cashValueCheck()" classname="assignment2.CashPaymentTest" time="0.001"/>
  <testcase name="multiplePayments()" classname="assignment2.CashPaymentTest" time="0.011"/>
  <testcase name="changeisNotSufficient()" classname="assignment2.CashPaymentTest" time="0.004"/>
  <testcase name="changeCoinsOnly()" classname="assignment2.CashPaymentTest" time="0.004"/>
  <testcase name="initialAmountCheck()" classname="assignment2.CashPaymentTest" time="0.001"/>
  <testcase name="NotEnoughPayment()" classname="assignment2.CashPaymentTest" time="0.002"/>
  <testcase name="calculateTotalPayment()" classname="assignment2.CashPaymentTest" time="0.002"/>
  <testcase name="smallChangeInsufficient()" classname="assignment2.CashPaymentTest" time="0.001"/>
  <testcase name="smallChangeRound()" classname="assignment2.CashPaymentTest" time="0.005"/>
  <testcase name="updateChangeList()" classname="assignment2.CashPaymentTest" time="0.003"/>
  <testcase name="changeNotesOnly()" classname="assignment2.CashPaymentTest" time="0.004"/>
  <testcase name="numberOfDifferentNotesandCoins()" classname="assignment2.CashPaymentTest" time="0.001"/>
  <system-out><![CDATA[{5c=0, 10c=0, 20c=0, 50c=0, $1=0, $2=0, $5=0, $10=0, $20=0, $50=0, $100=0}
[assignment2.model.Cash@56ccd751, assignment2.model.Cash@458544e0, assignment2.model.Cash@6bcbf05b, assignment2.model.Cash@2d66530f, assignment2.model.Cash@1d207fad, assignment2.model.Cash@72ed9aad, assignment2.model.Cash@4690f583, assignment2.model.Cash@59712875, assignment2.model.Cash@47b2e9e1, assignment2.model.Cash@59942b48, assignment2.model.Cash@1869f114]
{5c=1, 10c=0, 20c=2, 50c=1, $1=0, $2=0, $5=1, $10=0, $20=2, $50=1, $100=1}
{5c=0, 10c=0, 20c=0, 50c=0, $1=0, $2=0, $5=0, $10=0, $20=0, $50=0, $100=0}
[assignment2.model.Cash@56ccd751, assignment2.model.Cash@458544e0, assignment2.model.Cash@6bcbf05b, assignment2.model.Cash@2d66530f, assignment2.model.Cash@1d207fad, assignment2.model.Cash@72ed9aad, assignment2.model.Cash@4690f583, assignment2.model.Cash@59712875, assignment2.model.Cash@47b2e9e1, assignment2.model.Cash@59942b48, assignment2.model.Cash@1869f114]
{5c=0, 10c=1, 20c=0, 50c=1, $1=1, $2=0, $5=0, $10=0, $20=0, $50=0, $100=3}
{5c=0, 10c=0, 20c=0, 50c=0, $1=0, $2=0, $5=0, $10=0, $20=0, $50=0, $100=0}
[assignment2.model.Cash@4f20a5e0, assignment2.model.Cash@54da32dc, assignment2.model.Cash@1d782abe, assignment2.model.Cash@6df7988f, assignment2.model.Cash@27b22f74, assignment2.model.Cash@22fba58c, assignment2.model.Cash@7e8a46b7, assignment2.model.Cash@2fe88a09, assignment2.model.Cash@1917d90f, assignment2.model.Cash@66bfd864, assignment2.model.Cash@4aac85fa]
{5c=0, 10c=0, 20c=0, 50c=0, $1=0, $2=0, $5=0, $10=0, $20=0, $50=0, $100=0}
[assignment2.model.Cash@6079cf5, assignment2.model.Cash@1e6308a9, assignment2.model.Cash@30cecdca, assignment2.model.Cash@6edc4161, assignment2.model.Cash@5486887b, assignment2.model.Cash@5226e402, assignment2.model.Cash@1440c311, assignment2.model.Cash@189b5fb1, assignment2.model.Cash@783ec989, assignment2.model.Cash@1ddd3478, assignment2.model.Cash@f973499]
{5c=1, 10c=1, 20c=1, 50c=0, $1=0, $2=0, $5=0, $10=0, $20=0, $50=0, $100=0}
{5c=0, 10c=0, 20c=0, 50c=0, $1=0, $2=0, $5=0, $10=0, $20=0, $50=0, $100=0}
{5c=0, 10c=0, 20c=0, 50c=0, $1=0, $2=0, $5=0, $10=0, $20=0, $50=0, $100=0}
[]
{5c=0, 10c=0, 20c=0, 50c=0, $1=0, $2=0, $5=0, $10=0, $20=0, $50=0, $100=0}
[assignment2.model.Cash@7051777c, assignment2.model.Cash@3241713e, assignment2.model.Cash@5ecba515, assignment2.model.Cash@512d4583, assignment2.model.Cash@2abc224d, assignment2.model.Cash@13cd7ea5, assignment2.model.Cash@102d92c4, assignment2.model.Cash@2b97cc1f, assignment2.model.Cash@60723d6a, assignment2.model.Cash@18324f97, assignment2.model.Cash@64f555e7]
{5c=1, 10c=0, 20c=0, 50c=0, $1=0, $2=0, $5=0, $10=0, $20=0, $50=0, $100=0}
{5c=0, 10c=0, 20c=0, 50c=0, $1=0, $2=0, $5=0, $10=0, $20=0, $50=0, $100=0}
[assignment2.model.Cash@71178a52, assignment2.model.Cash@ff6077, assignment2.model.Cash@abbc908, assignment2.model.Cash@44afefd5, assignment2.model.Cash@9a7a808, assignment2.model.Cash@72209d93, assignment2.model.Cash@2687f956, assignment2.model.Cash@1ded7b14, assignment2.model.Cash@29be7749, assignment2.model.Cash@5f84abe8, assignment2.model.Cash@4650a407]
{5c=0, 10c=0, 20c=0, 50c=0, $1=0, $2=0, $5=0, $10=0, $20=0, $50=0, $100=0}
{5c=0, 10c=0, 20c=0, 50c=0, $1=0, $2=0, $5=0, $10=0, $20=0, $50=0, $100=0}
[assignment2.model.Cash@30135202, assignment2.model.Cash@6a4d7f76, assignment2.model.Cash@10ec523c, assignment2.model.Cash@53dfacba, assignment2.model.Cash@79767781, assignment2.model.Cash@78411116, assignment2.model.Cash@aced190, assignment2.model.Cash@245a060f, assignment2.model.Cash@6edaa77a, assignment2.model.Cash@1e63d216, assignment2.model.Cash@62ddd21b]
{5c=1, 10c=0, 20c=0, 50c=1, $1=1, $2=0, $5=1, $10=1, $20=0, $50=0, $100=0}
{5c=0, 10c=0, 20c=0, 50c=0, $1=0, $2=0, $5=0, $10=0, $20=0, $50=0, $100=0}
[assignment2.model.Cash@16c3ca31, assignment2.model.Cash@2d195ee4, assignment2.model.Cash@2d6aca33, assignment2.model.Cash@21ab988f, assignment2.model.Cash@29314cc9, assignment2.model.Cash@4e38d975, assignment2.model.Cash@35f8a9d3, assignment2.model.Cash@48ea2003, assignment2.model.Cash@6b1e7ad3, assignment2.model.Cash@63e5e5b4, assignment2.model.Cash@13a37e2a]
{5c=0, 10c=0, 20c=0, 50c=0, $1=1, $2=0, $5=1, $10=0, $20=1, $50=1, $100=2}
]]></system-out>
  <system-err><![CDATA[]]></system-err>
</testsuite>
