<?xml version="1.0" encoding="UTF-8"?>
<testsuite name="assignment2.MainModelTest" tests="8" skipped="0" failures="0" errors="0" timestamp="2022-10-26T10:38:11" hostname="DESKTOP-Q9TS4JK" time="0.044">
  <properties/>
  <testcase name="getLoginModelTest()" classname="assignment2.MainModelTest" time="0.011"/>
  <testcase name="getCardPaymentModelTest()" classname="assignment2.MainModelTest" time="0.006"/>
  <testcase name="getCashPaymentModelTest()" classname="assignment2.MainModelTest" time="0.005"/>
  <testcase name="getInventoryModelTest()" classname="assignment2.MainModelTest" time="0.003"/>
  <testcase name="cancelTransactionTest()" classname="assignment2.MainModelTest" time="0.003"/>
  <testcase name="loginStatusCorrectTest()" classname="assignment2.MainModelTest" time="0.003"/>
  <testcase name="getLastFiveProductsModelTest()" classname="assignment2.MainModelTest" time="0.003"/>
  <testcase name="setIsLoggedInTest()" classname="assignment2.MainModelTest" time="0.003"/>
  <system-out><![CDATA[[assignment2.model.User@50b734c4, assignment2.model.User@2744dcae, assignment2.model.User@16d0e521, assignment2.model.User@634ca3e7, assignment2.model.User@ab4aa5e]
[assignment2.model.Cash@b14b60a, assignment2.model.Cash@1a7cb3a4, assignment2.model.Cash@1c297897, assignment2.model.Cash@33e0c716, assignment2.model.Cash@1d6a8386, assignment2.model.Cash@6274f21c, assignment2.model.Cash@35cec305, assignment2.model.Cash@237add, assignment2.model.Cash@491cafec, assignment2.model.Cash@cbd40c1, assignment2.model.Cash@4fa86cb8]
[assignment2.model.User@54c60202, assignment2.model.User@7889b4b9, assignment2.model.User@1e545821, assignment2.model.User@12952aff, assignment2.model.User@76a7fcbd]
[assignment2.model.Cash@433ea2ac, assignment2.model.Cash@7f977fba, assignment2.model.Cash@446e7065, assignment2.model.Cash@d653e41, assignment2.model.Cash@3b78c683, assignment2.model.Cash@7f5614f9, assignment2.model.Cash@480cbe2e, assignment2.model.Cash@6c3f1658, assignment2.model.Cash@110e9982, assignment2.model.Cash@5eb0a686, assignment2.model.Cash@73608eb0]
[assignment2.model.User@67f9cb52, assignment2.model.User@2de9ca6, assignment2.model.User@59018eed, assignment2.model.User@2ee39e73, assignment2.model.User@76973a6]
[assignment2.model.Cash@71a4f441, assignment2.model.Cash@24876a7e, assignment2.model.Cash@1625789b, assignment2.model.Cash@5a1dddba, assignment2.model.Cash@c4d2c44, assignment2.model.Cash@13866329, assignment2.model.Cash@2eda2062, assignment2.model.Cash@1a9ec80e, assignment2.model.Cash@7fd4e815, assignment2.model.Cash@5f6b53ed, assignment2.model.Cash@20cdb152]
[assignment2.model.User@4cffd3fd, assignment2.model.User@14b31e37, assignment2.model.User@1142d377, assignment2.model.User@5c48b72c, assignment2.model.User@6e1ae763]
[assignment2.model.Cash@62d40e31, assignment2.model.Cash@650aa077, assignment2.model.Cash@7ce29a2d, assignment2.model.Cash@457a5b2d, assignment2.model.Cash@79d7035, assignment2.model.Cash@372461a9, assignment2.model.Cash@5fffb692, assignment2.model.Cash@48cb2d73, assignment2.model.Cash@243bf087, assignment2.model.Cash@3086f480, assignment2.model.Cash@126f8f24]
[assignment2.model.User@35e98af, assignment2.model.User@781aff8b, assignment2.model.User@7fbf26fc, assignment2.model.User@11c78080, assignment2.model.User@662be9f7]
[assignment2.model.Cash@4962b41e, assignment2.model.Cash@4fecf308, assignment2.model.Cash@6282b9f5, assignment2.model.Cash@5b5f9003, assignment2.model.Cash@7c11d32, assignment2.model.Cash@2f9dda71, assignment2.model.Cash@58278366, assignment2.model.Cash@7f5fcfe9, assignment2.model.Cash@707865bd, assignment2.model.Cash@31f77791, assignment2.model.Cash@552fee7a]
[assignment2.model.User@548e43b1, assignment2.model.User@67688110, assignment2.model.User@6d293993, assignment2.model.User@475f5672, assignment2.model.User@616a06e3]
[assignment2.model.Cash@42297bdf, assignment2.model.Cash@66e827a8, assignment2.model.Cash@5bb911c1, assignment2.model.Cash@6a55594b, assignment2.model.Cash@632b305d, assignment2.model.Cash@44598ef7, assignment2.model.Cash@57fdb8a4, assignment2.model.Cash@17222c11, assignment2.model.Cash@2db15f70, assignment2.model.Cash@25974207, assignment2.model.Cash@1f15e689]
[assignment2.model.User@195113de, assignment2.model.User@3ebc955b, assignment2.model.User@21a46ff1, assignment2.model.User@11b5f4e2, assignment2.model.User@6bcae9]
[assignment2.model.Cash@5aa781f2, assignment2.model.Cash@58feb6b0, assignment2.model.Cash@66d25ba9, assignment2.model.Cash@3830f918, assignment2.model.Cash@5efe47fd, assignment2.model.Cash@739831a4, assignment2.model.Cash@7e3236d, assignment2.model.Cash@38a4e2b0, assignment2.model.Cash@14c99bf6, assignment2.model.Cash@266e9dda, assignment2.model.Cash@38883a31]
[assignment2.model.User@27a6fef2, assignment2.model.User@7fe8c7db, assignment2.model.User@2dba05b1, assignment2.model.User@541afb85, assignment2.model.User@445bce9a]
[assignment2.model.Cash@7db40fd5, assignment2.model.Cash@5e1a5f, assignment2.model.Cash@31b0f02, assignment2.model.Cash@19ae2ee5, assignment2.model.Cash@44b940a2, assignment2.model.Cash@34c53688, assignment2.model.Cash@6ffd4c0d, assignment2.model.Cash@74c9e11, assignment2.model.Cash@9fe720a, assignment2.model.Cash@149274cb, assignment2.model.Cash@118acf70]
]]></system-out>
  <system-err><![CDATA[]]></system-err>
</testsuite>
