<?xml version="1.0" encoding="UTF-8"?>
<testsuite name="assignment2.ProductToDisplayTest" tests="5" skipped="0" failures="0" errors="0" timestamp="2022-10-20T23:25:42" hostname="DESKTOP-Q9TS4JK" time="0.002">
  <properties/>
  <testcase name="nameCorrectTest()" classname="assignment2.ProductToDisplayTest" time="0.0"/>
  <testcase name="codeCorrectTest()" classname="assignment2.ProductToDisplayTest" time="0.0"/>
  <testcase name="quantityCorrectTest()" classname="assignment2.ProductToDisplayTest" time="0.0"/>
  <testcase name="categoryCorrectTest()" classname="assignment2.ProductToDisplayTest" time="0.0"/>
  <testcase name="priceCorrectTest()" classname="assignment2.ProductToDisplayTest" time="0.0"/>
  <system-out><![CDATA[]]></system-out>
  <system-err><![CDATA[]]></system-err>
</testsuite>
