<?xml version="1.0" encoding="UTF-8"?>
<testsuite name="assignment2.CashPaymentTest" tests="8" skipped="0" failures="0" errors="0" timestamp="2022-10-20T11:00:22" hostname="Kylies-MBP" time="0.073">
  <properties/>
  <testcase name="cashValueCheck()" classname="assignment2.CashPaymentTest" time="0.025"/>
  <testcase name="multiplePayments()" classname="assignment2.CashPaymentTest" time="0.013"/>
  <testcase name="changeisNotSufficient()" classname="assignment2.CashPaymentTest" time="0.005"/>
  <testcase name="changeCoinsOnly()" classname="assignment2.CashPaymentTest" time="0.005"/>
  <testcase name="initialAmountCheck()" classname="assignment2.CashPaymentTest" time="0.001"/>
  <testcase name="smallChangeRound()" classname="assignment2.CashPaymentTest" time="0.008"/>
  <testcase name="changeNotesOnly()" classname="assignment2.CashPaymentTest" time="0.004"/>
  <testcase name="numberOfDifferentNotesandCoins()" classname="assignment2.CashPaymentTest" time="0.002"/>
  <system-out><![CDATA[95.96
45.96
5.96
5.96
0.96
0.96
0.96
0.46
0.06
0.06
0.01
1.61
1.61
1.61
1.61
1.61
1.61
0.61
0.11
0.11
0.01
0.01
88.0
88.0
88.0
88.0
88.0
88.0
88.0
88.0
88.0
88.0
88.0
0.35
0.35
0.35
0.35
0.35
0.35
0.35
0.35
0.15
0.05
0.0
0.04000000000000001
0.04000000000000001
0.04000000000000001
0.04000000000000001
0.04000000000000001
0.04000000000000001
0.04000000000000001
0.04000000000000001
0.04000000000000001
0.04000000000000001
0.04000000000000001
0.020000000000000004
0.020000000000000004
0.020000000000000004
0.020000000000000004
0.020000000000000004
0.020000000000000004
0.020000000000000004
0.020000000000000004
0.020000000000000004
0.020000000000000004
0.020000000000000004
76.0
26.0
6.0
6.0
1.0
1.0
0.0
0.0
0.0
0.0
0.0
]]></system-out>
  <system-err><![CDATA[]]></system-err>
</testsuite>
