<?xml version="1.0" encoding="UTF-8"?>
<testsuite name="assignment2.CashPaymentTest" tests="12" skipped="0" failures="0" errors="0" timestamp="2022-10-26T05:24:29" hostname="DESKTOP-Q9TS4JK" time="0.061">
  <properties/>
  <testcase name="cashValueCheck()" classname="assignment2.CashPaymentTest" time="0.023"/>
  <testcase name="multiplePayments()" classname="assignment2.CashPaymentTest" time="0.008"/>
  <testcase name="changeisNotSufficient()" classname="assignment2.CashPaymentTest" time="0.003"/>
  <testcase name="changeCoinsOnly()" classname="assignment2.CashPaymentTest" time="0.003"/>
  <testcase name="initialAmountCheck()" classname="assignment2.CashPaymentTest" time="0.0"/>
  <testcase name="NotEnoughPayment()" classname="assignment2.CashPaymentTest" time="0.001"/>
  <testcase name="calculateTotalPayment()" classname="assignment2.CashPaymentTest" time="0.001"/>
  <testcase name="smallChangeInsufficient()" classname="assignment2.CashPaymentTest" time="0.001"/>
  <testcase name="smallChangeRound()" classname="assignment2.CashPaymentTest" time="0.004"/>
  <testcase name="updateChangeList()" classname="assignment2.CashPaymentTest" time="0.002"/>
  <testcase name="changeNotesOnly()" classname="assignment2.CashPaymentTest" time="0.002"/>
  <testcase name="numberOfDifferentNotesandCoins()" classname="assignment2.CashPaymentTest" time="0.001"/>
  <system-out><![CDATA[[assignment2.model.Cash@611b35d6, assignment2.model.Cash@2282400e, assignment2.model.Cash@543d5863, assignment2.model.Cash@35dece42, assignment2.model.Cash@dd3f8aa, assignment2.model.Cash@3d615b2e, assignment2.model.Cash@3a1f2a1, assignment2.model.Cash@40ce9049, assignment2.model.Cash@52ca2652, assignment2.model.Cash@65c5bf0e, assignment2.model.Cash@697d6ded]
[assignment2.model.Cash@715f45c6, assignment2.model.Cash@5d5c41e5, assignment2.model.Cash@43245559, assignment2.model.Cash@42e4e589, assignment2.model.Cash@499ee966, assignment2.model.Cash@76f2dad9, assignment2.model.Cash@171dc7c3, assignment2.model.Cash@72b0a004, assignment2.model.Cash@4cdba2ed, assignment2.model.Cash@2c1f8dbd, assignment2.model.Cash@55c57422]
[assignment2.model.Cash@715f45c6, assignment2.model.Cash@5d5c41e5, assignment2.model.Cash@43245559, assignment2.model.Cash@42e4e589, assignment2.model.Cash@499ee966, assignment2.model.Cash@76f2dad9, assignment2.model.Cash@171dc7c3, assignment2.model.Cash@72b0a004, assignment2.model.Cash@4cdba2ed, assignment2.model.Cash@2c1f8dbd, assignment2.model.Cash@55c57422]
[assignment2.model.Cash@715f45c6, assignment2.model.Cash@5d5c41e5, assignment2.model.Cash@43245559, assignment2.model.Cash@42e4e589, assignment2.model.Cash@499ee966, assignment2.model.Cash@76f2dad9, assignment2.model.Cash@171dc7c3, assignment2.model.Cash@72b0a004, assignment2.model.Cash@4cdba2ed, assignment2.model.Cash@2c1f8dbd, assignment2.model.Cash@55c57422]
[assignment2.model.Cash@715f45c6, assignment2.model.Cash@5d5c41e5, assignment2.model.Cash@43245559, assignment2.model.Cash@42e4e589, assignment2.model.Cash@499ee966, assignment2.model.Cash@76f2dad9, assignment2.model.Cash@171dc7c3, assignment2.model.Cash@72b0a004, assignment2.model.Cash@4cdba2ed, assignment2.model.Cash@2c1f8dbd, assignment2.model.Cash@55c57422]
[assignment2.model.Cash@715f45c6, assignment2.model.Cash@5d5c41e5, assignment2.model.Cash@43245559, assignment2.model.Cash@42e4e589, assignment2.model.Cash@499ee966, assignment2.model.Cash@76f2dad9, assignment2.model.Cash@171dc7c3, assignment2.model.Cash@72b0a004, assignment2.model.Cash@4cdba2ed, assignment2.model.Cash@2c1f8dbd, assignment2.model.Cash@55c57422]
[assignment2.model.Cash@6010d0d1, assignment2.model.Cash@5934ca1e, assignment2.model.Cash@5348d83c, assignment2.model.Cash@477021ee, assignment2.model.Cash@2180e789, assignment2.model.Cash@5e9bbd9d, assignment2.model.Cash@4b87074a, assignment2.model.Cash@d3e3085, assignment2.model.Cash@2ba42204, assignment2.model.Cash@285005b8, assignment2.model.Cash@5b1efaaf]
[assignment2.model.Cash@6010d0d1, assignment2.model.Cash@5934ca1e, assignment2.model.Cash@5348d83c, assignment2.model.Cash@477021ee, assignment2.model.Cash@2180e789, assignment2.model.Cash@5e9bbd9d, assignment2.model.Cash@4b87074a, assignment2.model.Cash@d3e3085, assignment2.model.Cash@2ba42204, assignment2.model.Cash@285005b8, assignment2.model.Cash@5b1efaaf]
[assignment2.model.Cash@6010d0d1, assignment2.model.Cash@5934ca1e, assignment2.model.Cash@5348d83c, assignment2.model.Cash@477021ee, assignment2.model.Cash@2180e789, assignment2.model.Cash@5e9bbd9d, assignment2.model.Cash@4b87074a, assignment2.model.Cash@d3e3085, assignment2.model.Cash@2ba42204, assignment2.model.Cash@285005b8, assignment2.model.Cash@5b1efaaf]
[assignment2.model.Cash@7455dacb, assignment2.model.Cash@7634f2b, assignment2.model.Cash@1d15c0a1, assignment2.model.Cash@15639d09, assignment2.model.Cash@4fba8eec, assignment2.model.Cash@52bd9a27, assignment2.model.Cash@611e5819, assignment2.model.Cash@681c0ae6, assignment2.model.Cash@73ca34e7, assignment2.model.Cash@4d98e41b, assignment2.model.Cash@5ed5b321]
[assignment2.model.Cash@7455dacb, assignment2.model.Cash@7634f2b, assignment2.model.Cash@1d15c0a1, assignment2.model.Cash@15639d09, assignment2.model.Cash@4fba8eec, assignment2.model.Cash@52bd9a27, assignment2.model.Cash@611e5819, assignment2.model.Cash@681c0ae6, assignment2.model.Cash@73ca34e7, assignment2.model.Cash@4d98e41b, assignment2.model.Cash@5ed5b321]
[assignment2.model.Cash@7455dacb, assignment2.model.Cash@7634f2b, assignment2.model.Cash@1d15c0a1, assignment2.model.Cash@15639d09, assignment2.model.Cash@4fba8eec, assignment2.model.Cash@52bd9a27, assignment2.model.Cash@611e5819, assignment2.model.Cash@681c0ae6, assignment2.model.Cash@73ca34e7, assignment2.model.Cash@4d98e41b, assignment2.model.Cash@5ed5b321]
[assignment2.model.Cash@5696c927, assignment2.model.Cash@7459a21e, assignment2.model.Cash@7eeb38b2, assignment2.model.Cash@d54d0f5, assignment2.model.Cash@6d6bff89, assignment2.model.Cash@541bf968, assignment2.model.Cash@739265f1, assignment2.model.Cash@58eac00e, assignment2.model.Cash@6acffb2d, assignment2.model.Cash@61149fa5, assignment2.model.Cash@149c39b]
[assignment2.model.Cash@f2d890c, assignment2.model.Cash@1a2e0d57, assignment2.model.Cash@5f025000, assignment2.model.Cash@10980560, assignment2.model.Cash@739e8b96, assignment2.model.Cash@19b07407, assignment2.model.Cash@54ffa561, assignment2.model.Cash@49c099b, assignment2.model.Cash@3d9f0a5, assignment2.model.Cash@1953bc95, assignment2.model.Cash@30aec673]
[assignment2.model.Cash@1cb9ef52, assignment2.model.Cash@5a622fe8, assignment2.model.Cash@58f31629, assignment2.model.Cash@124d26ba, assignment2.model.Cash@415d88de, assignment2.model.Cash@a0bf272, assignment2.model.Cash@4a89ef44, assignment2.model.Cash@310a7859, assignment2.model.Cash@1cbc1dde, assignment2.model.Cash@4971f459, assignment2.model.Cash@4c07d1fc]
[]
[]
[]
[assignment2.model.Cash@66ec4409, assignment2.model.Cash@2506e949, assignment2.model.Cash@6f1c3f18, assignment2.model.Cash@4c531172, assignment2.model.Cash@489bc8fd, assignment2.model.Cash@5ac53c06, assignment2.model.Cash@54af3cb9, assignment2.model.Cash@236fdf, assignment2.model.Cash@16e99306, assignment2.model.Cash@653fb8d1, assignment2.model.Cash@48581a3b]
[assignment2.model.Cash@66ec4409, assignment2.model.Cash@2506e949, assignment2.model.Cash@6f1c3f18, assignment2.model.Cash@4c531172, assignment2.model.Cash@489bc8fd, assignment2.model.Cash@5ac53c06, assignment2.model.Cash@54af3cb9, assignment2.model.Cash@236fdf, assignment2.model.Cash@16e99306, assignment2.model.Cash@653fb8d1, assignment2.model.Cash@48581a3b]
[assignment2.model.Cash@66ec4409, assignment2.model.Cash@2506e949, assignment2.model.Cash@6f1c3f18, assignment2.model.Cash@4c531172, assignment2.model.Cash@489bc8fd, assignment2.model.Cash@5ac53c06, assignment2.model.Cash@54af3cb9, assignment2.model.Cash@236fdf, assignment2.model.Cash@16e99306, assignment2.model.Cash@653fb8d1, assignment2.model.Cash@48581a3b]
[assignment2.model.Cash@531ec978, assignment2.model.Cash@93501be, assignment2.model.Cash@11d4d979, assignment2.model.Cash@195580ba, assignment2.model.Cash@3c25cfe1, assignment2.model.Cash@1d3c112a, assignment2.model.Cash@2a140ce5, assignment2.model.Cash@1f71194d, assignment2.model.Cash@db99785, assignment2.model.Cash@70716259, assignment2.model.Cash@7a083b96]
[assignment2.model.Cash@531ec978, assignment2.model.Cash@93501be, assignment2.model.Cash@11d4d979, assignment2.model.Cash@195580ba, assignment2.model.Cash@3c25cfe1, assignment2.model.Cash@1d3c112a, assignment2.model.Cash@2a140ce5, assignment2.model.Cash@1f71194d, assignment2.model.Cash@db99785, assignment2.model.Cash@70716259, assignment2.model.Cash@7a083b96]
[assignment2.model.Cash@531ec978, assignment2.model.Cash@93501be, assignment2.model.Cash@11d4d979, assignment2.model.Cash@195580ba, assignment2.model.Cash@3c25cfe1, assignment2.model.Cash@1d3c112a, assignment2.model.Cash@2a140ce5, assignment2.model.Cash@1f71194d, assignment2.model.Cash@db99785, assignment2.model.Cash@70716259, assignment2.model.Cash@7a083b96]
[assignment2.model.Cash@6da4feeb, assignment2.model.Cash@2c604965, assignment2.model.Cash@57f8951a, assignment2.model.Cash@6c17c0f8, assignment2.model.Cash@260e3837, assignment2.model.Cash@88b76f2, assignment2.model.Cash@1b4872bc, assignment2.model.Cash@498a612d, assignment2.model.Cash@1e1237ab, assignment2.model.Cash@4dfdfe7d, assignment2.model.Cash@1578b8ec]
[assignment2.model.Cash@6da4feeb, assignment2.model.Cash@2c604965, assignment2.model.Cash@57f8951a, assignment2.model.Cash@6c17c0f8, assignment2.model.Cash@260e3837, assignment2.model.Cash@88b76f2, assignment2.model.Cash@1b4872bc, assignment2.model.Cash@498a612d, assignment2.model.Cash@1e1237ab, assignment2.model.Cash@4dfdfe7d, assignment2.model.Cash@1578b8ec]
[assignment2.model.Cash@6da4feeb, assignment2.model.Cash@2c604965, assignment2.model.Cash@57f8951a, assignment2.model.Cash@6c17c0f8, assignment2.model.Cash@260e3837, assignment2.model.Cash@88b76f2, assignment2.model.Cash@1b4872bc, assignment2.model.Cash@498a612d, assignment2.model.Cash@1e1237ab, assignment2.model.Cash@4dfdfe7d, assignment2.model.Cash@1578b8ec]
[assignment2.model.Cash@f613067, assignment2.model.Cash@c1e14f, assignment2.model.Cash@226de93c, assignment2.model.Cash@72028a45, assignment2.model.Cash@74667e6a, assignment2.model.Cash@7b222230, assignment2.model.Cash@364b1061, assignment2.model.Cash@50fdf44f, assignment2.model.Cash@172f4514, assignment2.model.Cash@7df6d663, assignment2.model.Cash@13d019a4]
[assignment2.model.Cash@f613067, assignment2.model.Cash@c1e14f, assignment2.model.Cash@226de93c, assignment2.model.Cash@72028a45, assignment2.model.Cash@74667e6a, assignment2.model.Cash@7b222230, assignment2.model.Cash@364b1061, assignment2.model.Cash@50fdf44f, assignment2.model.Cash@172f4514, assignment2.model.Cash@7df6d663, assignment2.model.Cash@13d019a4]
[assignment2.model.Cash@f613067, assignment2.model.Cash@c1e14f, assignment2.model.Cash@226de93c, assignment2.model.Cash@72028a45, assignment2.model.Cash@74667e6a, assignment2.model.Cash@7b222230, assignment2.model.Cash@364b1061, assignment2.model.Cash@50fdf44f, assignment2.model.Cash@172f4514, assignment2.model.Cash@7df6d663, assignment2.model.Cash@13d019a4]
[assignment2.model.Cash@2c30c81d, assignment2.model.Cash@415a3f6a, assignment2.model.Cash@a54acec, assignment2.model.Cash@19da993b, assignment2.model.Cash@3380ca3d, assignment2.model.Cash@23310248, assignment2.model.Cash@c2df90e, assignment2.model.Cash@41f3aaf1, assignment2.model.Cash@741741d0, assignment2.model.Cash@5f9f3e58, assignment2.model.Cash@3c19592c]
]]></system-out>
  <system-err><![CDATA[]]></system-err>
</testsuite>
