<?xml version="1.0" encoding="UTF-8"?>
<testsuite name="assignment2.CashPaymentTest" tests="5" skipped="0" failures="0" errors="0" timestamp="2022-10-17T06:08:36" hostname="DESKTOP-Q9TS4JK" time="0.131">
  <properties/>
  <testcase name="cashValueCheck()" classname="assignment2.CashPaymentTest" time="0.118"/>
  <testcase name="changeCoinsOnly()" classname="assignment2.CashPaymentTest" time="0.006"/>
  <testcase name="initialAmountCheck()" classname="assignment2.CashPaymentTest" time="0.001"/>
  <testcase name="changeNotesOnly()" classname="assignment2.CashPaymentTest" time="0.002"/>
  <testcase name="numberOfDifferentNotesandCoins()" classname="assignment2.CashPaymentTest" time="0.001"/>
  <system-out><![CDATA[0.15
0.05
0.0
176.0
76.0
26.0
6.0
1.0
0.0
]]></system-out>
  <system-err><![CDATA[]]></system-err>
</testsuite>
