<?xml version="1.0" encoding="UTF-8"?>
<testsuite name="assignment2.LastFiveProductsModelTest" tests="4" skipped="0" failures="0" errors="0" timestamp="2022-10-21T12:28:14" hostname="Chius-MacBook-Pro.local" time="0.016">
  <properties/>
  <testcase name="getLastFiveProductsBoughtByUserTestMoreThanFivePurchases()" classname="assignment2.LastFiveProductsModelTest" time="0.012"/>
  <testcase name="getLastFiveProductsBoughtByUserTestEmpty()" classname="assignment2.LastFiveProductsModelTest" time="0.0"/>
  <testcase name="getLastFiveProductsBoughtByUserTestLessThanFivePurchases()" classname="assignment2.LastFiveProductsModelTest" time="0.0"/>
  <testcase name="getLastFiveProductsBoughtByUserTestExactlyFivePurchases()" classname="assignment2.LastFiveProductsModelTest" time="0.0"/>
  <system-out><![CDATA[]]></system-out>
  <system-err><![CDATA[]]></system-err>
</testsuite>
