<?xml version="1.0" encoding="UTF-8"?>
<testsuite name="assignment2.ProductOptionsModelTest" tests="2" skipped="0" failures="0" errors="0" timestamp="2022-10-20T23:25:42" hostname="DESKTOP-Q9TS4JK" time="0.005">
  <properties/>
  <testcase name="getCategoriesTest()" classname="assignment2.ProductOptionsModelTest" time="0.003"/>
  <testcase name="getProductsToDisplayTest()" classname="assignment2.ProductOptionsModelTest" time="0.001"/>
  <system-out><![CDATA[]]></system-out>
  <system-err><![CDATA[]]></system-err>
</testsuite>
