<?xml version="1.0" encoding="UTF-8"?>
<testsuite name="assignment2.JsonParserTest" tests="6" skipped="0" failures="0" errors="0" timestamp="2022-10-21T12:48:15" hostname="Williams-MBP" time="0.006">
  <properties/>
  <testcase name="getUsersEmptyFile()" classname="assignment2.JsonParserTest" time="0.001"/>
  <testcase name="getUsersValidFile()" classname="assignment2.JsonParserTest" time="0.001"/>
  <testcase name="getUsersFileDoesNotExist()" classname="assignment2.JsonParserTest" time="0.0"/>
  <testcase name="updateUsersValidListWithPurchases()" classname="assignment2.JsonParserTest" time="0.002"/>
  <testcase name="updateUsersValidListNoPurchases()" classname="assignment2.JsonParserTest" time="0.0"/>
  <testcase name="updateUsersEmptyList()" classname="assignment2.JsonParserTest" time="0.0"/>
  <system-out><![CDATA[]]></system-out>
  <system-err><![CDATA[]]></system-err>
</testsuite>
