<?xml version="1.0" encoding="UTF-8"?>
<testsuite name="assignment2.JsonParserTest" tests="7" skipped="0" failures="0" errors="0" timestamp="2022-10-27T22:53:58" hostname="kylies-mbp.staff.wireless.sydney.edu.au" time="0.02">
  <properties/>
  <testcase name="getUsersEmptyFile()" classname="assignment2.JsonParserTest" time="0.003"/>
  <testcase name="getUsersValidFile()" classname="assignment2.JsonParserTest" time="0.008"/>
  <testcase name="updateInventoryTest()" classname="assignment2.JsonParserTest" time="0.003"/>
  <testcase name="getUsersFileDoesNotExist()" classname="assignment2.JsonParserTest" time="0.0"/>
  <testcase name="updateUsersValidListWithPurchases()" classname="assignment2.JsonParserTest" time="0.001"/>
  <testcase name="updateUsersValidListNoPurchases()" classname="assignment2.JsonParserTest" time="0.0"/>
  <testcase name="updateUsersEmptyList()" classname="assignment2.JsonParserTest" time="0.0"/>
  <system-out><![CDATA[]]></system-out>
  <system-err><![CDATA[]]></system-err>
</testsuite>
