<?xml version="1.0" encoding="UTF-8"?>
<testsuite name="assignment2.LoginTest" tests="4" skipped="0" failures="0" errors="0" timestamp="2022-11-01T10:57:09" hostname="Kylies-MBP" time="0.068">
  <properties/>
  <testcase name="loginTest()" classname="assignment2.LoginTest" time="0.003"/>
  <testcase name="addUserTest()" classname="assignment2.LoginTest" time="0.036"/>
  <testcase name="getAnonymousUser()" classname="assignment2.LoginTest" time="0.002"/>
  <testcase name="getUsersTest()" classname="assignment2.LoginTest" time="0.0"/>
  <system-out><![CDATA[Allen
Allen
]]></system-out>
  <system-err><![CDATA[]]></system-err>
</testsuite>
