<?xml version="1.0" encoding="UTF-8"?>
<testsuite name="assignment2.JsonParserTest" tests="7" skipped="0" failures="1" errors="0" timestamp="2022-10-26T14:13:44" hostname="DESKTOP-Q9TS4JK" time="0.129">
  <properties/>
  <testcase name="getUsersEmptyFile()" classname="assignment2.JsonParserTest" time="0.091"/>
  <testcase name="getUsersValidFile()" classname="assignment2.JsonParserTest" time="0.02"/>
  <testcase name="updateInventoryTest()" classname="assignment2.JsonParserTest" time="0.007"/>
  <testcase name="getUsersFileDoesNotExist()" classname="assignment2.JsonParserTest" time="0.001"/>
  <testcase name="updateUsersValidListWithPurchases()" classname="assignment2.JsonParserTest" time="0.003"/>
  <testcase name="updateUsersValidListNoPurchases()" classname="assignment2.JsonParserTest" time="0.003">
    <failure message="org.opentest4j.AssertionFailedError: expected: &lt;[{&quot;username&quot;:&quot;test1&quot;,&quot;password&quot;:&quot;pw&quot;,&quot;purchases&quot;:[{&quot;price&quot;:4.2,&quot;quantity&quot;:2,&quot;item&quot;:&quot;Thins&quot;,&quot;datePurchased&quot;:{&quot;date&quot;:{&quot;year&quot;:2022,&quot;month&quot;:10,&quot;day&quot;:27},&quot;time&quot;:{&quot;hour&quot;:1,&quot;minute&quot;:9,&quot;second&quot;:8,&quot;nano&quot;:922101400}}},{&quot;price&quot;:4.5,&quot;quantity&quot;:2,&quot;item&quot;:&quot;Pringles&quot;,&quot;datePurchased&quot;:{&quot;date&quot;:{&quot;year&quot;:2022,&quot;month&quot;:10,&quot;day&quot;:27},&quot;time&quot;:{&quot;hour&quot;:1,&quot;minute&quot;:9,&quot;second&quot;:8,&quot;nano&quot;:924622500}}},{&quot;price&quot;:4.2,&quot;quantity&quot;:2,&quot;item&quot;:&quot;Smiths&quot;,&quot;datePurchased&quot;:{&quot;date&quot;:{&quot;year&quot;:2022,&quot;month&quot;:10,&quot;day&quot;:27},&quot;time&quot;:{&quot;hour&quot;:1,&quot;minute&quot;:9,&quot;second&quot;:8,&quot;nano&quot;:924622500}}},{&quot;price&quot;:2.6,&quot;quantity&quot;:2,&quot;item&quot;:&quot;Mentos&quot;,&quot;datePurchased&quot;:{&quot;date&quot;:{&quot;year&quot;:2022,&quot;month&quot;:10,&quot;day&quot;:27},&quot;time&quot;:{&quot;hour&quot;:1,&quot;minute&quot;:9,&quot;second&quot;:8,&quot;nano&quot;:924622500}}},{&quot;price&quot;:4.1,&quot;quantity&quot;:2,&quot;item&quot;:&quot;M\u0026M&quot;,&quot;datePurchased&quot;:{&quot;date&quot;:{&quot;year&quot;:2022,&quot;month&quot;:10,&quot;day&quot;:27},&quot;time&quot;:{&quot;hour&quot;:1,&quot;minute&quot;:9,&quot;second&quot;:8,&quot;nano&quot;:924622500}}},{&quot;price&quot;:3.95,&quot;quantity&quot;:2,&quot;item&quot;:&quot;Bounty&quot;,&quot;datePurchased&quot;:{&quot;date&quot;:{&quot;year&quot;:2022,&quot;month&quot;:10,&quot;day&quot;:27},&quot;time&quot;:{&quot;hour&quot;:1,&quot;minute&quot;:9,&quot;second&quot;:8,&quot;nano&quot;:924622500}}},{&quot;price&quot;:4.8,&quot;quantity&quot;:2,&quot;item&quot;:&quot;Juice&quot;,&quot;datePurchased&quot;:{&quot;date&quot;:{&quot;year&quot;:2022,&quot;month&quot;:10,&quot;day&quot;:27},&quot;time&quot;:{&quot;hour&quot;:1,&quot;minute&quot;:9,&quot;second&quot;:8,&quot;nano&quot;:924622500}}},{&quot;price&quot;:2.8,&quot;quantity&quot;:2,&quot;item&quot;:&quot;Sour Patch&quot;,&quot;datePurchased&quot;:{&quot;date&quot;:{&quot;year&quot;:2022,&quot;month&quot;:10,&quot;day&quot;:27},&quot;time&quot;:{&quot;hour&quot;:1,&quot;minute&quot;:9,&quot;second&quot;:8,&quot;nano&quot;:924622500}}},{&quot;price&quot;:4.0,&quot;quantity&quot;:2,&quot;item&quot;:&quot;Snickers&quot;,&quot;datePurchased&quot;:{&quot;date&quot;:{&quot;year&quot;:2022,&quot;month&quot;:10,&quot;day&quot;:27},&quot;time&quot;:{&quot;hour&quot;:1,&quot;minute&quot;:9,&quot;second&quot;:8,&quot;nano&quot;:924622500}}},{&quot;price&quot;:4.5,&quot;quantity&quot;:2,&quot;item&quot;:&quot;Pepsi&quot;,&quot;datePurchased&quot;:{&quot;date&quot;:{&quot;year&quot;:2022,&quot;month&quot;:10,&quot;day&quot;:27},&quot;time&quot;:{&quot;hour&quot;:1,&quot;minute&quot;:9,&quot;second&quot;:8,&quot;nano&quot;:924622500}}},{&quot;price&quot;:3.95,&quot;quantity&quot;:2,&quot;item&quot;:&quot;Mars&quot;,&quot;datePurchased&quot;:{&quot;date&quot;:{&quot;year&quot;:2022,&quot;month&quot;:10,&quot;day&quot;:27},&quot;time&quot;:{&quot;hour&quot;:1,&quot;minute&quot;:9,&quot;second&quot;:8,&quot;nano&quot;:924622500}}},{&quot;price&quot;:4.2,&quot;quantity&quot;:2,&quot;item&quot;:&quot;Kettle&quot;,&quot;datePurchased&quot;:{&quot;date&quot;:{&quot;year&quot;:2022,&quot;month&quot;:10,&quot;day&quot;:27},&quot;time&quot;:{&quot;hour&quot;:1,&quot;minute&quot;:9,&quot;second&quot;:8,&quot;nano&quot;:924622500}}},{&quot;price&quot;:2.6,&quot;quantity&quot;:2,&quot;item&quot;:&quot;Skittles&quot;,&quot;datePurchased&quot;:{&quot;date&quot;:{&quot;year&quot;:2022,&quot;month&quot;:10,&quot;day&quot;:27},&quot;time&quot;:{&quot;hour&quot;:1,&quot;minute&quot;:9,&quot;second&quot;:8,&quot;nano&quot;:924622500}}},{&quot;price&quot;:3.95,&quot;quantity&quot;:2,&quot;item&quot;:&quot;Mineral Water&quot;,&quot;datePurchased&quot;:{&quot;date&quot;:{&quot;year&quot;:2022,&quot;month&quot;:10,&quot;day&quot;:27},&quot;time&quot;:{&quot;hour&quot;:1,&quot;minute&quot;:9,&quot;second&quot;:8,&quot;nano&quot;:924622500}}},{&quot;price&quot;:4.5,&quot;quantity&quot;:2,&quot;item&quot;:&quot;Sprite&quot;,&quot;datePurchased&quot;:{&quot;date&quot;:{&quot;year&quot;:2022,&quot;month&quot;:10,&quot;day&quot;:27},&quot;time&quot;:{&quot;hour&quot;:1,&quot;minute&quot;:9,&quot;second&quot;:8,&quot;nano&quot;:924622500}}},{&quot;price&quot;:4.5,&quot;quantity&quot;:2,&quot;item&quot;:&quot;Pepsi&quot;,&quot;datePurchased&quot;:{&quot;date&quot;:{&quot;year&quot;:2022,&quot;month&quot;:10,&quot;day&quot;:27},&quot;time&quot;:{&quot;hour&quot;:1,&quot;minute&quot;:9,&quot;second&quot;:48,&quot;nano&quot;:723900400}}},{&quot;price&quot;:2.6,&quot;quantity&quot;:2,&quot;item&quot;:&quot;Skittles&quot;,&quot;datePurchased&quot;:{&quot;date&quot;:{&quot;year&quot;:2022,&quot;month&quot;:10,&quot;day&quot;:27},&quot;time&quot;:{&quot;hour&quot;:1,&quot;minute&quot;:9,&quot;second&quot;:48,&quot;nano&quot;:725905900}}},{&quot;price&quot;:4.8,&quot;quantity&quot;:2,&quot;item&quot;:&quot;Juice&quot;,&quot;datePurchased&quot;:{&quot;date&quot;:{&quot;year&quot;:2022,&quot;month&quot;:10,&quot;day&quot;:27},&quot;time&quot;:{&quot;hour&quot;:1,&quot;minute&quot;:9,&quot;second&quot;:48,&quot;nano&quot;:725905900}}},{&quot;price&quot;:2.6,&quot;quantity&quot;:2,&quot;item&quot;:&quot;Mentos&quot;,&quot;datePurchased&quot;:{&quot;date&quot;:{&quot;year&quot;:2022,&quot;month&quot;:10,&quot;day&quot;:27},&quot;time&quot;:{&quot;hour&quot;:1,&quot;minute&quot;:9,&quot;second&quot;:48,&quot;nano&quot;:725905900}}},{&quot;price&quot;:4.5,&quot;quantity&quot;:2,&quot;item&quot;:&quot;Pringles&quot;,&quot;datePurchased&quot;:{&quot;date&quot;:{&quot;year&quot;:2022,&quot;month&quot;:10,&quot;day&quot;:27},&quot;time&quot;:{&quot;hour&quot;:1,&quot;minute&quot;:9,&quot;second&quot;:48,&quot;nano&quot;:725905900}}},{&quot;price&quot;:4.2,&quot;quantity&quot;:2,&quot;item&quot;:&quot;Kettle&quot;,&quot;datePurchased&quot;:{&quot;date&quot;:{&quot;year&quot;:2022,&quot;month&quot;:10,&quot;day&quot;:27},&quot;time&quot;:{&quot;hour&quot;:1,&quot;minute&quot;:9,&quot;second&quot;:48,&quot;nano&quot;:725905900}}},{&quot;price&quot;:4.2,&quot;quantity&quot;:2,&quot;item&quot;:&quot;Thins&quot;,&quot;datePurchased&quot;:{&quot;date&quot;:{&quot;year&quot;:2022,&quot;month&quot;:10,&quot;day&quot;:27},&quot;time&quot;:{&quot;hour&quot;:1,&quot;minute&quot;:9,&quot;second&quot;:48,&quot;nano&quot;:725905900}}},{&quot;price&quot;:4.5,&quot;quantity&quot;:2,&quot;item&quot;:&quot;Sprite&quot;,&quot;datePurchased&quot;:{&quot;date&quot;:{&quot;year&quot;:2022,&quot;month&quot;:10,&quot;day&quot;:27},&quot;time&quot;:{&quot;hour&quot;:1,&quot;minute&quot;:9,&quot;second&quot;:48,&quot;nano&quot;:725905900}}},{&quot;price&quot;:3.95,&quot;quantity&quot;:2,&quot;item&quot;:&quot;Mineral Water&quot;,&quot;datePurchased&quot;:{&quot;date&quot;:{&quot;year&quot;:2022,&quot;month&quot;:10,&quot;day&quot;:27},&quot;time&quot;:{&quot;hour&quot;:1,&quot;minute&quot;:9,&quot;second&quot;:48,&quot;nano&quot;:725905900}}},{&quot;price&quot;:4.1,&quot;quantity&quot;:2,&quot;item&quot;:&quot;M\u0026M&quot;,&quot;datePurchased&quot;:{&quot;date&quot;:{&quot;year&quot;:2022,&quot;month&quot;:10,&quot;day&quot;:27},&quot;time&quot;:{&quot;hour&quot;:1,&quot;minute&quot;:9,&quot;second&quot;:48,&quot;nano&quot;:725905900}}},{&quot;price&quot;:4.0,&quot;quantity&quot;:2,&quot;item&quot;:&quot;Snickers&quot;,&quot;datePurchased&quot;:{&quot;date&quot;:{&quot;year&quot;:2022,&quot;month&quot;:10,&quot;day&quot;:27},&quot;time&quot;:{&quot;hour&quot;:1,&quot;minute&quot;:9,&quot;second&quot;:48,&quot;nano&quot;:725905900}}},{&quot;price&quot;:3.95,&quot;quantity&quot;:2,&quot;item&quot;:&quot;Bounty&quot;,&quot;datePurchased&quot;:{&quot;date&quot;:{&quot;year&quot;:2022,&quot;month&quot;:10,&quot;day&quot;:27},&quot;time&quot;:{&quot;hour&quot;:1,&quot;minute&quot;:9,&quot;second&quot;:48,&quot;nano&quot;:725905900}}},{&quot;price&quot;:2.8,&quot;quantity&quot;:2,&quot;item&quot;:&quot;Sour Patch&quot;,&quot;datePurchased&quot;:{&quot;date&quot;:{&quot;year&quot;:2022,&quot;month&quot;:10,&quot;day&quot;:27},&quot;time&quot;:{&quot;hour&quot;:1,&quot;minute&quot;:9,&quot;second&quot;:48,&quot;nano&quot;:725905900}}},{&quot;price&quot;:4.2,&quot;quantity&quot;:2,&quot;item&quot;:&quot;Smiths&quot;,&quot;datePurchased&quot;:{&quot;date&quot;:{&quot;year&quot;:2022,&quot;month&quot;:10,&quot;day&quot;:27},&quot;time&quot;:{&quot;hour&quot;:1,&quot;minute&quot;:9,&quot;second&quot;:48,&quot;nano&quot;:725905900}}},{&quot;price&quot;:3.95,&quot;quantity&quot;:2,&quot;item&quot;:&quot;Mars&quot;,&quot;datePurchased&quot;:{&quot;date&quot;:{&quot;year&quot;:2022,&quot;month&quot;:10,&quot;day&quot;:27},&quot;time&quot;:{&quot;hour&quot;:1,&quot;minute&quot;:9,&quot;second&quot;:48,&quot;nano&quot;:725905900}}},{&quot;price&quot;:4.5,&quot;quantity&quot;:2,&quot;item&quot;:&quot;Pepsi&quot;,&quot;datePurchased&quot;:{&quot;date&quot;:{&quot;year&quot;:2022,&quot;month&quot;:10,&quot;day&quot;:27},&quot;time&quot;:{&quot;hour&quot;:1,&quot;minute&quot;:10,&quot;second&quot;:47,&quot;nano&quot;:677954000}}},{&quot;price&quot;:2.6,&quot;quantity&quot;:2,&quot;item&quot;:&quot;Skittles&quot;,&quot;datePurchased&quot;:{&quot;date&quot;:{&quot;year&quot;:2022,&quot;month&quot;:10,&quot;day&quot;:27},&quot;time&quot;:{&quot;hour&quot;:1,&quot;minute&quot;:10,&quot;second&quot;:47,&quot;nano&quot;:678953300}}},{&quot;price&quot;:4.8,&quot;quantity&quot;:2,&quot;item&quot;:&quot;Juice&quot;,&quot;datePurchased&quot;:{&quot;date&quot;:{&quot;year&quot;:2022,&quot;month&quot;:10,&quot;day&quot;:27},&quot;time&quot;:{&quot;hour&quot;:1,&quot;minute&quot;:10,&quot;second&quot;:47,&quot;nano&quot;:678953300}}},{&quot;price&quot;:2.6,&quot;quantity&quot;:2,&quot;item&quot;:&quot;Mentos&quot;,&quot;datePurchased&quot;:{&quot;date&quot;:{&quot;year&quot;:2022,&quot;month&quot;:10,&quot;day&quot;:27},&quot;time&quot;:{&quot;hour&quot;:1,&quot;minute&quot;:10,&quot;second&quot;:47,&quot;nano&quot;:678953300}}},{&quot;price&quot;:4.5,&quot;quantity&quot;:2,&quot;item&quot;:&quot;Pringles&quot;,&quot;datePurchased&quot;:{&quot;date&quot;:{&quot;year&quot;:2022,&quot;month&quot;:10,&quot;day&quot;:27},&quot;time&quot;:{&quot;hour&quot;:1,&quot;minute&quot;:10,&quot;second&quot;:47,&quot;nano&quot;:678953300}}},{&quot;price&quot;:4.2,&quot;quantity&quot;:2,&quot;item&quot;:&quot;Kettle&quot;,&quot;datePurchased&quot;:{&quot;date&quot;:{&quot;year&quot;:2022,&quot;month&quot;:10,&quot;day&quot;:27},&quot;time&quot;:{&quot;hour&quot;:1,&quot;minute&quot;:10,&quot;second&quot;:47,&quot;nano&quot;:678953300}}},{&quot;price&quot;:4.2,&quot;quantity&quot;:2,&quot;item&quot;:&quot;Thins&quot;,&quot;datePurchased&quot;:{&quot;date&quot;:{&quot;year&quot;:2022,&quot;month&quot;:10,&quot;day&quot;:27},&quot;time&quot;:{&quot;hour&quot;:1,&quot;minute&quot;:10,&quot;second&quot;:47,&quot;nano&quot;:678953300}}},{&quot;price&quot;:4.5,&quot;quantity&quot;:2,&quot;item&quot;:&quot;Sprite&quot;,&quot;datePurchased&quot;:{&quot;date&quot;:{&quot;year&quot;:2022,&quot;month&quot;:10,&quot;day&quot;:27},&quot;time&quot;:{&quot;hour&quot;:1,&quot;minute&quot;:10,&quot;second&quot;:47,&quot;nano&quot;:678953300}}},{&quot;price&quot;:3.95,&quot;quantity&quot;:2,&quot;item&quot;:&quot;Mineral Water&quot;,&quot;datePurchased&quot;:{&quot;date&quot;:{&quot;year&quot;:2022,&quot;month&quot;:10,&quot;day&quot;:27},&quot;time&quot;:{&quot;hour&quot;:1,&quot;minute&quot;:10,&quot;second&quot;:47,&quot;nano&quot;:678953300}}},{&quot;price&quot;:4.1,&quot;quantity&quot;:2,&quot;item&quot;:&quot;M\u0026M&quot;,&quot;datePurchased&quot;:{&quot;date&quot;:{&quot;year&quot;:2022,&quot;month&quot;:10,&quot;day&quot;:27},&quot;time&quot;:{&quot;hour&quot;:1,&quot;minute&quot;:10,&quot;second&quot;:47,&quot;nano&quot;:678953300}}},{&quot;price&quot;:4.0,&quot;quantity&quot;:2,&quot;item&quot;:&quot;Snickers&quot;,&quot;datePurchased&quot;:{&quot;date&quot;:{&quot;year&quot;:2022,&quot;month&quot;:10,&quot;day&quot;:27},&quot;time&quot;:{&quot;hour&quot;:1,&quot;minute&quot;:10,&quot;second&quot;:47,&quot;nano&quot;:678953300}}},{&quot;price&quot;:3.95,&quot;quantity&quot;:2,&quot;item&quot;:&quot;Bounty&quot;,&quot;datePurchased&quot;:{&quot;date&quot;:{&quot;year&quot;:2022,&quot;month&quot;:10,&quot;day&quot;:27},&quot;time&quot;:{&quot;hour&quot;:1,&quot;minute&quot;:10,&quot;second&quot;:47,&quot;nano&quot;:678953300}}},{&quot;price&quot;:2.8,&quot;quantity&quot;:2,&quot;item&quot;:&quot;Sour Patch&quot;,&quot;datePurchased&quot;:{&quot;date&quot;:{&quot;year&quot;:2022,&quot;month&quot;:10,&quot;day&quot;:27},&quot;time&quot;:{&quot;hour&quot;:1,&quot;minute&quot;:10,&quot;second&quot;:47,&quot;nano&quot;:678953300}}},{&quot;price&quot;:4.2,&quot;quantity&quot;:2,&quot;item&quot;:&quot;Smiths&quot;,&quot;datePurchased&quot;:{&quot;date&quot;:{&quot;year&quot;:2022,&quot;month&quot;:10,&quot;day&quot;:27},&quot;time&quot;:{&quot;hour&quot;:1,&quot;minute&quot;:10,&quot;second&quot;:47,&quot;nano&quot;:678953300}}},{&quot;price&quot;:3.95,&quot;quantity&quot;:2,&quot;item&quot;:&quot;Mars&quot;,&quot;datePurchased&quot;:{&quot;date&quot;:{&quot;year&quot;:2022,&quot;month&quot;:10,&quot;day&quot;:27},&quot;time&quot;:{&quot;hour&quot;:1,&quot;minute&quot;:10,&quot;second&quot;:47,&quot;nano&quot;:678953300}}},{&quot;price&quot;:4.0,&quot;quantity&quot;:2,&quot;item&quot;:&quot;Snickers&quot;,&quot;datePurchased&quot;:{&quot;date&quot;:{&quot;year&quot;:2022,&quot;month&quot;:10,&quot;day&quot;:27},&quot;time&quot;:{&quot;hour&quot;:1,&quot;minute&quot;:11,&quot;second&quot;:2,&quot;nano&quot;:808017500}}},{&quot;price&quot;:4.5,&quot;quantity&quot;:2,&quot;item&quot;:&quot;Pepsi&quot;,&quot;datePurchased&quot;:{&quot;date&quot;:{&quot;year&quot;:2022,&quot;month&quot;:10,&quot;day&quot;:27},&quot;time&quot;:{&quot;hour&quot;:1,&quot;minute&quot;:11,&quot;second&quot;:2,&quot;nano&quot;:810016300}}},{&quot;price&quot;:4.5,&quot;quantity&quot;:2,&quot;item&quot;:&quot;Pringles&quot;,&quot;datePurchased&quot;:{&quot;date&quot;:{&quot;year&quot;:2022,&quot;month&quot;:10,&quot;day&quot;:27},&quot;time&quot;:{&quot;hour&quot;:1,&quot;minute&quot;:11,&quot;second&quot;:2,&quot;nano&quot;:810016300}}},{&quot;price&quot;:4.2,&quot;quantity&quot;:2,&quot;item&quot;:&quot;Kettle&quot;,&quot;datePurchased&quot;:{&quot;date&quot;:{&quot;year&quot;:2022,&quot;month&quot;:10,&quot;day&quot;:27},&quot;time&quot;:{&quot;hour&quot;:1,&quot;minute&quot;:11,&quot;second&quot;:2,&quot;nano&quot;:810016300}}},{&quot;price&quot;:3.95,&quot;quantity&quot;:2,&quot;item&quot;:&quot;Bounty&quot;,&quot;datePurchased&quot;:{&quot;date&quot;:{&quot;year&quot;:2022,&quot;month&quot;:10,&quot;day&quot;:27},&quot;time&quot;:{&quot;hour&quot;:1,&quot;minute&quot;:11,&quot;second&quot;:2,&quot;nano&quot;:810016300}}},{&quot;price&quot;:4.1,&quot;quantity&quot;:2,&quot;item&quot;:&quot;M\u0026M&quot;,&quot;datePurchased&quot;:{&quot;date&quot;:{&quot;year&quot;:2022,&quot;month&quot;:10,&quot;day&quot;:27},&quot;time&quot;:{&quot;hour&quot;:1,&quot;minute&quot;:11,&quot;second&quot;:2,&quot;nano&quot;:810016300}}},{&quot;price&quot;:4.2,&quot;quantity&quot;:2,&quot;item&quot;:&quot;Thins&quot;,&quot;datePurchased&quot;:{&quot;date&quot;:{&quot;year&quot;:2022,&quot;month&quot;:10,&quot;day&quot;:27},&quot;time&quot;:{&quot;hour&quot;:1,&quot;minute&quot;:11,&quot;second&quot;:2,&quot;nano&quot;:810016300}}},{&quot;price&quot;:4.2,&quot;quantity&quot;:2,&quot;item&quot;:&quot;Smiths&quot;,&quot;datePurchased&quot;:{&quot;date&quot;:{&quot;year&quot;:2022,&quot;month&quot;:10,&quot;day&quot;:27},&quot;time&quot;:{&quot;hour&quot;:1,&quot;minute&quot;:11,&quot;second&quot;:2,&quot;nano&quot;:810016300}}},{&quot;price&quot;:4.8,&quot;quantity&quot;:2,&quot;item&quot;:&quot;Juice&quot;,&quot;datePurchased&quot;:{&quot;date&quot;:{&quot;year&quot;:2022,&quot;month&quot;:10,&quot;day&quot;:27},&quot;time&quot;:{&quot;hour&quot;:1,&quot;minute&quot;:11,&quot;second&quot;:2,&quot;nano&quot;:810016300}}},{&quot;price&quot;:2.8,&quot;quantity&quot;:2,&quot;item&quot;:&quot;Sour Patch&quot;,&quot;datePurchased&quot;:{&quot;date&quot;:{&quot;year&quot;:2022,&quot;month&quot;:10,&quot;day&quot;:27},&quot;time&quot;:{&quot;hour&quot;:1,&quot;minute&quot;:11,&quot;second&quot;:2,&quot;nano&quot;:810016300}}},{&quot;price&quot;:2.6,&quot;quantity&quot;:2,&quot;item&quot;:&quot;Skittles&quot;,&quot;datePurchased&quot;:{&quot;date&quot;:{&quot;year&quot;:2022,&quot;month&quot;:10,&quot;day&quot;:27},&quot;time&quot;:{&quot;hour&quot;:1,&quot;minute&quot;:11,&quot;second&quot;:2,&quot;nano&quot;:810016300}}},{&quot;price&quot;:3.95,&quot;quantity&quot;:2,&quot;item&quot;:&quot;Mineral Water&quot;,&quot;datePurchased&quot;:{&quot;date&quot;:{&quot;year&quot;:2022,&quot;month&quot;:10,&quot;day&quot;:27},&quot;time&quot;:{&quot;hour&quot;:1,&quot;minute&quot;:11,&quot;second&quot;:2,&quot;nano&quot;:810016300}}},{&quot;price&quot;:4.5,&quot;quantity&quot;:2,&quot;item&quot;:&quot;Sprite&quot;,&quot;datePurchased&quot;:{&quot;date&quot;:{&quot;year&quot;:2022,&quot;month&quot;:10,&quot;day&quot;:27},&quot;time&quot;:{&quot;hour&quot;:1,&quot;minute&quot;:11,&quot;second&quot;:2,&quot;nano&quot;:810016300}}},{&quot;price&quot;:3.95,&quot;quantity&quot;:2,&quot;item&quot;:&quot;Mars&quot;,&quot;datePurchased&quot;:{&quot;date&quot;:{&quot;year&quot;:2022,&quot;month&quot;:10,&quot;day&quot;:27},&quot;time&quot;:{&quot;hour&quot;:1,&quot;minute&quot;:11,&quot;second&quot;:2,&quot;nano&quot;:810016300}}},{&quot;price&quot;:2.6,&quot;quantity&quot;:2,&quot;item&quot;:&quot;Mentos&quot;,&quot;datePurchased&quot;:{&quot;date&quot;:{&quot;year&quot;:2022,&quot;month&quot;:10,&quot;day&quot;:27},&quot;time&quot;:{&quot;hour&quot;:1,&quot;minute&quot;:11,&quot;second&quot;:2,&quot;nano&quot;:810016300}}},{&quot;price&quot;:4.1,&quot;quantity&quot;:2,&quot;item&quot;:&quot;M\u0026M&quot;,&quot;datePurchased&quot;:{&quot;date&quot;:{&quot;year&quot;:2022,&quot;month&quot;:10,&quot;day&quot;:27},&quot;time&quot;:{&quot;hour&quot;:1,&quot;minute&quot;:12,&quot;second&quot;:35,&quot;nano&quot;:940909100}}},{&quot;price&quot;:3.95,&quot;quantity&quot;:2,&quot;item&quot;:&quot;Mineral Water&quot;,&quot;datePurchased&quot;:{&quot;date&quot;:{&quot;year&quot;:2022,&quot;month&quot;:10,&quot;day&quot;:27},&quot;time&quot;:{&quot;hour&quot;:1,&quot;minute&quot;:12,&quot;second&quot;:35,&quot;nano&quot;:941906000}}},{&quot;price&quot;:4.0,&quot;quantity&quot;:2,&quot;item&quot;:&quot;Snickers&quot;,&quot;datePurchased&quot;:{&quot;date&quot;:{&quot;year&quot;:2022,&quot;month&quot;:10,&quot;day&quot;:27},&quot;time&quot;:{&quot;hour&quot;:1,&quot;minute&quot;:12,&quot;second&quot;:35,&quot;nano&quot;:941906000}}},{&quot;price&quot;:4.2,&quot;quantity&quot;:2,&quot;item&quot;:&quot;Smiths&quot;,&quot;datePurchased&quot;:{&quot;date&quot;:{&quot;year&quot;:2022,&quot;month&quot;:10,&quot;day&quot;:27},&quot;time&quot;:{&quot;hour&quot;:1,&quot;minute&quot;:12,&quot;second&quot;:35,&quot;nano&quot;:941906000}}},{&quot;price&quot;:2.6,&quot;quantity&quot;:2,&quot;item&quot;:&quot;Skittles&quot;,&quot;datePurchased&quot;:{&quot;date&quot;:{&quot;year&quot;:2022,&quot;month&quot;:10,&quot;day&quot;:27},&quot;time&quot;:{&quot;hour&quot;:1,&quot;minute&quot;:12,&quot;second&quot;:35,&quot;nano&quot;:941906000}}},{&quot;price&quot;:3.95,&quot;quantity&quot;:2,&quot;item&quot;:&quot;Mars&quot;,&quot;datePurchased&quot;:{&quot;date&quot;:{&quot;year&quot;:2022,&quot;month&quot;:10,&quot;day&quot;:27},&quot;time&quot;:{&quot;hour&quot;:1,&quot;minute&quot;:12,&quot;second&quot;:35,&quot;nano&quot;:941906000}}},{&quot;price&quot;:2.8,&quot;quantity&quot;:2,&quot;item&quot;:&quot;Sour Patch&quot;,&quot;datePurchased&quot;:{&quot;date&quot;:{&quot;year&quot;:2022,&quot;month&quot;:10,&quot;day&quot;:27},&quot;time&quot;:{&quot;hour&quot;:1,&quot;minute&quot;:12,&quot;second&quot;:35,&quot;nano&quot;:941906000}}},{&quot;price&quot;:4.8,&quot;quantity&quot;:2,&quot;item&quot;:&quot;Juice&quot;,&quot;datePurchased&quot;:{&quot;date&quot;:{&quot;year&quot;:2022,&quot;month&quot;:10,&quot;day&quot;:27},&quot;time&quot;:{&quot;hour&quot;:1,&quot;minute&quot;:12,&quot;second&quot;:35,&quot;nano&quot;:941906000}}},{&quot;price&quot;:4.5,&quot;quantity&quot;:2,&quot;item&quot;:&quot;Pringles&quot;,&quot;datePurchased&quot;:{&quot;date&quot;:{&quot;year&quot;:2022,&quot;month&quot;:10,&quot;day&quot;:27},&quot;time&quot;:{&quot;hour&quot;:1,&quot;minute&quot;:12,&quot;second&quot;:35,&quot;nano&quot;:941906000}}},{&quot;price&quot;:3.95,&quot;quantity&quot;:2,&quot;item&quot;:&quot;Bounty&quot;,&quot;datePurchased&quot;:{&quot;date&quot;:{&quot;year&quot;:2022,&quot;month&quot;:10,&quot;day&quot;:27},&quot;time&quot;:{&quot;hour&quot;:1,&quot;minute&quot;:12,&quot;second&quot;:35,&quot;nano&quot;:941906000}}},{&quot;price&quot;:4.5,&quot;quantity&quot;:2,&quot;item&quot;:&quot;Sprite&quot;,&quot;datePurchased&quot;:{&quot;date&quot;:{&quot;year&quot;:2022,&quot;month&quot;:10,&quot;day&quot;:27},&quot;time&quot;:{&quot;hour&quot;:1,&quot;minute&quot;:12,&quot;second&quot;:35,&quot;nano&quot;:941906000}}},{&quot;price&quot;:4.2,&quot;quantity&quot;:2,&quot;item&quot;:&quot;Thins&quot;,&quot;datePurchased&quot;:{&quot;date&quot;:{&quot;year&quot;:2022,&quot;month&quot;:10,&quot;day&quot;:27},&quot;time&quot;:{&quot;hour&quot;:1,&quot;minute&quot;:12,&quot;second&quot;:35,&quot;nano&quot;:941906000}}},{&quot;price&quot;:2.6,&quot;quantity&quot;:2,&quot;item&quot;:&quot;Mentos&quot;,&quot;datePurchased&quot;:{&quot;date&quot;:{&quot;year&quot;:2022,&quot;month&quot;:10,&quot;day&quot;:27},&quot;time&quot;:{&quot;hour&quot;:1,&quot;minute&quot;:12,&quot;second&quot;:35,&quot;nano&quot;:941906000}}},{&quot;price&quot;:4.5,&quot;quantity&quot;:2,&quot;item&quot;:&quot;Pepsi&quot;,&quot;datePurchased&quot;:{&quot;date&quot;:{&quot;year&quot;:2022,&quot;month&quot;:10,&quot;day&quot;:27},&quot;time&quot;:{&quot;hour&quot;:1,&quot;minute&quot;:12,&quot;second&quot;:35,&quot;nano&quot;:941906000}}},{&quot;price&quot;:4.2,&quot;quantity&quot;:2,&quot;item&quot;:&quot;Kettle&quot;,&quot;datePurchased&quot;:{&quot;date&quot;:{&quot;year&quot;:2022,&quot;month&quot;:10,&quot;day&quot;:27},&quot;time&quot;:{&quot;hour&quot;:1,&quot;minute&quot;:12,&quot;second&quot;:35,&quot;nano&quot;:941906000}}},{&quot;price&quot;:4.1,&quot;quantity&quot;:2,&quot;item&quot;:&quot;M\u0026M&quot;,&quot;datePurchased&quot;:{&quot;date&quot;:{&quot;year&quot;:2022,&quot;month&quot;:10,&quot;day&quot;:27},&quot;time&quot;:{&quot;hour&quot;:1,&quot;minute&quot;:13,&quot;second&quot;:8,&quot;nano&quot;:30374600}}},{&quot;price&quot;:3.95,&quot;quantity&quot;:2,&quot;item&quot;:&quot;Mineral Water&quot;,&quot;datePurchased&quot;:{&quot;date&quot;:{&quot;year&quot;:2022,&quot;month&quot;:10,&quot;day&quot;:27},&quot;time&quot;:{&quot;hour&quot;:1,&quot;minute&quot;:13,&quot;second&quot;:8,&quot;nano&quot;:33884500}}},{&quot;price&quot;:4.0,&quot;quantity&quot;:2,&quot;item&quot;:&quot;Snickers&quot;,&quot;datePurchased&quot;:{&quot;date&quot;:{&quot;year&quot;:2022,&quot;month&quot;:10,&quot;day&quot;:27},&quot;time&quot;:{&quot;hour&quot;:1,&quot;minute&quot;:13,&quot;second&quot;:8,&quot;nano&quot;:33884500}}},{&quot;price&quot;:4.2,&quot;quantity&quot;:2,&quot;item&quot;:&quot;Smiths&quot;,&quot;datePurchased&quot;:{&quot;date&quot;:{&quot;year&quot;:2022,&quot;month&quot;:10,&quot;day&quot;:27},&quot;time&quot;:{&quot;hour&quot;:1,&quot;minute&quot;:13,&quot;second&quot;:8,&quot;nano&quot;:33884500}}},{&quot;price&quot;:2.6,&quot;quantity&quot;:2,&quot;item&quot;:&quot;Skittles&quot;,&quot;datePurchased&quot;:{&quot;date&quot;:{&quot;year&quot;:2022,&quot;month&quot;:10,&quot;day&quot;:27},&quot;time&quot;:{&quot;hour&quot;:1,&quot;minute&quot;:13,&quot;second&quot;:8,&quot;nano&quot;:33884500}}},{&quot;price&quot;:3.95,&quot;quantity&quot;:2,&quot;item&quot;:&quot;Mars&quot;,&quot;datePurchased&quot;:{&quot;date&quot;:{&quot;year&quot;:2022,&quot;month&quot;:10,&quot;day&quot;:27},&quot;time&quot;:{&quot;hour&quot;:1,&quot;minute&quot;:13,&quot;second&quot;:8,&quot;nano&quot;:33884500}}},{&quot;price&quot;:2.8,&quot;quantity&quot;:2,&quot;item&quot;:&quot;Sour Patch&quot;,&quot;datePurchased&quot;:{&quot;date&quot;:{&quot;year&quot;:2022,&quot;month&quot;:10,&quot;day&quot;:27},&quot;time&quot;:{&quot;hour&quot;:1,&quot;minute&quot;:13,&quot;second&quot;:8,&quot;nano&quot;:33884500}}},{&quot;price&quot;:4.8,&quot;quantity&quot;:2,&quot;item&quot;:&quot;Juice&quot;,&quot;datePurchased&quot;:{&quot;date&quot;:{&quot;year&quot;:2022,&quot;month&quot;:10,&quot;day&quot;:27},&quot;time&quot;:{&quot;hour&quot;:1,&quot;minute&quot;:13,&quot;second&quot;:8,&quot;nano&quot;:33884500}}},{&quot;price&quot;:4.5,&quot;quantity&quot;:2,&quot;item&quot;:&quot;Pringles&quot;,&quot;datePurchased&quot;:{&quot;date&quot;:{&quot;year&quot;:2022,&quot;month&quot;:10,&quot;day&quot;:27},&quot;time&quot;:{&quot;hour&quot;:1,&quot;minute&quot;:13,&quot;second&quot;:8,&quot;nano&quot;:33884500}}},{&quot;price&quot;:3.95,&quot;quantity&quot;:2,&quot;item&quot;:&quot;Bounty&quot;,&quot;datePurchased&quot;:{&quot;date&quot;:{&quot;year&quot;:2022,&quot;month&quot;:10,&quot;day&quot;:27},&quot;time&quot;:{&quot;hour&quot;:1,&quot;minute&quot;:13,&quot;second&quot;:8,&quot;nano&quot;:33884500}}},{&quot;price&quot;:4.5,&quot;quantity&quot;:2,&quot;item&quot;:&quot;Sprite&quot;,&quot;datePurchased&quot;:{&quot;date&quot;:{&quot;year&quot;:2022,&quot;month&quot;:10,&quot;day&quot;:27},&quot;time&quot;:{&quot;hour&quot;:1,&quot;minute&quot;:13,&quot;second&quot;:8,&quot;nano&quot;:33884500}}},{&quot;price&quot;:4.2,&quot;quantity&quot;:2,&quot;item&quot;:&quot;Thins&quot;,&quot;datePurchased&quot;:{&quot;date&quot;:{&quot;year&quot;:2022,&quot;month&quot;:10,&quot;day&quot;:27},&quot;time&quot;:{&quot;hour&quot;:1,&quot;minute&quot;:13,&quot;second&quot;:8,&quot;nano&quot;:33884500}}},{&quot;price&quot;:2.6,&quot;quantity&quot;:2,&quot;item&quot;:&quot;Mentos&quot;,&quot;datePurchased&quot;:{&quot;date&quot;:{&quot;year&quot;:2022,&quot;month&quot;:10,&quot;day&quot;:27},&quot;time&quot;:{&quot;hour&quot;:1,&quot;minute&quot;:13,&quot;second&quot;:8,&quot;nano&quot;:33884500}}},{&quot;price&quot;:4.5,&quot;quantity&quot;:2,&quot;item&quot;:&quot;Pepsi&quot;,&quot;datePurchased&quot;:{&quot;date&quot;:{&quot;year&quot;:2022,&quot;month&quot;:10,&quot;day&quot;:27},&quot;time&quot;:{&quot;hour&quot;:1,&quot;minute&quot;:13,&quot;second&quot;:8,&quot;nano&quot;:33884500}}},{&quot;price&quot;:4.2,&quot;quantity&quot;:2,&quot;item&quot;:&quot;Kettle&quot;,&quot;datePurchased&quot;:{&quot;date&quot;:{&quot;year&quot;:2022,&quot;month&quot;:10,&quot;day&quot;:27},&quot;time&quot;:{&quot;hour&quot;:1,&quot;minute&quot;:13,&quot;second&quot;:8,&quot;nano&quot;:33884500}}},{&quot;price&quot;:3.95,&quot;quantity&quot;:2,&quot;item&quot;:&quot;Bounty&quot;,&quot;datePurchased&quot;:{&quot;date&quot;:{&quot;year&quot;:2022,&quot;month&quot;:10,&quot;day&quot;:27},&quot;time&quot;:{&quot;hour&quot;:1,&quot;minute&quot;:13,&quot;second&quot;:8,&quot;nano&quot;:81593400}}},{&quot;price&quot;:2.6,&quot;quantity&quot;:2,&quot;item&quot;:&quot;Mentos&quot;,&quot;datePurchased&quot;:{&quot;date&quot;:{&quot;year&quot;:2022,&quot;month&quot;:10,&quot;day&quot;:27},&quot;time&quot;:{&quot;hour&quot;:1,&quot;minute&quot;:13,&quot;second&quot;:8,&quot;nano&quot;:81593400}}},{&quot;price&quot;:4.2,&quot;quantity&quot;:2,&quot;item&quot;:&quot;Smiths&quot;,&quot;datePurchased&quot;:{&quot;date&quot;:{&quot;year&quot;:2022,&quot;month&quot;:10,&quot;day&quot;:27},&quot;time&quot;:{&quot;hour&quot;:1,&quot;minute&quot;:13,&quot;second&quot;:8,&quot;nano&quot;:81593400}}},{&quot;price&quot;:4.2,&quot;quantity&quot;:2,&quot;item&quot;:&quot;Kettle&quot;,&quot;datePurchased&quot;:{&quot;date&quot;:{&quot;year&quot;:2022,&quot;month&quot;:10,&quot;day&quot;:27},&quot;time&quot;:{&quot;hour&quot;:1,&quot;minute&quot;:13,&quot;second&quot;:8,&quot;nano&quot;:81593400}}},{&quot;price&quot;:3.95,&quot;quantity&quot;:2,&quot;item&quot;:&quot;Mineral Water&quot;,&quot;datePurchased&quot;:{&quot;date&quot;:{&quot;year&quot;:2022,&quot;month&quot;:10,&quot;day&quot;:27},&quot;time&quot;:{&quot;hour&quot;:1,&quot;minute&quot;:13,&quot;second&quot;:8,&quot;nano&quot;:81593400}}},{&quot;price&quot;:4.8,&quot;quantity&quot;:2,&quot;item&quot;:&quot;Juice&quot;,&quot;datePurchased&quot;:{&quot;date&quot;:{&quot;year&quot;:2022,&quot;month&quot;:10,&quot;day&quot;:27},&quot;time&quot;:{&quot;hour&quot;:1,&quot;minute&quot;:13,&quot;second&quot;:8,&quot;nano&quot;:81593400}}},{&quot;price&quot;:3.95,&quot;quantity&quot;:2,&quot;item&quot;:&quot;Mars&quot;,&quot;datePurchased&quot;:{&quot;date&quot;:{&quot;year&quot;:2022,&quot;month&quot;:10,&quot;day&quot;:27},&quot;time&quot;:{&quot;hour&quot;:1,&quot;minute&quot;:13,&quot;second&quot;:8,&quot;nano&quot;:81593400}}},{&quot;price&quot;:4.5,&quot;quantity&quot;:2,&quot;item&quot;:&quot;Sprite&quot;,&quot;datePurchased&quot;:{&quot;date&quot;:{&quot;year&quot;:2022,&quot;month&quot;:10,&quot;day&quot;:27},&quot;time&quot;:{&quot;hour&quot;:1,&quot;minute&quot;:13,&quot;second&quot;:8,&quot;nano&quot;:81593400}}},{&quot;price&quot;:2.6,&quot;quantity&quot;:2,&quot;item&quot;:&quot;Skittles&quot;,&quot;datePurchased&quot;:{&quot;date&quot;:{&quot;year&quot;:2022,&quot;month&quot;:10,&quot;day&quot;:27},&quot;time&quot;:{&quot;hour&quot;:1,&quot;minute&quot;:13,&quot;second&quot;:8,&quot;nano&quot;:81593400}}},{&quot;price&quot;:4.2,&quot;quantity&quot;:2,&quot;item&quot;:&quot;Thins&quot;,&quot;datePurchased&quot;:{&quot;date&quot;:{&quot;year&quot;:2022,&quot;month&quot;:10,&quot;day&quot;:27},&quot;time&quot;:{&quot;hour&quot;:1,&quot;minute&quot;:13,&quot;second&quot;:8,&quot;nano&quot;:81593400}}},{&quot;price&quot;:2.8,&quot;quantity&quot;:2,&quot;item&quot;:&quot;Sour Patch&quot;,&quot;datePurchased&quot;:{&quot;date&quot;:{&quot;year&quot;:2022,&quot;month&quot;:10,&quot;day&quot;:27},&quot;time&quot;:{&quot;hour&quot;:1,&quot;minute&quot;:13,&quot;second&quot;:8,&quot;nano&quot;:81593400}}},{&quot;price&quot;:4.1,&quot;quantity&quot;:2,&quot;item&quot;:&quot;M\u0026M&quot;,&quot;datePurchased&quot;:{&quot;date&quot;:{&quot;year&quot;:2022,&quot;month&quot;:10,&quot;day&quot;:27},&quot;time&quot;:{&quot;hour&quot;:1,&quot;minute&quot;:13,&quot;second&quot;:8,&quot;nano&quot;:81593400}}},{&quot;price&quot;:4.5,&quot;quantity&quot;:2,&quot;item&quot;:&quot;Pringles&quot;,&quot;datePurchased&quot;:{&quot;date&quot;:{&quot;year&quot;:2022,&quot;month&quot;:10,&quot;day&quot;:27},&quot;time&quot;:{&quot;hour&quot;:1,&quot;minute&quot;:13,&quot;second&quot;:8,&quot;nano&quot;:81593400}}},{&quot;price&quot;:4.0,&quot;quantity&quot;:2,&quot;item&quot;:&quot;Snickers&quot;,&quot;datePurchased&quot;:{&quot;date&quot;:{&quot;year&quot;:2022,&quot;month&quot;:10,&quot;day&quot;:27},&quot;time&quot;:{&quot;hour&quot;:1,&quot;minute&quot;:13,&quot;second&quot;:8,&quot;nano&quot;:81593400}}},{&quot;price&quot;:4.5,&quot;quantity&quot;:2,&quot;item&quot;:&quot;Pepsi&quot;,&quot;datePurchased&quot;:{&quot;date&quot;:{&quot;year&quot;:2022,&quot;month&quot;:10,&quot;day&quot;:27},&quot;time&quot;:{&quot;hour&quot;:1,&quot;minute&quot;:13,&quot;second&quot;:8,&quot;nano&quot;:81593400}}},{&quot;price&quot;:3.95,&quot;quantity&quot;:3,&quot;item&quot;:&quot;Bounty&quot;,&quot;datePurchased&quot;:{&quot;date&quot;:{&quot;year&quot;:2022,&quot;month&quot;:10,&quot;day&quot;:27},&quot;time&quot;:{&quot;hour&quot;:1,&quot;minute&quot;:13,&quot;second&quot;:8,&quot;nano&quot;:88424000}}},{&quot;price&quot;:2.6,&quot;quantity&quot;:3,&quot;item&quot;:&quot;Mentos&quot;,&quot;datePurchased&quot;:{&quot;date&quot;:{&quot;year&quot;:2022,&quot;month&quot;:10,&quot;day&quot;:27},&quot;time&quot;:{&quot;hour&quot;:1,&quot;minute&quot;:13,&quot;second&quot;:8,&quot;nano&quot;:88424000}}},{&quot;price&quot;:4.2,&quot;quantity&quot;:3,&quot;item&quot;:&quot;Smiths&quot;,&quot;datePurchased&quot;:{&quot;date&quot;:{&quot;year&quot;:2022,&quot;month&quot;:10,&quot;day&quot;:27},&quot;time&quot;:{&quot;hour&quot;:1,&quot;minute&quot;:13,&quot;second&quot;:8,&quot;nano&quot;:88424000}}},{&quot;price&quot;:4.2,&quot;quantity&quot;:3,&quot;item&quot;:&quot;Kettle&quot;,&quot;datePurchased&quot;:{&quot;date&quot;:{&quot;year&quot;:2022,&quot;month&quot;:10,&quot;day&quot;:27},&quot;time&quot;:{&quot;hour&quot;:1,&quot;minute&quot;:13,&quot;second&quot;:8,&quot;nano&quot;:88424000}}},{&quot;price&quot;:3.95,&quot;quantity&quot;:3,&quot;item&quot;:&quot;Mineral Water&quot;,&quot;datePurchased&quot;:{&quot;date&quot;:{&quot;year&quot;:2022,&quot;month&quot;:10,&quot;day&quot;:27},&quot;time&quot;:{&quot;hour&quot;:1,&quot;minute&quot;:13,&quot;second&quot;:8,&quot;nano&quot;:88424000}}},{&quot;price&quot;:4.8,&quot;quantity&quot;:3,&quot;item&quot;:&quot;Juice&quot;,&quot;datePurchased&quot;:{&quot;date&quot;:{&quot;year&quot;:2022,&quot;month&quot;:10,&quot;day&quot;:27},&quot;time&quot;:{&quot;hour&quot;:1,&quot;minute&quot;:13,&quot;second&quot;:8,&quot;nano&quot;:88424000}}},{&quot;price&quot;:3.95,&quot;quantity&quot;:3,&quot;item&quot;:&quot;Mars&quot;,&quot;datePurchased&quot;:{&quot;date&quot;:{&quot;year&quot;:2022,&quot;month&quot;:10,&quot;day&quot;:27},&quot;time&quot;:{&quot;hour&quot;:1,&quot;minute&quot;:13,&quot;second&quot;:8,&quot;nano&quot;:88424000}}},{&quot;price&quot;:4.5,&quot;quantity&quot;:3,&quot;item&quot;:&quot;Sprite&quot;,&quot;datePurchased&quot;:{&quot;date&quot;:{&quot;year&quot;:2022,&quot;month&quot;:10,&quot;day&quot;:27},&quot;time&quot;:{&quot;hour&quot;:1,&quot;minute&quot;:13,&quot;second&quot;:8,&quot;nano&quot;:88424000}}},{&quot;price&quot;:2.6,&quot;quantity&quot;:3,&quot;item&quot;:&quot;Skittles&quot;,&quot;datePurchased&quot;:{&quot;date&quot;:{&quot;year&quot;:2022,&quot;month&quot;:10,&quot;day&quot;:27},&quot;time&quot;:{&quot;hour&quot;:1,&quot;minute&quot;:13,&quot;second&quot;:8,&quot;nano&quot;:88424000}}},{&quot;price&quot;:4.2,&quot;quantity&quot;:3,&quot;item&quot;:&quot;Thins&quot;,&quot;datePurchased&quot;:{&quot;date&quot;:{&quot;year&quot;:2022,&quot;month&quot;:10,&quot;day&quot;:27},&quot;time&quot;:{&quot;hour&quot;:1,&quot;minute&quot;:13,&quot;second&quot;:8,&quot;nano&quot;:88424000}}},{&quot;price&quot;:2.8,&quot;quantity&quot;:3,&quot;item&quot;:&quot;Sour Patch&quot;,&quot;datePurchased&quot;:{&quot;date&quot;:{&quot;year&quot;:2022,&quot;month&quot;:10,&quot;day&quot;:27},&quot;time&quot;:{&quot;hour&quot;:1,&quot;minute&quot;:13,&quot;second&quot;:8,&quot;nano&quot;:88424000}}},{&quot;price&quot;:4.1,&quot;quantity&quot;:3,&quot;item&quot;:&quot;M\u0026M&quot;,&quot;datePurchased&quot;:{&quot;date&quot;:{&quot;year&quot;:2022,&quot;month&quot;:10,&quot;day&quot;:27},&quot;time&quot;:{&quot;hour&quot;:1,&quot;minute&quot;:13,&quot;second&quot;:8,&quot;nano&quot;:88424000}}},{&quot;price&quot;:4.5,&quot;quantity&quot;:3,&quot;item&quot;:&quot;Pringles&quot;,&quot;datePurchased&quot;:{&quot;date&quot;:{&quot;year&quot;:2022,&quot;month&quot;:10,&quot;day&quot;:27},&quot;time&quot;:{&quot;hour&quot;:1,&quot;minute&quot;:13,&quot;second&quot;:8,&quot;nano&quot;:88424000}}},{&quot;price&quot;:4.0,&quot;quantity&quot;:3,&quot;item&quot;:&quot;Snickers&quot;,&quot;datePurchased&quot;:{&quot;date&quot;:{&quot;year&quot;:2022,&quot;month&quot;:10,&quot;day&quot;:27},&quot;time&quot;:{&quot;hour&quot;:1,&quot;minute&quot;:13,&quot;second&quot;:8,&quot;nano&quot;:88424000}}},{&quot;price&quot;:4.5,&quot;quantity&quot;:3,&quot;item&quot;:&quot;Pepsi&quot;,&quot;datePurchased&quot;:{&quot;date&quot;:{&quot;year&quot;:2022,&quot;month&quot;:10,&quot;day&quot;:27},&quot;time&quot;:{&quot;hour&quot;:1,&quot;minute&quot;:13,&quot;second&quot;:8,&quot;nano&quot;:88424000}}}],&quot;cart&quot;:{}},{&quot;username&quot;:&quot;test2&quot;,&quot;password&quot;:&quot;pw&quot;,&quot;purchases&quot;:[],&quot;cart&quot;:{}},{&quot;username&quot;:&quot;test3&quot;,&quot;password&quot;:&quot;pw&quot;,&quot;purchases&quot;:[],&quot;cart&quot;:{}}]&gt; but was: &lt;[{&quot;username&quot;:&quot;test1&quot;,&quot;password&quot;:&quot;pw&quot;,&quot;purchases&quot;:[],&quot;cart&quot;:{}},{&quot;username&quot;:&quot;test2&quot;,&quot;password&quot;:&quot;pw&quot;,&quot;purchases&quot;:[],&quot;cart&quot;:{}},{&quot;username&quot;:&quot;test3&quot;,&quot;password&quot;:&quot;pw&quot;,&quot;purchases&quot;:[],&quot;cart&quot;:{}}]&gt;" type="org.opentest4j.AssertionFailedError">org.opentest4j.AssertionFailedError: expected: &lt;[{&quot;username&quot;:&quot;test1&quot;,&quot;password&quot;:&quot;pw&quot;,&quot;purchases&quot;:[{&quot;price&quot;:4.2,&quot;quantity&quot;:2,&quot;item&quot;:&quot;Thins&quot;,&quot;datePurchased&quot;:{&quot;date&quot;:{&quot;year&quot;:2022,&quot;month&quot;:10,&quot;day&quot;:27},&quot;time&quot;:{&quot;hour&quot;:1,&quot;minute&quot;:9,&quot;second&quot;:8,&quot;nano&quot;:922101400}}},{&quot;price&quot;:4.5,&quot;quantity&quot;:2,&quot;item&quot;:&quot;Pringles&quot;,&quot;datePurchased&quot;:{&quot;date&quot;:{&quot;year&quot;:2022,&quot;month&quot;:10,&quot;day&quot;:27},&quot;time&quot;:{&quot;hour&quot;:1,&quot;minute&quot;:9,&quot;second&quot;:8,&quot;nano&quot;:924622500}}},{&quot;price&quot;:4.2,&quot;quantity&quot;:2,&quot;item&quot;:&quot;Smiths&quot;,&quot;datePurchased&quot;:{&quot;date&quot;:{&quot;year&quot;:2022,&quot;month&quot;:10,&quot;day&quot;:27},&quot;time&quot;:{&quot;hour&quot;:1,&quot;minute&quot;:9,&quot;second&quot;:8,&quot;nano&quot;:924622500}}},{&quot;price&quot;:2.6,&quot;quantity&quot;:2,&quot;item&quot;:&quot;Mentos&quot;,&quot;datePurchased&quot;:{&quot;date&quot;:{&quot;year&quot;:2022,&quot;month&quot;:10,&quot;day&quot;:27},&quot;time&quot;:{&quot;hour&quot;:1,&quot;minute&quot;:9,&quot;second&quot;:8,&quot;nano&quot;:924622500}}},{&quot;price&quot;:4.1,&quot;quantity&quot;:2,&quot;item&quot;:&quot;M\u0026M&quot;,&quot;datePurchased&quot;:{&quot;date&quot;:{&quot;year&quot;:2022,&quot;month&quot;:10,&quot;day&quot;:27},&quot;time&quot;:{&quot;hour&quot;:1,&quot;minute&quot;:9,&quot;second&quot;:8,&quot;nano&quot;:924622500}}},{&quot;price&quot;:3.95,&quot;quantity&quot;:2,&quot;item&quot;:&quot;Bounty&quot;,&quot;datePurchased&quot;:{&quot;date&quot;:{&quot;year&quot;:2022,&quot;month&quot;:10,&quot;day&quot;:27},&quot;time&quot;:{&quot;hour&quot;:1,&quot;minute&quot;:9,&quot;second&quot;:8,&quot;nano&quot;:924622500}}},{&quot;price&quot;:4.8,&quot;quantity&quot;:2,&quot;item&quot;:&quot;Juice&quot;,&quot;datePurchased&quot;:{&quot;date&quot;:{&quot;year&quot;:2022,&quot;month&quot;:10,&quot;day&quot;:27},&quot;time&quot;:{&quot;hour&quot;:1,&quot;minute&quot;:9,&quot;second&quot;:8,&quot;nano&quot;:924622500}}},{&quot;price&quot;:2.8,&quot;quantity&quot;:2,&quot;item&quot;:&quot;Sour Patch&quot;,&quot;datePurchased&quot;:{&quot;date&quot;:{&quot;year&quot;:2022,&quot;month&quot;:10,&quot;day&quot;:27},&quot;time&quot;:{&quot;hour&quot;:1,&quot;minute&quot;:9,&quot;second&quot;:8,&quot;nano&quot;:924622500}}},{&quot;price&quot;:4.0,&quot;quantity&quot;:2,&quot;item&quot;:&quot;Snickers&quot;,&quot;datePurchased&quot;:{&quot;date&quot;:{&quot;year&quot;:2022,&quot;month&quot;:10,&quot;day&quot;:27},&quot;time&quot;:{&quot;hour&quot;:1,&quot;minute&quot;:9,&quot;second&quot;:8,&quot;nano&quot;:924622500}}},{&quot;price&quot;:4.5,&quot;quantity&quot;:2,&quot;item&quot;:&quot;Pepsi&quot;,&quot;datePurchased&quot;:{&quot;date&quot;:{&quot;year&quot;:2022,&quot;month&quot;:10,&quot;day&quot;:27},&quot;time&quot;:{&quot;hour&quot;:1,&quot;minute&quot;:9,&quot;second&quot;:8,&quot;nano&quot;:924622500}}},{&quot;price&quot;:3.95,&quot;quantity&quot;:2,&quot;item&quot;:&quot;Mars&quot;,&quot;datePurchased&quot;:{&quot;date&quot;:{&quot;year&quot;:2022,&quot;month&quot;:10,&quot;day&quot;:27},&quot;time&quot;:{&quot;hour&quot;:1,&quot;minute&quot;:9,&quot;second&quot;:8,&quot;nano&quot;:924622500}}},{&quot;price&quot;:4.2,&quot;quantity&quot;:2,&quot;item&quot;:&quot;Kettle&quot;,&quot;datePurchased&quot;:{&quot;date&quot;:{&quot;year&quot;:2022,&quot;month&quot;:10,&quot;day&quot;:27},&quot;time&quot;:{&quot;hour&quot;:1,&quot;minute&quot;:9,&quot;second&quot;:8,&quot;nano&quot;:924622500}}},{&quot;price&quot;:2.6,&quot;quantity&quot;:2,&quot;item&quot;:&quot;Skittles&quot;,&quot;datePurchased&quot;:{&quot;date&quot;:{&quot;year&quot;:2022,&quot;month&quot;:10,&quot;day&quot;:27},&quot;time&quot;:{&quot;hour&quot;:1,&quot;minute&quot;:9,&quot;second&quot;:8,&quot;nano&quot;:924622500}}},{&quot;price&quot;:3.95,&quot;quantity&quot;:2,&quot;item&quot;:&quot;Mineral Water&quot;,&quot;datePurchased&quot;:{&quot;date&quot;:{&quot;year&quot;:2022,&quot;month&quot;:10,&quot;day&quot;:27},&quot;time&quot;:{&quot;hour&quot;:1,&quot;minute&quot;:9,&quot;second&quot;:8,&quot;nano&quot;:924622500}}},{&quot;price&quot;:4.5,&quot;quantity&quot;:2,&quot;item&quot;:&quot;Sprite&quot;,&quot;datePurchased&quot;:{&quot;date&quot;:{&quot;year&quot;:2022,&quot;month&quot;:10,&quot;day&quot;:27},&quot;time&quot;:{&quot;hour&quot;:1,&quot;minute&quot;:9,&quot;second&quot;:8,&quot;nano&quot;:924622500}}},{&quot;price&quot;:4.5,&quot;quantity&quot;:2,&quot;item&quot;:&quot;Pepsi&quot;,&quot;datePurchased&quot;:{&quot;date&quot;:{&quot;year&quot;:2022,&quot;month&quot;:10,&quot;day&quot;:27},&quot;time&quot;:{&quot;hour&quot;:1,&quot;minute&quot;:9,&quot;second&quot;:48,&quot;nano&quot;:723900400}}},{&quot;price&quot;:2.6,&quot;quantity&quot;:2,&quot;item&quot;:&quot;Skittles&quot;,&quot;datePurchased&quot;:{&quot;date&quot;:{&quot;year&quot;:2022,&quot;month&quot;:10,&quot;day&quot;:27},&quot;time&quot;:{&quot;hour&quot;:1,&quot;minute&quot;:9,&quot;second&quot;:48,&quot;nano&quot;:725905900}}},{&quot;price&quot;:4.8,&quot;quantity&quot;:2,&quot;item&quot;:&quot;Juice&quot;,&quot;datePurchased&quot;:{&quot;date&quot;:{&quot;year&quot;:2022,&quot;month&quot;:10,&quot;day&quot;:27},&quot;time&quot;:{&quot;hour&quot;:1,&quot;minute&quot;:9,&quot;second&quot;:48,&quot;nano&quot;:725905900}}},{&quot;price&quot;:2.6,&quot;quantity&quot;:2,&quot;item&quot;:&quot;Mentos&quot;,&quot;datePurchased&quot;:{&quot;date&quot;:{&quot;year&quot;:2022,&quot;month&quot;:10,&quot;day&quot;:27},&quot;time&quot;:{&quot;hour&quot;:1,&quot;minute&quot;:9,&quot;second&quot;:48,&quot;nano&quot;:725905900}}},{&quot;price&quot;:4.5,&quot;quantity&quot;:2,&quot;item&quot;:&quot;Pringles&quot;,&quot;datePurchased&quot;:{&quot;date&quot;:{&quot;year&quot;:2022,&quot;month&quot;:10,&quot;day&quot;:27},&quot;time&quot;:{&quot;hour&quot;:1,&quot;minute&quot;:9,&quot;second&quot;:48,&quot;nano&quot;:725905900}}},{&quot;price&quot;:4.2,&quot;quantity&quot;:2,&quot;item&quot;:&quot;Kettle&quot;,&quot;datePurchased&quot;:{&quot;date&quot;:{&quot;year&quot;:2022,&quot;month&quot;:10,&quot;day&quot;:27},&quot;time&quot;:{&quot;hour&quot;:1,&quot;minute&quot;:9,&quot;second&quot;:48,&quot;nano&quot;:725905900}}},{&quot;price&quot;:4.2,&quot;quantity&quot;:2,&quot;item&quot;:&quot;Thins&quot;,&quot;datePurchased&quot;:{&quot;date&quot;:{&quot;year&quot;:2022,&quot;month&quot;:10,&quot;day&quot;:27},&quot;time&quot;:{&quot;hour&quot;:1,&quot;minute&quot;:9,&quot;second&quot;:48,&quot;nano&quot;:725905900}}},{&quot;price&quot;:4.5,&quot;quantity&quot;:2,&quot;item&quot;:&quot;Sprite&quot;,&quot;datePurchased&quot;:{&quot;date&quot;:{&quot;year&quot;:2022,&quot;month&quot;:10,&quot;day&quot;:27},&quot;time&quot;:{&quot;hour&quot;:1,&quot;minute&quot;:9,&quot;second&quot;:48,&quot;nano&quot;:725905900}}},{&quot;price&quot;:3.95,&quot;quantity&quot;:2,&quot;item&quot;:&quot;Mineral Water&quot;,&quot;datePurchased&quot;:{&quot;date&quot;:{&quot;year&quot;:2022,&quot;month&quot;:10,&quot;day&quot;:27},&quot;time&quot;:{&quot;hour&quot;:1,&quot;minute&quot;:9,&quot;second&quot;:48,&quot;nano&quot;:725905900}}},{&quot;price&quot;:4.1,&quot;quantity&quot;:2,&quot;item&quot;:&quot;M\u0026M&quot;,&quot;datePurchased&quot;:{&quot;date&quot;:{&quot;year&quot;:2022,&quot;month&quot;:10,&quot;day&quot;:27},&quot;time&quot;:{&quot;hour&quot;:1,&quot;minute&quot;:9,&quot;second&quot;:48,&quot;nano&quot;:725905900}}},{&quot;price&quot;:4.0,&quot;quantity&quot;:2,&quot;item&quot;:&quot;Snickers&quot;,&quot;datePurchased&quot;:{&quot;date&quot;:{&quot;year&quot;:2022,&quot;month&quot;:10,&quot;day&quot;:27},&quot;time&quot;:{&quot;hour&quot;:1,&quot;minute&quot;:9,&quot;second&quot;:48,&quot;nano&quot;:725905900}}},{&quot;price&quot;:3.95,&quot;quantity&quot;:2,&quot;item&quot;:&quot;Bounty&quot;,&quot;datePurchased&quot;:{&quot;date&quot;:{&quot;year&quot;:2022,&quot;month&quot;:10,&quot;day&quot;:27},&quot;time&quot;:{&quot;hour&quot;:1,&quot;minute&quot;:9,&quot;second&quot;:48,&quot;nano&quot;:725905900}}},{&quot;price&quot;:2.8,&quot;quantity&quot;:2,&quot;item&quot;:&quot;Sour Patch&quot;,&quot;datePurchased&quot;:{&quot;date&quot;:{&quot;year&quot;:2022,&quot;month&quot;:10,&quot;day&quot;:27},&quot;time&quot;:{&quot;hour&quot;:1,&quot;minute&quot;:9,&quot;second&quot;:48,&quot;nano&quot;:725905900}}},{&quot;price&quot;:4.2,&quot;quantity&quot;:2,&quot;item&quot;:&quot;Smiths&quot;,&quot;datePurchased&quot;:{&quot;date&quot;:{&quot;year&quot;:2022,&quot;month&quot;:10,&quot;day&quot;:27},&quot;time&quot;:{&quot;hour&quot;:1,&quot;minute&quot;:9,&quot;second&quot;:48,&quot;nano&quot;:725905900}}},{&quot;price&quot;:3.95,&quot;quantity&quot;:2,&quot;item&quot;:&quot;Mars&quot;,&quot;datePurchased&quot;:{&quot;date&quot;:{&quot;year&quot;:2022,&quot;month&quot;:10,&quot;day&quot;:27},&quot;time&quot;:{&quot;hour&quot;:1,&quot;minute&quot;:9,&quot;second&quot;:48,&quot;nano&quot;:725905900}}},{&quot;price&quot;:4.5,&quot;quantity&quot;:2,&quot;item&quot;:&quot;Pepsi&quot;,&quot;datePurchased&quot;:{&quot;date&quot;:{&quot;year&quot;:2022,&quot;month&quot;:10,&quot;day&quot;:27},&quot;time&quot;:{&quot;hour&quot;:1,&quot;minute&quot;:10,&quot;second&quot;:47,&quot;nano&quot;:677954000}}},{&quot;price&quot;:2.6,&quot;quantity&quot;:2,&quot;item&quot;:&quot;Skittles&quot;,&quot;datePurchased&quot;:{&quot;date&quot;:{&quot;year&quot;:2022,&quot;month&quot;:10,&quot;day&quot;:27},&quot;time&quot;:{&quot;hour&quot;:1,&quot;minute&quot;:10,&quot;second&quot;:47,&quot;nano&quot;:678953300}}},{&quot;price&quot;:4.8,&quot;quantity&quot;:2,&quot;item&quot;:&quot;Juice&quot;,&quot;datePurchased&quot;:{&quot;date&quot;:{&quot;year&quot;:2022,&quot;month&quot;:10,&quot;day&quot;:27},&quot;time&quot;:{&quot;hour&quot;:1,&quot;minute&quot;:10,&quot;second&quot;:47,&quot;nano&quot;:678953300}}},{&quot;price&quot;:2.6,&quot;quantity&quot;:2,&quot;item&quot;:&quot;Mentos&quot;,&quot;datePurchased&quot;:{&quot;date&quot;:{&quot;year&quot;:2022,&quot;month&quot;:10,&quot;day&quot;:27},&quot;time&quot;:{&quot;hour&quot;:1,&quot;minute&quot;:10,&quot;second&quot;:47,&quot;nano&quot;:678953300}}},{&quot;price&quot;:4.5,&quot;quantity&quot;:2,&quot;item&quot;:&quot;Pringles&quot;,&quot;datePurchased&quot;:{&quot;date&quot;:{&quot;year&quot;:2022,&quot;month&quot;:10,&quot;day&quot;:27},&quot;time&quot;:{&quot;hour&quot;:1,&quot;minute&quot;:10,&quot;second&quot;:47,&quot;nano&quot;:678953300}}},{&quot;price&quot;:4.2,&quot;quantity&quot;:2,&quot;item&quot;:&quot;Kettle&quot;,&quot;datePurchased&quot;:{&quot;date&quot;:{&quot;year&quot;:2022,&quot;month&quot;:10,&quot;day&quot;:27},&quot;time&quot;:{&quot;hour&quot;:1,&quot;minute&quot;:10,&quot;second&quot;:47,&quot;nano&quot;:678953300}}},{&quot;price&quot;:4.2,&quot;quantity&quot;:2,&quot;item&quot;:&quot;Thins&quot;,&quot;datePurchased&quot;:{&quot;date&quot;:{&quot;year&quot;:2022,&quot;month&quot;:10,&quot;day&quot;:27},&quot;time&quot;:{&quot;hour&quot;:1,&quot;minute&quot;:10,&quot;second&quot;:47,&quot;nano&quot;:678953300}}},{&quot;price&quot;:4.5,&quot;quantity&quot;:2,&quot;item&quot;:&quot;Sprite&quot;,&quot;datePurchased&quot;:{&quot;date&quot;:{&quot;year&quot;:2022,&quot;month&quot;:10,&quot;day&quot;:27},&quot;time&quot;:{&quot;hour&quot;:1,&quot;minute&quot;:10,&quot;second&quot;:47,&quot;nano&quot;:678953300}}},{&quot;price&quot;:3.95,&quot;quantity&quot;:2,&quot;item&quot;:&quot;Mineral Water&quot;,&quot;datePurchased&quot;:{&quot;date&quot;:{&quot;year&quot;:2022,&quot;month&quot;:10,&quot;day&quot;:27},&quot;time&quot;:{&quot;hour&quot;:1,&quot;minute&quot;:10,&quot;second&quot;:47,&quot;nano&quot;:678953300}}},{&quot;price&quot;:4.1,&quot;quantity&quot;:2,&quot;item&quot;:&quot;M\u0026M&quot;,&quot;datePurchased&quot;:{&quot;date&quot;:{&quot;year&quot;:2022,&quot;month&quot;:10,&quot;day&quot;:27},&quot;time&quot;:{&quot;hour&quot;:1,&quot;minute&quot;:10,&quot;second&quot;:47,&quot;nano&quot;:678953300}}},{&quot;price&quot;:4.0,&quot;quantity&quot;:2,&quot;item&quot;:&quot;Snickers&quot;,&quot;datePurchased&quot;:{&quot;date&quot;:{&quot;year&quot;:2022,&quot;month&quot;:10,&quot;day&quot;:27},&quot;time&quot;:{&quot;hour&quot;:1,&quot;minute&quot;:10,&quot;second&quot;:47,&quot;nano&quot;:678953300}}},{&quot;price&quot;:3.95,&quot;quantity&quot;:2,&quot;item&quot;:&quot;Bounty&quot;,&quot;datePurchased&quot;:{&quot;date&quot;:{&quot;year&quot;:2022,&quot;month&quot;:10,&quot;day&quot;:27},&quot;time&quot;:{&quot;hour&quot;:1,&quot;minute&quot;:10,&quot;second&quot;:47,&quot;nano&quot;:678953300}}},{&quot;price&quot;:2.8,&quot;quantity&quot;:2,&quot;item&quot;:&quot;Sour Patch&quot;,&quot;datePurchased&quot;:{&quot;date&quot;:{&quot;year&quot;:2022,&quot;month&quot;:10,&quot;day&quot;:27},&quot;time&quot;:{&quot;hour&quot;:1,&quot;minute&quot;:10,&quot;second&quot;:47,&quot;nano&quot;:678953300}}},{&quot;price&quot;:4.2,&quot;quantity&quot;:2,&quot;item&quot;:&quot;Smiths&quot;,&quot;datePurchased&quot;:{&quot;date&quot;:{&quot;year&quot;:2022,&quot;month&quot;:10,&quot;day&quot;:27},&quot;time&quot;:{&quot;hour&quot;:1,&quot;minute&quot;:10,&quot;second&quot;:47,&quot;nano&quot;:678953300}}},{&quot;price&quot;:3.95,&quot;quantity&quot;:2,&quot;item&quot;:&quot;Mars&quot;,&quot;datePurchased&quot;:{&quot;date&quot;:{&quot;year&quot;:2022,&quot;month&quot;:10,&quot;day&quot;:27},&quot;time&quot;:{&quot;hour&quot;:1,&quot;minute&quot;:10,&quot;second&quot;:47,&quot;nano&quot;:678953300}}},{&quot;price&quot;:4.0,&quot;quantity&quot;:2,&quot;item&quot;:&quot;Snickers&quot;,&quot;datePurchased&quot;:{&quot;date&quot;:{&quot;year&quot;:2022,&quot;month&quot;:10,&quot;day&quot;:27},&quot;time&quot;:{&quot;hour&quot;:1,&quot;minute&quot;:11,&quot;second&quot;:2,&quot;nano&quot;:808017500}}},{&quot;price&quot;:4.5,&quot;quantity&quot;:2,&quot;item&quot;:&quot;Pepsi&quot;,&quot;datePurchased&quot;:{&quot;date&quot;:{&quot;year&quot;:2022,&quot;month&quot;:10,&quot;day&quot;:27},&quot;time&quot;:{&quot;hour&quot;:1,&quot;minute&quot;:11,&quot;second&quot;:2,&quot;nano&quot;:810016300}}},{&quot;price&quot;:4.5,&quot;quantity&quot;:2,&quot;item&quot;:&quot;Pringles&quot;,&quot;datePurchased&quot;:{&quot;date&quot;:{&quot;year&quot;:2022,&quot;month&quot;:10,&quot;day&quot;:27},&quot;time&quot;:{&quot;hour&quot;:1,&quot;minute&quot;:11,&quot;second&quot;:2,&quot;nano&quot;:810016300}}},{&quot;price&quot;:4.2,&quot;quantity&quot;:2,&quot;item&quot;:&quot;Kettle&quot;,&quot;datePurchased&quot;:{&quot;date&quot;:{&quot;year&quot;:2022,&quot;month&quot;:10,&quot;day&quot;:27},&quot;time&quot;:{&quot;hour&quot;:1,&quot;minute&quot;:11,&quot;second&quot;:2,&quot;nano&quot;:810016300}}},{&quot;price&quot;:3.95,&quot;quantity&quot;:2,&quot;item&quot;:&quot;Bounty&quot;,&quot;datePurchased&quot;:{&quot;date&quot;:{&quot;year&quot;:2022,&quot;month&quot;:10,&quot;day&quot;:27},&quot;time&quot;:{&quot;hour&quot;:1,&quot;minute&quot;:11,&quot;second&quot;:2,&quot;nano&quot;:810016300}}},{&quot;price&quot;:4.1,&quot;quantity&quot;:2,&quot;item&quot;:&quot;M\u0026M&quot;,&quot;datePurchased&quot;:{&quot;date&quot;:{&quot;year&quot;:2022,&quot;month&quot;:10,&quot;day&quot;:27},&quot;time&quot;:{&quot;hour&quot;:1,&quot;minute&quot;:11,&quot;second&quot;:2,&quot;nano&quot;:810016300}}},{&quot;price&quot;:4.2,&quot;quantity&quot;:2,&quot;item&quot;:&quot;Thins&quot;,&quot;datePurchased&quot;:{&quot;date&quot;:{&quot;year&quot;:2022,&quot;month&quot;:10,&quot;day&quot;:27},&quot;time&quot;:{&quot;hour&quot;:1,&quot;minute&quot;:11,&quot;second&quot;:2,&quot;nano&quot;:810016300}}},{&quot;price&quot;:4.2,&quot;quantity&quot;:2,&quot;item&quot;:&quot;Smiths&quot;,&quot;datePurchased&quot;:{&quot;date&quot;:{&quot;year&quot;:2022,&quot;month&quot;:10,&quot;day&quot;:27},&quot;time&quot;:{&quot;hour&quot;:1,&quot;minute&quot;:11,&quot;second&quot;:2,&quot;nano&quot;:810016300}}},{&quot;price&quot;:4.8,&quot;quantity&quot;:2,&quot;item&quot;:&quot;Juice&quot;,&quot;datePurchased&quot;:{&quot;date&quot;:{&quot;year&quot;:2022,&quot;month&quot;:10,&quot;day&quot;:27},&quot;time&quot;:{&quot;hour&quot;:1,&quot;minute&quot;:11,&quot;second&quot;:2,&quot;nano&quot;:810016300}}},{&quot;price&quot;:2.8,&quot;quantity&quot;:2,&quot;item&quot;:&quot;Sour Patch&quot;,&quot;datePurchased&quot;:{&quot;date&quot;:{&quot;year&quot;:2022,&quot;month&quot;:10,&quot;day&quot;:27},&quot;time&quot;:{&quot;hour&quot;:1,&quot;minute&quot;:11,&quot;second&quot;:2,&quot;nano&quot;:810016300}}},{&quot;price&quot;:2.6,&quot;quantity&quot;:2,&quot;item&quot;:&quot;Skittles&quot;,&quot;datePurchased&quot;:{&quot;date&quot;:{&quot;year&quot;:2022,&quot;month&quot;:10,&quot;day&quot;:27},&quot;time&quot;:{&quot;hour&quot;:1,&quot;minute&quot;:11,&quot;second&quot;:2,&quot;nano&quot;:810016300}}},{&quot;price&quot;:3.95,&quot;quantity&quot;:2,&quot;item&quot;:&quot;Mineral Water&quot;,&quot;datePurchased&quot;:{&quot;date&quot;:{&quot;year&quot;:2022,&quot;month&quot;:10,&quot;day&quot;:27},&quot;time&quot;:{&quot;hour&quot;:1,&quot;minute&quot;:11,&quot;second&quot;:2,&quot;nano&quot;:810016300}}},{&quot;price&quot;:4.5,&quot;quantity&quot;:2,&quot;item&quot;:&quot;Sprite&quot;,&quot;datePurchased&quot;:{&quot;date&quot;:{&quot;year&quot;:2022,&quot;month&quot;:10,&quot;day&quot;:27},&quot;time&quot;:{&quot;hour&quot;:1,&quot;minute&quot;:11,&quot;second&quot;:2,&quot;nano&quot;:810016300}}},{&quot;price&quot;:3.95,&quot;quantity&quot;:2,&quot;item&quot;:&quot;Mars&quot;,&quot;datePurchased&quot;:{&quot;date&quot;:{&quot;year&quot;:2022,&quot;month&quot;:10,&quot;day&quot;:27},&quot;time&quot;:{&quot;hour&quot;:1,&quot;minute&quot;:11,&quot;second&quot;:2,&quot;nano&quot;:810016300}}},{&quot;price&quot;:2.6,&quot;quantity&quot;:2,&quot;item&quot;:&quot;Mentos&quot;,&quot;datePurchased&quot;:{&quot;date&quot;:{&quot;year&quot;:2022,&quot;month&quot;:10,&quot;day&quot;:27},&quot;time&quot;:{&quot;hour&quot;:1,&quot;minute&quot;:11,&quot;second&quot;:2,&quot;nano&quot;:810016300}}},{&quot;price&quot;:4.1,&quot;quantity&quot;:2,&quot;item&quot;:&quot;M\u0026M&quot;,&quot;datePurchased&quot;:{&quot;date&quot;:{&quot;year&quot;:2022,&quot;month&quot;:10,&quot;day&quot;:27},&quot;time&quot;:{&quot;hour&quot;:1,&quot;minute&quot;:12,&quot;second&quot;:35,&quot;nano&quot;:940909100}}},{&quot;price&quot;:3.95,&quot;quantity&quot;:2,&quot;item&quot;:&quot;Mineral Water&quot;,&quot;datePurchased&quot;:{&quot;date&quot;:{&quot;year&quot;:2022,&quot;month&quot;:10,&quot;day&quot;:27},&quot;time&quot;:{&quot;hour&quot;:1,&quot;minute&quot;:12,&quot;second&quot;:35,&quot;nano&quot;:941906000}}},{&quot;price&quot;:4.0,&quot;quantity&quot;:2,&quot;item&quot;:&quot;Snickers&quot;,&quot;datePurchased&quot;:{&quot;date&quot;:{&quot;year&quot;:2022,&quot;month&quot;:10,&quot;day&quot;:27},&quot;time&quot;:{&quot;hour&quot;:1,&quot;minute&quot;:12,&quot;second&quot;:35,&quot;nano&quot;:941906000}}},{&quot;price&quot;:4.2,&quot;quantity&quot;:2,&quot;item&quot;:&quot;Smiths&quot;,&quot;datePurchased&quot;:{&quot;date&quot;:{&quot;year&quot;:2022,&quot;month&quot;:10,&quot;day&quot;:27},&quot;time&quot;:{&quot;hour&quot;:1,&quot;minute&quot;:12,&quot;second&quot;:35,&quot;nano&quot;:941906000}}},{&quot;price&quot;:2.6,&quot;quantity&quot;:2,&quot;item&quot;:&quot;Skittles&quot;,&quot;datePurchased&quot;:{&quot;date&quot;:{&quot;year&quot;:2022,&quot;month&quot;:10,&quot;day&quot;:27},&quot;time&quot;:{&quot;hour&quot;:1,&quot;minute&quot;:12,&quot;second&quot;:35,&quot;nano&quot;:941906000}}},{&quot;price&quot;:3.95,&quot;quantity&quot;:2,&quot;item&quot;:&quot;Mars&quot;,&quot;datePurchased&quot;:{&quot;date&quot;:{&quot;year&quot;:2022,&quot;month&quot;:10,&quot;day&quot;:27},&quot;time&quot;:{&quot;hour&quot;:1,&quot;minute&quot;:12,&quot;second&quot;:35,&quot;nano&quot;:941906000}}},{&quot;price&quot;:2.8,&quot;quantity&quot;:2,&quot;item&quot;:&quot;Sour Patch&quot;,&quot;datePurchased&quot;:{&quot;date&quot;:{&quot;year&quot;:2022,&quot;month&quot;:10,&quot;day&quot;:27},&quot;time&quot;:{&quot;hour&quot;:1,&quot;minute&quot;:12,&quot;second&quot;:35,&quot;nano&quot;:941906000}}},{&quot;price&quot;:4.8,&quot;quantity&quot;:2,&quot;item&quot;:&quot;Juice&quot;,&quot;datePurchased&quot;:{&quot;date&quot;:{&quot;year&quot;:2022,&quot;month&quot;:10,&quot;day&quot;:27},&quot;time&quot;:{&quot;hour&quot;:1,&quot;minute&quot;:12,&quot;second&quot;:35,&quot;nano&quot;:941906000}}},{&quot;price&quot;:4.5,&quot;quantity&quot;:2,&quot;item&quot;:&quot;Pringles&quot;,&quot;datePurchased&quot;:{&quot;date&quot;:{&quot;year&quot;:2022,&quot;month&quot;:10,&quot;day&quot;:27},&quot;time&quot;:{&quot;hour&quot;:1,&quot;minute&quot;:12,&quot;second&quot;:35,&quot;nano&quot;:941906000}}},{&quot;price&quot;:3.95,&quot;quantity&quot;:2,&quot;item&quot;:&quot;Bounty&quot;,&quot;datePurchased&quot;:{&quot;date&quot;:{&quot;year&quot;:2022,&quot;month&quot;:10,&quot;day&quot;:27},&quot;time&quot;:{&quot;hour&quot;:1,&quot;minute&quot;:12,&quot;second&quot;:35,&quot;nano&quot;:941906000}}},{&quot;price&quot;:4.5,&quot;quantity&quot;:2,&quot;item&quot;:&quot;Sprite&quot;,&quot;datePurchased&quot;:{&quot;date&quot;:{&quot;year&quot;:2022,&quot;month&quot;:10,&quot;day&quot;:27},&quot;time&quot;:{&quot;hour&quot;:1,&quot;minute&quot;:12,&quot;second&quot;:35,&quot;nano&quot;:941906000}}},{&quot;price&quot;:4.2,&quot;quantity&quot;:2,&quot;item&quot;:&quot;Thins&quot;,&quot;datePurchased&quot;:{&quot;date&quot;:{&quot;year&quot;:2022,&quot;month&quot;:10,&quot;day&quot;:27},&quot;time&quot;:{&quot;hour&quot;:1,&quot;minute&quot;:12,&quot;second&quot;:35,&quot;nano&quot;:941906000}}},{&quot;price&quot;:2.6,&quot;quantity&quot;:2,&quot;item&quot;:&quot;Mentos&quot;,&quot;datePurchased&quot;:{&quot;date&quot;:{&quot;year&quot;:2022,&quot;month&quot;:10,&quot;day&quot;:27},&quot;time&quot;:{&quot;hour&quot;:1,&quot;minute&quot;:12,&quot;second&quot;:35,&quot;nano&quot;:941906000}}},{&quot;price&quot;:4.5,&quot;quantity&quot;:2,&quot;item&quot;:&quot;Pepsi&quot;,&quot;datePurchased&quot;:{&quot;date&quot;:{&quot;year&quot;:2022,&quot;month&quot;:10,&quot;day&quot;:27},&quot;time&quot;:{&quot;hour&quot;:1,&quot;minute&quot;:12,&quot;second&quot;:35,&quot;nano&quot;:941906000}}},{&quot;price&quot;:4.2,&quot;quantity&quot;:2,&quot;item&quot;:&quot;Kettle&quot;,&quot;datePurchased&quot;:{&quot;date&quot;:{&quot;year&quot;:2022,&quot;month&quot;:10,&quot;day&quot;:27},&quot;time&quot;:{&quot;hour&quot;:1,&quot;minute&quot;:12,&quot;second&quot;:35,&quot;nano&quot;:941906000}}},{&quot;price&quot;:4.1,&quot;quantity&quot;:2,&quot;item&quot;:&quot;M\u0026M&quot;,&quot;datePurchased&quot;:{&quot;date&quot;:{&quot;year&quot;:2022,&quot;month&quot;:10,&quot;day&quot;:27},&quot;time&quot;:{&quot;hour&quot;:1,&quot;minute&quot;:13,&quot;second&quot;:8,&quot;nano&quot;:30374600}}},{&quot;price&quot;:3.95,&quot;quantity&quot;:2,&quot;item&quot;:&quot;Mineral Water&quot;,&quot;datePurchased&quot;:{&quot;date&quot;:{&quot;year&quot;:2022,&quot;month&quot;:10,&quot;day&quot;:27},&quot;time&quot;:{&quot;hour&quot;:1,&quot;minute&quot;:13,&quot;second&quot;:8,&quot;nano&quot;:33884500}}},{&quot;price&quot;:4.0,&quot;quantity&quot;:2,&quot;item&quot;:&quot;Snickers&quot;,&quot;datePurchased&quot;:{&quot;date&quot;:{&quot;year&quot;:2022,&quot;month&quot;:10,&quot;day&quot;:27},&quot;time&quot;:{&quot;hour&quot;:1,&quot;minute&quot;:13,&quot;second&quot;:8,&quot;nano&quot;:33884500}}},{&quot;price&quot;:4.2,&quot;quantity&quot;:2,&quot;item&quot;:&quot;Smiths&quot;,&quot;datePurchased&quot;:{&quot;date&quot;:{&quot;year&quot;:2022,&quot;month&quot;:10,&quot;day&quot;:27},&quot;time&quot;:{&quot;hour&quot;:1,&quot;minute&quot;:13,&quot;second&quot;:8,&quot;nano&quot;:33884500}}},{&quot;price&quot;:2.6,&quot;quantity&quot;:2,&quot;item&quot;:&quot;Skittles&quot;,&quot;datePurchased&quot;:{&quot;date&quot;:{&quot;year&quot;:2022,&quot;month&quot;:10,&quot;day&quot;:27},&quot;time&quot;:{&quot;hour&quot;:1,&quot;minute&quot;:13,&quot;second&quot;:8,&quot;nano&quot;:33884500}}},{&quot;price&quot;:3.95,&quot;quantity&quot;:2,&quot;item&quot;:&quot;Mars&quot;,&quot;datePurchased&quot;:{&quot;date&quot;:{&quot;year&quot;:2022,&quot;month&quot;:10,&quot;day&quot;:27},&quot;time&quot;:{&quot;hour&quot;:1,&quot;minute&quot;:13,&quot;second&quot;:8,&quot;nano&quot;:33884500}}},{&quot;price&quot;:2.8,&quot;quantity&quot;:2,&quot;item&quot;:&quot;Sour Patch&quot;,&quot;datePurchased&quot;:{&quot;date&quot;:{&quot;year&quot;:2022,&quot;month&quot;:10,&quot;day&quot;:27},&quot;time&quot;:{&quot;hour&quot;:1,&quot;minute&quot;:13,&quot;second&quot;:8,&quot;nano&quot;:33884500}}},{&quot;price&quot;:4.8,&quot;quantity&quot;:2,&quot;item&quot;:&quot;Juice&quot;,&quot;datePurchased&quot;:{&quot;date&quot;:{&quot;year&quot;:2022,&quot;month&quot;:10,&quot;day&quot;:27},&quot;time&quot;:{&quot;hour&quot;:1,&quot;minute&quot;:13,&quot;second&quot;:8,&quot;nano&quot;:33884500}}},{&quot;price&quot;:4.5,&quot;quantity&quot;:2,&quot;item&quot;:&quot;Pringles&quot;,&quot;datePurchased&quot;:{&quot;date&quot;:{&quot;year&quot;:2022,&quot;month&quot;:10,&quot;day&quot;:27},&quot;time&quot;:{&quot;hour&quot;:1,&quot;minute&quot;:13,&quot;second&quot;:8,&quot;nano&quot;:33884500}}},{&quot;price&quot;:3.95,&quot;quantity&quot;:2,&quot;item&quot;:&quot;Bounty&quot;,&quot;datePurchased&quot;:{&quot;date&quot;:{&quot;year&quot;:2022,&quot;month&quot;:10,&quot;day&quot;:27},&quot;time&quot;:{&quot;hour&quot;:1,&quot;minute&quot;:13,&quot;second&quot;:8,&quot;nano&quot;:33884500}}},{&quot;price&quot;:4.5,&quot;quantity&quot;:2,&quot;item&quot;:&quot;Sprite&quot;,&quot;datePurchased&quot;:{&quot;date&quot;:{&quot;year&quot;:2022,&quot;month&quot;:10,&quot;day&quot;:27},&quot;time&quot;:{&quot;hour&quot;:1,&quot;minute&quot;:13,&quot;second&quot;:8,&quot;nano&quot;:33884500}}},{&quot;price&quot;:4.2,&quot;quantity&quot;:2,&quot;item&quot;:&quot;Thins&quot;,&quot;datePurchased&quot;:{&quot;date&quot;:{&quot;year&quot;:2022,&quot;month&quot;:10,&quot;day&quot;:27},&quot;time&quot;:{&quot;hour&quot;:1,&quot;minute&quot;:13,&quot;second&quot;:8,&quot;nano&quot;:33884500}}},{&quot;price&quot;:2.6,&quot;quantity&quot;:2,&quot;item&quot;:&quot;Mentos&quot;,&quot;datePurchased&quot;:{&quot;date&quot;:{&quot;year&quot;:2022,&quot;month&quot;:10,&quot;day&quot;:27},&quot;time&quot;:{&quot;hour&quot;:1,&quot;minute&quot;:13,&quot;second&quot;:8,&quot;nano&quot;:33884500}}},{&quot;price&quot;:4.5,&quot;quantity&quot;:2,&quot;item&quot;:&quot;Pepsi&quot;,&quot;datePurchased&quot;:{&quot;date&quot;:{&quot;year&quot;:2022,&quot;month&quot;:10,&quot;day&quot;:27},&quot;time&quot;:{&quot;hour&quot;:1,&quot;minute&quot;:13,&quot;second&quot;:8,&quot;nano&quot;:33884500}}},{&quot;price&quot;:4.2,&quot;quantity&quot;:2,&quot;item&quot;:&quot;Kettle&quot;,&quot;datePurchased&quot;:{&quot;date&quot;:{&quot;year&quot;:2022,&quot;month&quot;:10,&quot;day&quot;:27},&quot;time&quot;:{&quot;hour&quot;:1,&quot;minute&quot;:13,&quot;second&quot;:8,&quot;nano&quot;:33884500}}},{&quot;price&quot;:3.95,&quot;quantity&quot;:2,&quot;item&quot;:&quot;Bounty&quot;,&quot;datePurchased&quot;:{&quot;date&quot;:{&quot;year&quot;:2022,&quot;month&quot;:10,&quot;day&quot;:27},&quot;time&quot;:{&quot;hour&quot;:1,&quot;minute&quot;:13,&quot;second&quot;:8,&quot;nano&quot;:81593400}}},{&quot;price&quot;:2.6,&quot;quantity&quot;:2,&quot;item&quot;:&quot;Mentos&quot;,&quot;datePurchased&quot;:{&quot;date&quot;:{&quot;year&quot;:2022,&quot;month&quot;:10,&quot;day&quot;:27},&quot;time&quot;:{&quot;hour&quot;:1,&quot;minute&quot;:13,&quot;second&quot;:8,&quot;nano&quot;:81593400}}},{&quot;price&quot;:4.2,&quot;quantity&quot;:2,&quot;item&quot;:&quot;Smiths&quot;,&quot;datePurchased&quot;:{&quot;date&quot;:{&quot;year&quot;:2022,&quot;month&quot;:10,&quot;day&quot;:27},&quot;time&quot;:{&quot;hour&quot;:1,&quot;minute&quot;:13,&quot;second&quot;:8,&quot;nano&quot;:81593400}}},{&quot;price&quot;:4.2,&quot;quantity&quot;:2,&quot;item&quot;:&quot;Kettle&quot;,&quot;datePurchased&quot;:{&quot;date&quot;:{&quot;year&quot;:2022,&quot;month&quot;:10,&quot;day&quot;:27},&quot;time&quot;:{&quot;hour&quot;:1,&quot;minute&quot;:13,&quot;second&quot;:8,&quot;nano&quot;:81593400}}},{&quot;price&quot;:3.95,&quot;quantity&quot;:2,&quot;item&quot;:&quot;Mineral Water&quot;,&quot;datePurchased&quot;:{&quot;date&quot;:{&quot;year&quot;:2022,&quot;month&quot;:10,&quot;day&quot;:27},&quot;time&quot;:{&quot;hour&quot;:1,&quot;minute&quot;:13,&quot;second&quot;:8,&quot;nano&quot;:81593400}}},{&quot;price&quot;:4.8,&quot;quantity&quot;:2,&quot;item&quot;:&quot;Juice&quot;,&quot;datePurchased&quot;:{&quot;date&quot;:{&quot;year&quot;:2022,&quot;month&quot;:10,&quot;day&quot;:27},&quot;time&quot;:{&quot;hour&quot;:1,&quot;minute&quot;:13,&quot;second&quot;:8,&quot;nano&quot;:81593400}}},{&quot;price&quot;:3.95,&quot;quantity&quot;:2,&quot;item&quot;:&quot;Mars&quot;,&quot;datePurchased&quot;:{&quot;date&quot;:{&quot;year&quot;:2022,&quot;month&quot;:10,&quot;day&quot;:27},&quot;time&quot;:{&quot;hour&quot;:1,&quot;minute&quot;:13,&quot;second&quot;:8,&quot;nano&quot;:81593400}}},{&quot;price&quot;:4.5,&quot;quantity&quot;:2,&quot;item&quot;:&quot;Sprite&quot;,&quot;datePurchased&quot;:{&quot;date&quot;:{&quot;year&quot;:2022,&quot;month&quot;:10,&quot;day&quot;:27},&quot;time&quot;:{&quot;hour&quot;:1,&quot;minute&quot;:13,&quot;second&quot;:8,&quot;nano&quot;:81593400}}},{&quot;price&quot;:2.6,&quot;quantity&quot;:2,&quot;item&quot;:&quot;Skittles&quot;,&quot;datePurchased&quot;:{&quot;date&quot;:{&quot;year&quot;:2022,&quot;month&quot;:10,&quot;day&quot;:27},&quot;time&quot;:{&quot;hour&quot;:1,&quot;minute&quot;:13,&quot;second&quot;:8,&quot;nano&quot;:81593400}}},{&quot;price&quot;:4.2,&quot;quantity&quot;:2,&quot;item&quot;:&quot;Thins&quot;,&quot;datePurchased&quot;:{&quot;date&quot;:{&quot;year&quot;:2022,&quot;month&quot;:10,&quot;day&quot;:27},&quot;time&quot;:{&quot;hour&quot;:1,&quot;minute&quot;:13,&quot;second&quot;:8,&quot;nano&quot;:81593400}}},{&quot;price&quot;:2.8,&quot;quantity&quot;:2,&quot;item&quot;:&quot;Sour Patch&quot;,&quot;datePurchased&quot;:{&quot;date&quot;:{&quot;year&quot;:2022,&quot;month&quot;:10,&quot;day&quot;:27},&quot;time&quot;:{&quot;hour&quot;:1,&quot;minute&quot;:13,&quot;second&quot;:8,&quot;nano&quot;:81593400}}},{&quot;price&quot;:4.1,&quot;quantity&quot;:2,&quot;item&quot;:&quot;M\u0026M&quot;,&quot;datePurchased&quot;:{&quot;date&quot;:{&quot;year&quot;:2022,&quot;month&quot;:10,&quot;day&quot;:27},&quot;time&quot;:{&quot;hour&quot;:1,&quot;minute&quot;:13,&quot;second&quot;:8,&quot;nano&quot;:81593400}}},{&quot;price&quot;:4.5,&quot;quantity&quot;:2,&quot;item&quot;:&quot;Pringles&quot;,&quot;datePurchased&quot;:{&quot;date&quot;:{&quot;year&quot;:2022,&quot;month&quot;:10,&quot;day&quot;:27},&quot;time&quot;:{&quot;hour&quot;:1,&quot;minute&quot;:13,&quot;second&quot;:8,&quot;nano&quot;:81593400}}},{&quot;price&quot;:4.0,&quot;quantity&quot;:2,&quot;item&quot;:&quot;Snickers&quot;,&quot;datePurchased&quot;:{&quot;date&quot;:{&quot;year&quot;:2022,&quot;month&quot;:10,&quot;day&quot;:27},&quot;time&quot;:{&quot;hour&quot;:1,&quot;minute&quot;:13,&quot;second&quot;:8,&quot;nano&quot;:81593400}}},{&quot;price&quot;:4.5,&quot;quantity&quot;:2,&quot;item&quot;:&quot;Pepsi&quot;,&quot;datePurchased&quot;:{&quot;date&quot;:{&quot;year&quot;:2022,&quot;month&quot;:10,&quot;day&quot;:27},&quot;time&quot;:{&quot;hour&quot;:1,&quot;minute&quot;:13,&quot;second&quot;:8,&quot;nano&quot;:81593400}}},{&quot;price&quot;:3.95,&quot;quantity&quot;:3,&quot;item&quot;:&quot;Bounty&quot;,&quot;datePurchased&quot;:{&quot;date&quot;:{&quot;year&quot;:2022,&quot;month&quot;:10,&quot;day&quot;:27},&quot;time&quot;:{&quot;hour&quot;:1,&quot;minute&quot;:13,&quot;second&quot;:8,&quot;nano&quot;:88424000}}},{&quot;price&quot;:2.6,&quot;quantity&quot;:3,&quot;item&quot;:&quot;Mentos&quot;,&quot;datePurchased&quot;:{&quot;date&quot;:{&quot;year&quot;:2022,&quot;month&quot;:10,&quot;day&quot;:27},&quot;time&quot;:{&quot;hour&quot;:1,&quot;minute&quot;:13,&quot;second&quot;:8,&quot;nano&quot;:88424000}}},{&quot;price&quot;:4.2,&quot;quantity&quot;:3,&quot;item&quot;:&quot;Smiths&quot;,&quot;datePurchased&quot;:{&quot;date&quot;:{&quot;year&quot;:2022,&quot;month&quot;:10,&quot;day&quot;:27},&quot;time&quot;:{&quot;hour&quot;:1,&quot;minute&quot;:13,&quot;second&quot;:8,&quot;nano&quot;:88424000}}},{&quot;price&quot;:4.2,&quot;quantity&quot;:3,&quot;item&quot;:&quot;Kettle&quot;,&quot;datePurchased&quot;:{&quot;date&quot;:{&quot;year&quot;:2022,&quot;month&quot;:10,&quot;day&quot;:27},&quot;time&quot;:{&quot;hour&quot;:1,&quot;minute&quot;:13,&quot;second&quot;:8,&quot;nano&quot;:88424000}}},{&quot;price&quot;:3.95,&quot;quantity&quot;:3,&quot;item&quot;:&quot;Mineral Water&quot;,&quot;datePurchased&quot;:{&quot;date&quot;:{&quot;year&quot;:2022,&quot;month&quot;:10,&quot;day&quot;:27},&quot;time&quot;:{&quot;hour&quot;:1,&quot;minute&quot;:13,&quot;second&quot;:8,&quot;nano&quot;:88424000}}},{&quot;price&quot;:4.8,&quot;quantity&quot;:3,&quot;item&quot;:&quot;Juice&quot;,&quot;datePurchased&quot;:{&quot;date&quot;:{&quot;year&quot;:2022,&quot;month&quot;:10,&quot;day&quot;:27},&quot;time&quot;:{&quot;hour&quot;:1,&quot;minute&quot;:13,&quot;second&quot;:8,&quot;nano&quot;:88424000}}},{&quot;price&quot;:3.95,&quot;quantity&quot;:3,&quot;item&quot;:&quot;Mars&quot;,&quot;datePurchased&quot;:{&quot;date&quot;:{&quot;year&quot;:2022,&quot;month&quot;:10,&quot;day&quot;:27},&quot;time&quot;:{&quot;hour&quot;:1,&quot;minute&quot;:13,&quot;second&quot;:8,&quot;nano&quot;:88424000}}},{&quot;price&quot;:4.5,&quot;quantity&quot;:3,&quot;item&quot;:&quot;Sprite&quot;,&quot;datePurchased&quot;:{&quot;date&quot;:{&quot;year&quot;:2022,&quot;month&quot;:10,&quot;day&quot;:27},&quot;time&quot;:{&quot;hour&quot;:1,&quot;minute&quot;:13,&quot;second&quot;:8,&quot;nano&quot;:88424000}}},{&quot;price&quot;:2.6,&quot;quantity&quot;:3,&quot;item&quot;:&quot;Skittles&quot;,&quot;datePurchased&quot;:{&quot;date&quot;:{&quot;year&quot;:2022,&quot;month&quot;:10,&quot;day&quot;:27},&quot;time&quot;:{&quot;hour&quot;:1,&quot;minute&quot;:13,&quot;second&quot;:8,&quot;nano&quot;:88424000}}},{&quot;price&quot;:4.2,&quot;quantity&quot;:3,&quot;item&quot;:&quot;Thins&quot;,&quot;datePurchased&quot;:{&quot;date&quot;:{&quot;year&quot;:2022,&quot;month&quot;:10,&quot;day&quot;:27},&quot;time&quot;:{&quot;hour&quot;:1,&quot;minute&quot;:13,&quot;second&quot;:8,&quot;nano&quot;:88424000}}},{&quot;price&quot;:2.8,&quot;quantity&quot;:3,&quot;item&quot;:&quot;Sour Patch&quot;,&quot;datePurchased&quot;:{&quot;date&quot;:{&quot;year&quot;:2022,&quot;month&quot;:10,&quot;day&quot;:27},&quot;time&quot;:{&quot;hour&quot;:1,&quot;minute&quot;:13,&quot;second&quot;:8,&quot;nano&quot;:88424000}}},{&quot;price&quot;:4.1,&quot;quantity&quot;:3,&quot;item&quot;:&quot;M\u0026M&quot;,&quot;datePurchased&quot;:{&quot;date&quot;:{&quot;year&quot;:2022,&quot;month&quot;:10,&quot;day&quot;:27},&quot;time&quot;:{&quot;hour&quot;:1,&quot;minute&quot;:13,&quot;second&quot;:8,&quot;nano&quot;:88424000}}},{&quot;price&quot;:4.5,&quot;quantity&quot;:3,&quot;item&quot;:&quot;Pringles&quot;,&quot;datePurchased&quot;:{&quot;date&quot;:{&quot;year&quot;:2022,&quot;month&quot;:10,&quot;day&quot;:27},&quot;time&quot;:{&quot;hour&quot;:1,&quot;minute&quot;:13,&quot;second&quot;:8,&quot;nano&quot;:88424000}}},{&quot;price&quot;:4.0,&quot;quantity&quot;:3,&quot;item&quot;:&quot;Snickers&quot;,&quot;datePurchased&quot;:{&quot;date&quot;:{&quot;year&quot;:2022,&quot;month&quot;:10,&quot;day&quot;:27},&quot;time&quot;:{&quot;hour&quot;:1,&quot;minute&quot;:13,&quot;second&quot;:8,&quot;nano&quot;:88424000}}},{&quot;price&quot;:4.5,&quot;quantity&quot;:3,&quot;item&quot;:&quot;Pepsi&quot;,&quot;datePurchased&quot;:{&quot;date&quot;:{&quot;year&quot;:2022,&quot;month&quot;:10,&quot;day&quot;:27},&quot;time&quot;:{&quot;hour&quot;:1,&quot;minute&quot;:13,&quot;second&quot;:8,&quot;nano&quot;:88424000}}}],&quot;cart&quot;:{}},{&quot;username&quot;:&quot;test2&quot;,&quot;password&quot;:&quot;pw&quot;,&quot;purchases&quot;:[],&quot;cart&quot;:{}},{&quot;username&quot;:&quot;test3&quot;,&quot;password&quot;:&quot;pw&quot;,&quot;purchases&quot;:[],&quot;cart&quot;:{}}]&gt; but was: &lt;[{&quot;username&quot;:&quot;test1&quot;,&quot;password&quot;:&quot;pw&quot;,&quot;purchases&quot;:[],&quot;cart&quot;:{}},{&quot;username&quot;:&quot;test2&quot;,&quot;password&quot;:&quot;pw&quot;,&quot;purchases&quot;:[],&quot;cart&quot;:{}},{&quot;username&quot;:&quot;test3&quot;,&quot;password&quot;:&quot;pw&quot;,&quot;purchases&quot;:[],&quot;cart&quot;:{}}]&gt;
	at app//org.junit.jupiter.api.AssertionUtils.fail(AssertionUtils.java:55)
	at app//org.junit.jupiter.api.AssertionUtils.failNotEqual(AssertionUtils.java:62)
	at app//org.junit.jupiter.api.AssertEquals.assertEquals(AssertEquals.java:182)
	at app//org.junit.jupiter.api.AssertEquals.assertEquals(AssertEquals.java:177)
	at app//org.junit.jupiter.api.Assertions.assertEquals(Assertions.java:1124)
	at app//assignment2.JsonParserTest.updateUsersValidListNoPurchases(JsonParserTest.java:116)
	at java.base@11.0.16.1/jdk.internal.reflect.NativeMethodAccessorImpl.invoke0(Native Method)
	at java.base@11.0.16.1/jdk.internal.reflect.NativeMethodAccessorImpl.invoke(NativeMethodAccessorImpl.java:62)
	at java.base@11.0.16.1/jdk.internal.reflect.DelegatingMethodAccessorImpl.invoke(DelegatingMethodAccessorImpl.java:43)
	at java.base@11.0.16.1/java.lang.reflect.Method.invoke(Method.java:566)
	at app//org.junit.platform.commons.util.ReflectionUtils.invokeMethod(ReflectionUtils.java:688)
	at app//org.junit.jupiter.engine.execution.MethodInvocation.proceed(MethodInvocation.java:60)
	at app//org.junit.jupiter.engine.execution.InvocationInterceptorChain$ValidatingInvocation.proceed(InvocationInterceptorChain.java:131)
	at app//org.junit.jupiter.engine.extension.TimeoutExtension.intercept(TimeoutExtension.java:149)
	at app//org.junit.jupiter.engine.extension.TimeoutExtension.interceptTestableMethod(TimeoutExtension.java:140)
	at app//org.junit.jupiter.engine.extension.TimeoutExtension.interceptTestMethod(TimeoutExtension.java:84)
	at app//org.junit.jupiter.engine.execution.ExecutableInvoker$ReflectiveInterceptorCall.lambda$ofVoidMethod$0(ExecutableInvoker.java:115)
	at app//org.junit.jupiter.engine.execution.ExecutableInvoker.lambda$invoke$0(ExecutableInvoker.java:105)
	at app//org.junit.jupiter.engine.execution.InvocationInterceptorChain$InterceptedInvocation.proceed(InvocationInterceptorChain.java:106)
	at app//org.junit.jupiter.engine.execution.InvocationInterceptorChain.proceed(InvocationInterceptorChain.java:64)
	at app//org.junit.jupiter.engine.execution.InvocationInterceptorChain.chainAndInvoke(InvocationInterceptorChain.java:45)
	at app//org.junit.jupiter.engine.execution.InvocationInterceptorChain.invoke(InvocationInterceptorChain.java:37)
	at app//org.junit.jupiter.engine.execution.ExecutableInvoker.invoke(ExecutableInvoker.java:104)
	at app//org.junit.jupiter.engine.execution.ExecutableInvoker.invoke(ExecutableInvoker.java:98)
	at app//org.junit.jupiter.engine.descriptor.TestMethodTestDescriptor.lambda$invokeTestMethod$6(TestMethodTestDescriptor.java:210)
	at app//org.junit.platform.engine.support.hierarchical.ThrowableCollector.execute(ThrowableCollector.java:73)
	at app//org.junit.jupiter.engine.descriptor.TestMethodTestDescriptor.invokeTestMethod(TestMethodTestDescriptor.java:206)
	at app//org.junit.jupiter.engine.descriptor.TestMethodTestDescriptor.execute(TestMethodTestDescriptor.java:131)
	at app//org.junit.jupiter.engine.descriptor.TestMethodTestDescriptor.execute(TestMethodTestDescriptor.java:65)
	at app//org.junit.platform.engine.support.hierarchical.NodeTestTask.lambda$executeRecursively$5(NodeTestTask.java:139)
	at app//org.junit.platform.engine.support.hierarchical.ThrowableCollector.execute(ThrowableCollector.java:73)
	at app//org.junit.platform.engine.support.hierarchical.NodeTestTask.lambda$executeRecursively$7(NodeTestTask.java:129)
	at app//org.junit.platform.engine.support.hierarchical.Node.around(Node.java:137)
	at app//org.junit.platform.engine.support.hierarchical.NodeTestTask.lambda$executeRecursively$8(NodeTestTask.java:127)
	at app//org.junit.platform.engine.support.hierarchical.ThrowableCollector.execute(ThrowableCollector.java:73)
	at app//org.junit.platform.engine.support.hierarchical.NodeTestTask.executeRecursively(NodeTestTask.java:126)
	at app//org.junit.platform.engine.support.hierarchical.NodeTestTask.execute(NodeTestTask.java:84)
	at java.base@11.0.16.1/java.util.ArrayList.forEach(ArrayList.java:1541)
	at app//org.junit.platform.engine.support.hierarchical.SameThreadHierarchicalTestExecutorService.invokeAll(SameThreadHierarchicalTestExecutorService.java:38)
	at app//org.junit.platform.engine.support.hierarchical.NodeTestTask.lambda$executeRecursively$5(NodeTestTask.java:143)
	at app//org.junit.platform.engine.support.hierarchical.ThrowableCollector.execute(ThrowableCollector.java:73)
	at app//org.junit.platform.engine.support.hierarchical.NodeTestTask.lambda$executeRecursively$7(NodeTestTask.java:129)
	at app//org.junit.platform.engine.support.hierarchical.Node.around(Node.java:137)
	at app//org.junit.platform.engine.support.hierarchical.NodeTestTask.lambda$executeRecursively$8(NodeTestTask.java:127)
	at app//org.junit.platform.engine.support.hierarchical.ThrowableCollector.execute(ThrowableCollector.java:73)
	at app//org.junit.platform.engine.support.hierarchical.NodeTestTask.executeRecursively(NodeTestTask.java:126)
	at app//org.junit.platform.engine.support.hierarchical.NodeTestTask.execute(NodeTestTask.java:84)
	at java.base@11.0.16.1/java.util.ArrayList.forEach(ArrayList.java:1541)
	at app//org.junit.platform.engine.support.hierarchical.SameThreadHierarchicalTestExecutorService.invokeAll(SameThreadHierarchicalTestExecutorService.java:38)
	at app//org.junit.platform.engine.support.hierarchical.NodeTestTask.lambda$executeRecursively$5(NodeTestTask.java:143)
	at app//org.junit.platform.engine.support.hierarchical.ThrowableCollector.execute(ThrowableCollector.java:73)
	at app//org.junit.platform.engine.support.hierarchical.NodeTestTask.lambda$executeRecursively$7(NodeTestTask.java:129)
	at app//org.junit.platform.engine.support.hierarchical.Node.around(Node.java:137)
	at app//org.junit.platform.engine.support.hierarchical.NodeTestTask.lambda$executeRecursively$8(NodeTestTask.java:127)
	at app//org.junit.platform.engine.support.hierarchical.ThrowableCollector.execute(ThrowableCollector.java:73)
	at app//org.junit.platform.engine.support.hierarchical.NodeTestTask.executeRecursively(NodeTestTask.java:126)
	at app//org.junit.platform.engine.support.hierarchical.NodeTestTask.execute(NodeTestTask.java:84)
	at app//org.junit.platform.engine.support.hierarchical.SameThreadHierarchicalTestExecutorService.submit(SameThreadHierarchicalTestExecutorService.java:32)
	at app//org.junit.platform.engine.support.hierarchical.HierarchicalTestExecutor.execute(HierarchicalTestExecutor.java:57)
	at app//org.junit.platform.engine.support.hierarchical.HierarchicalTestEngine.execute(HierarchicalTestEngine.java:51)
	at org.junit.platform.launcher.core.EngineExecutionOrchestrator.execute(EngineExecutionOrchestrator.java:107)
	at org.junit.platform.launcher.core.EngineExecutionOrchestrator.execute(EngineExecutionOrchestrator.java:88)
	at org.junit.platform.launcher.core.EngineExecutionOrchestrator.lambda$execute$0(EngineExecutionOrchestrator.java:54)
	at org.junit.platform.launcher.core.EngineExecutionOrchestrator.withInterceptedStreams(EngineExecutionOrchestrator.java:67)
	at org.junit.platform.launcher.core.EngineExecutionOrchestrator.execute(EngineExecutionOrchestrator.java:52)
	at org.junit.platform.launcher.core.DefaultLauncher.execute(DefaultLauncher.java:114)
	at org.junit.platform.launcher.core.DefaultLauncher.execute(DefaultLauncher.java:86)
	at org.junit.platform.launcher.core.DefaultLauncherSession$DelegatingLauncher.execute(DefaultLauncherSession.java:86)
	at org.junit.platform.launcher.core.SessionPerRequestLauncher.execute(SessionPerRequestLauncher.java:53)
	at org.gradle.api.internal.tasks.testing.junitplatform.JUnitPlatformTestClassProcessor$CollectAllTestClassesExecutor.processAllTestClasses(JUnitPlatformTestClassProcessor.java:99)
	at org.gradle.api.internal.tasks.testing.junitplatform.JUnitPlatformTestClassProcessor$CollectAllTestClassesExecutor.access$000(JUnitPlatformTestClassProcessor.java:79)
	at org.gradle.api.internal.tasks.testing.junitplatform.JUnitPlatformTestClassProcessor.stop(JUnitPlatformTestClassProcessor.java:75)
	at org.gradle.api.internal.tasks.testing.SuiteTestClassProcessor.stop(SuiteTestClassProcessor.java:61)
	at java.base@11.0.16.1/jdk.internal.reflect.NativeMethodAccessorImpl.invoke0(Native Method)
	at java.base@11.0.16.1/jdk.internal.reflect.NativeMethodAccessorImpl.invoke(NativeMethodAccessorImpl.java:62)
	at java.base@11.0.16.1/jdk.internal.reflect.DelegatingMethodAccessorImpl.invoke(DelegatingMethodAccessorImpl.java:43)
	at java.base@11.0.16.1/java.lang.reflect.Method.invoke(Method.java:566)
	at org.gradle.internal.dispatch.ReflectionDispatch.dispatch(ReflectionDispatch.java:36)
	at org.gradle.internal.dispatch.ReflectionDispatch.dispatch(ReflectionDispatch.java:24)
	at org.gradle.internal.dispatch.ContextClassLoaderDispatch.dispatch(ContextClassLoaderDispatch.java:33)
	at org.gradle.internal.dispatch.ProxyDispatchAdapter$DispatchingInvocationHandler.invoke(ProxyDispatchAdapter.java:94)
	at com.sun.proxy.$Proxy5.stop(Unknown Source)
	at org.gradle.api.internal.tasks.testing.worker.TestWorker$3.run(TestWorker.java:193)
	at org.gradle.api.internal.tasks.testing.worker.TestWorker.executeAndMaintainThreadName(TestWorker.java:129)
	at org.gradle.api.internal.tasks.testing.worker.TestWorker.execute(TestWorker.java:100)
	at org.gradle.api.internal.tasks.testing.worker.TestWorker.execute(TestWorker.java:60)
	at org.gradle.process.internal.worker.child.ActionExecutionWorker.execute(ActionExecutionWorker.java:56)
	at org.gradle.process.internal.worker.child.SystemApplicationClassLoaderWorker.call(SystemApplicationClassLoaderWorker.java:133)
	at org.gradle.process.internal.worker.child.SystemApplicationClassLoaderWorker.call(SystemApplicationClassLoaderWorker.java:71)
	at app//worker.org.gradle.process.internal.worker.GradleWorkerMain.run(GradleWorkerMain.java:69)
	at app//worker.org.gradle.process.internal.worker.GradleWorkerMain.main(GradleWorkerMain.java:74)
</failure>
  </testcase>
  <testcase name="updateUsersEmptyList()" classname="assignment2.JsonParserTest" time="0.002"/>
  <system-out><![CDATA[]]></system-out>
  <system-err><![CDATA[]]></system-err>
</testsuite>
