<?xml version="1.0" encoding="UTF-8"?>
<testsuite name="assignment2.CashPaymentTest" tests="12" skipped="0" failures="0" errors="0" timestamp="2022-11-01T11:14:59" hostname="Kylies-MBP" time="0.038">
  <properties/>
  <testcase name="cashValueCheck()" classname="assignment2.CashPaymentTest" time="0.002"/>
  <testcase name="multiplePayments()" classname="assignment2.CashPaymentTest" time="0.008"/>
  <testcase name="changeisNotSufficient()" classname="assignment2.CashPaymentTest" time="0.004"/>
  <testcase name="changeCoinsOnly()" classname="assignment2.CashPaymentTest" time="0.002"/>
  <testcase name="initialAmountCheck()" classname="assignment2.CashPaymentTest" time="0.001"/>
  <testcase name="NotEnoughPayment()" classname="assignment2.CashPaymentTest" time="0.001"/>
  <testcase name="calculateTotalPayment()" classname="assignment2.CashPaymentTest" time="0.001"/>
  <testcase name="smallChangeInsufficient()" classname="assignment2.CashPaymentTest" time="0.0"/>
  <testcase name="smallChangeRound()" classname="assignment2.CashPaymentTest" time="0.004"/>
  <testcase name="updateChangeList()" classname="assignment2.CashPaymentTest" time="0.002"/>
  <testcase name="changeNotesOnly()" classname="assignment2.CashPaymentTest" time="0.002"/>
  <testcase name="numberOfDifferentNotesandCoins()" classname="assignment2.CashPaymentTest" time="0.0"/>
  <system-out><![CDATA[{5c=0, 10c=0, 20c=0, 50c=0, $1=0, $2=0, $5=0, $10=0, $20=0, $50=0, $100=0}
[assignment2.model.Cash@226b143b, assignment2.model.Cash@682bd3c4, assignment2.model.Cash@f2e4acf, assignment2.model.Cash@24097e9b, assignment2.model.Cash@5eb97ced, assignment2.model.Cash@68ba310d, assignment2.model.Cash@153f66e7, assignment2.model.Cash@7aad3f7d, assignment2.model.Cash@6f667ad1, assignment2.model.Cash@566d0c69, assignment2.model.Cash@388b401d]
{5c=1, 10c=0, 20c=2, 50c=1, $1=0, $2=0, $5=1, $10=0, $20=2, $50=1, $100=1}
{5c=0, 10c=0, 20c=0, 50c=0, $1=0, $2=0, $5=0, $10=0, $20=0, $50=0, $100=0}
[assignment2.model.Cash@226b143b, assignment2.model.Cash@682bd3c4, assignment2.model.Cash@f2e4acf, assignment2.model.Cash@24097e9b, assignment2.model.Cash@5eb97ced, assignment2.model.Cash@68ba310d, assignment2.model.Cash@153f66e7, assignment2.model.Cash@7aad3f7d, assignment2.model.Cash@6f667ad1, assignment2.model.Cash@566d0c69, assignment2.model.Cash@388b401d]
{5c=0, 10c=1, 20c=0, 50c=1, $1=1, $2=0, $5=0, $10=0, $20=0, $50=0, $100=3}
{5c=0, 10c=0, 20c=0, 50c=0, $1=0, $2=0, $5=0, $10=0, $20=0, $50=0, $100=0}
[assignment2.model.Cash@15fa55a6, assignment2.model.Cash@4f186450, assignment2.model.Cash@7fab4be7, assignment2.model.Cash@a64e035, assignment2.model.Cash@4d74c3ba, assignment2.model.Cash@41c204a0, assignment2.model.Cash@64138b0c, assignment2.model.Cash@49dbaaf3, assignment2.model.Cash@22d9c961, assignment2.model.Cash@736f3e9e, assignment2.model.Cash@bdc8014]
{5c=0, 10c=0, 20c=0, 50c=0, $1=0, $2=0, $5=0, $10=0, $20=0, $50=0, $100=0}
[assignment2.model.Cash@73ba6fe6, assignment2.model.Cash@79ab34c1, assignment2.model.Cash@1698d7c0, assignment2.model.Cash@281f23f2, assignment2.model.Cash@87abc48, assignment2.model.Cash@28d79cba, assignment2.model.Cash@782168b7, assignment2.model.Cash@29f0c4f2, assignment2.model.Cash@7435a578, assignment2.model.Cash@6093d508, assignment2.model.Cash@13047d7d]
{5c=1, 10c=1, 20c=1, 50c=0, $1=0, $2=0, $5=0, $10=0, $20=0, $50=0, $100=0}
{5c=0, 10c=0, 20c=0, 50c=0, $1=0, $2=0, $5=0, $10=0, $20=0, $50=0, $100=0}
{5c=0, 10c=0, 20c=0, 50c=0, $1=0, $2=0, $5=0, $10=0, $20=0, $50=0, $100=0}
[]
{5c=0, 10c=0, 20c=0, 50c=0, $1=0, $2=0, $5=0, $10=0, $20=0, $50=0, $100=0}
[assignment2.model.Cash@2b214b94, assignment2.model.Cash@70e3f36f, assignment2.model.Cash@49601f82, assignment2.model.Cash@23e44287, assignment2.model.Cash@2b8d084, assignment2.model.Cash@6daf2337, assignment2.model.Cash@24fabd0f, assignment2.model.Cash@250b236d, assignment2.model.Cash@61f3fbb8, assignment2.model.Cash@7551da2a, assignment2.model.Cash@432034a]
{5c=1, 10c=0, 20c=0, 50c=0, $1=0, $2=0, $5=0, $10=0, $20=0, $50=0, $100=0}
{5c=0, 10c=0, 20c=0, 50c=0, $1=0, $2=0, $5=0, $10=0, $20=0, $50=0, $100=0}
[assignment2.model.Cash@78de58ea, assignment2.model.Cash@60e5272, assignment2.model.Cash@7d755813, assignment2.model.Cash@69c93ca4, assignment2.model.Cash@63da207f, assignment2.model.Cash@173373b4, assignment2.model.Cash@40d10481, assignment2.model.Cash@60dd3c23, assignment2.model.Cash@52b6319f, assignment2.model.Cash@5e9456ae, assignment2.model.Cash@16a9a4f1]
{5c=0, 10c=0, 20c=0, 50c=0, $1=0, $2=0, $5=0, $10=0, $20=0, $50=0, $100=0}
{5c=0, 10c=0, 20c=0, 50c=0, $1=0, $2=0, $5=0, $10=0, $20=0, $50=0, $100=0}
[assignment2.model.Cash@1f1cae23, assignment2.model.Cash@7c455e96, assignment2.model.Cash@985696, assignment2.model.Cash@5bcde458, assignment2.model.Cash@215a34b4, assignment2.model.Cash@77bd7fe7, assignment2.model.Cash@35d3ab60, assignment2.model.Cash@10876a6, assignment2.model.Cash@71870da7, assignment2.model.Cash@6dd91637, assignment2.model.Cash@45792847]
{5c=1, 10c=0, 20c=0, 50c=1, $1=1, $2=0, $5=1, $10=1, $20=0, $50=0, $100=0}
{5c=0, 10c=0, 20c=0, 50c=0, $1=0, $2=0, $5=0, $10=0, $20=0, $50=0, $100=0}
[assignment2.model.Cash@706cb08, assignment2.model.Cash@4e25147a, assignment2.model.Cash@6b68cb27, assignment2.model.Cash@675ffd1d, assignment2.model.Cash@56303475, assignment2.model.Cash@30506c0d, assignment2.model.Cash@1dcca8d3, assignment2.model.Cash@5631962, assignment2.model.Cash@52a70627, assignment2.model.Cash@6124287a, assignment2.model.Cash@19569ebd]
{5c=0, 10c=0, 20c=0, 50c=0, $1=1, $2=0, $5=1, $10=0, $20=1, $50=1, $100=2}
]]></system-out>
  <system-err><![CDATA[]]></system-err>
</testsuite>
