<?xml version="1.0" encoding="UTF-8"?>
<testsuite name="assignment2.MainModelTest" tests="14" skipped="0" failures="0" errors="0" timestamp="2022-11-04T10:55:47" hostname="Kylies-MBP" time="0.026">
  <properties/>
  <testcase name="getCancelledTransactionsAsStringTest()" classname="assignment2.MainModelTest" time="0.009"/>
  <testcase name="getLoginModelTest()" classname="assignment2.MainModelTest" time="0.001"/>
  <testcase name="getCardPaymentModelTest()" classname="assignment2.MainModelTest" time="0.001"/>
  <testcase name="getCashPaymentModelTest()" classname="assignment2.MainModelTest" time="0.0"/>
  <testcase name="getCartPriceTest()" classname="assignment2.MainModelTest" time="0.001"/>
  <testcase name="loginFailTest()" classname="assignment2.MainModelTest" time="0.001"/>
  <testcase name="addToCartTest()" classname="assignment2.MainModelTest" time="0.001"/>
  <testcase name="getInventoryModelTest()" classname="assignment2.MainModelTest" time="0.001"/>
  <testcase name="cancelTransactionTest()" classname="assignment2.MainModelTest" time="0.001"/>
  <testcase name="loginStatusCorrectTest()" classname="assignment2.MainModelTest" time="0.001"/>
  <testcase name="getLastFiveProductsModelTest()" classname="assignment2.MainModelTest" time="0.0"/>
  <testcase name="loginSuccessTest()" classname="assignment2.MainModelTest" time="0.001"/>
  <testcase name="checkoutTest()" classname="assignment2.MainModelTest" time="0.001"/>
  <testcase name="setIsLoggedInTest()" classname="assignment2.MainModelTest" time="0.001"/>
  <system-out><![CDATA[]]></system-out>
  <system-err><![CDATA[]]></system-err>
</testsuite>
