<?xml version="1.0" encoding="UTF-8"?>
<testsuite name="assignment2.JsonParserTest" tests="7" skipped="0" failures="0" errors="0" timestamp="2022-11-01T10:57:09" hostname="Kylies-MBP" time="0.063">
  <properties/>
  <testcase name="getUsersEmptyFile()" classname="assignment2.JsonParserTest" time="0.003"/>
  <testcase name="getUsersValidFile()" classname="assignment2.JsonParserTest" time="0.018"/>
  <testcase name="updateInventoryTest()" classname="assignment2.JsonParserTest" time="0.006"/>
  <testcase name="getUsersFileDoesNotExist()" classname="assignment2.JsonParserTest" time="0.002"/>
  <testcase name="updateUsersValidListWithPurchases()" classname="assignment2.JsonParserTest" time="0.019"/>
  <testcase name="updateUsersValidListNoPurchases()" classname="assignment2.JsonParserTest" time="0.003"/>
  <testcase name="updateUsersEmptyList()" classname="assignment2.JsonParserTest" time="0.007"/>
  <system-out><![CDATA[]]></system-out>
  <system-err><![CDATA[]]></system-err>
</testsuite>
