<?xml version="1.0" encoding="UTF-8"?>
<testsuite name="assignment2.ProductOptionsModelTest" tests="2" skipped="0" failures="0" errors="0" timestamp="2022-10-21T12:48:15" hostname="Williams-MBP" time="0.001">
  <properties/>
  <testcase name="getCategoriesTest()" classname="assignment2.ProductOptionsModelTest" time="0.001"/>
  <testcase name="getProductsToDisplayTest()" classname="assignment2.ProductOptionsModelTest" time="0.0"/>
  <system-out><![CDATA[]]></system-out>
  <system-err><![CDATA[]]></system-err>
</testsuite>
