<?xml version="1.0" encoding="UTF-8"?>
<testsuite name="assignment2.CashPaymentTest" tests="12" skipped="0" failures="0" errors="0" timestamp="2022-11-01T10:57:08" hostname="Kylies-MBP" time="0.411">
  <properties/>
  <testcase name="cashValueCheck()" classname="assignment2.CashPaymentTest" time="0.048"/>
  <testcase name="multiplePayments()" classname="assignment2.CashPaymentTest" time="0.027"/>
  <testcase name="changeisNotSufficient()" classname="assignment2.CashPaymentTest" time="0.147"/>
  <testcase name="changeCoinsOnly()" classname="assignment2.CashPaymentTest" time="0.035"/>
  <testcase name="initialAmountCheck()" classname="assignment2.CashPaymentTest" time="0.006"/>
  <testcase name="NotEnoughPayment()" classname="assignment2.CashPaymentTest" time="0.005"/>
  <testcase name="calculateTotalPayment()" classname="assignment2.CashPaymentTest" time="0.001"/>
  <testcase name="smallChangeInsufficient()" classname="assignment2.CashPaymentTest" time="0.002"/>
  <testcase name="smallChangeRound()" classname="assignment2.CashPaymentTest" time="0.025"/>
  <testcase name="updateChangeList()" classname="assignment2.CashPaymentTest" time="0.008"/>
  <testcase name="changeNotesOnly()" classname="assignment2.CashPaymentTest" time="0.006"/>
  <testcase name="numberOfDifferentNotesandCoins()" classname="assignment2.CashPaymentTest" time="0.001"/>
  <system-out><![CDATA[{5c=0, 10c=0, 20c=0, 50c=0, $1=0, $2=0, $5=0, $10=0, $20=0, $50=0, $100=0}
[assignment2.model.Cash@6d467c87, assignment2.model.Cash@29182679, assignment2.model.Cash@57bd802b, assignment2.model.Cash@5cbb84b1, assignment2.model.Cash@2c779e5, assignment2.model.Cash@6a84bc2a, assignment2.model.Cash@5183d589, assignment2.model.Cash@511d5d04, assignment2.model.Cash@682c1e93, assignment2.model.Cash@27068a50, assignment2.model.Cash@68e62ca4]
{5c=1, 10c=0, 20c=2, 50c=1, $1=0, $2=0, $5=1, $10=0, $20=2, $50=1, $100=1}
{5c=0, 10c=0, 20c=0, 50c=0, $1=0, $2=0, $5=0, $10=0, $20=0, $50=0, $100=0}
[assignment2.model.Cash@6d467c87, assignment2.model.Cash@29182679, assignment2.model.Cash@57bd802b, assignment2.model.Cash@5cbb84b1, assignment2.model.Cash@2c779e5, assignment2.model.Cash@6a84bc2a, assignment2.model.Cash@5183d589, assignment2.model.Cash@511d5d04, assignment2.model.Cash@682c1e93, assignment2.model.Cash@27068a50, assignment2.model.Cash@68e62ca4]
{5c=0, 10c=1, 20c=0, 50c=1, $1=1, $2=0, $5=0, $10=0, $20=0, $50=0, $100=3}
{5c=0, 10c=0, 20c=0, 50c=0, $1=0, $2=0, $5=0, $10=0, $20=0, $50=0, $100=0}
[assignment2.model.Cash@3703bf3c, assignment2.model.Cash@34cf5a97, assignment2.model.Cash@5b3f3ba0, assignment2.model.Cash@ddf20fd, assignment2.model.Cash@278f8425, assignment2.model.Cash@695a69a1, assignment2.model.Cash@4b1abd11, assignment2.model.Cash@3f36b447, assignment2.model.Cash@6443b128, assignment2.model.Cash@5eeedb60, assignment2.model.Cash@40021799]
{5c=0, 10c=0, 20c=0, 50c=0, $1=0, $2=0, $5=0, $10=0, $20=0, $50=0, $100=0}
[assignment2.model.Cash@332f25c8, assignment2.model.Cash@1b32cd16, assignment2.model.Cash@4bdcaf36, assignment2.model.Cash@61d01788, assignment2.model.Cash@2b9b7f1f, assignment2.model.Cash@264c5d07, assignment2.model.Cash@847f3e7, assignment2.model.Cash@69cac930, assignment2.model.Cash@19593091, assignment2.model.Cash@5d39f2d8, assignment2.model.Cash@6ad6fa53]
{5c=1, 10c=1, 20c=1, 50c=0, $1=0, $2=0, $5=0, $10=0, $20=0, $50=0, $100=0}
{5c=0, 10c=0, 20c=0, 50c=0, $1=0, $2=0, $5=0, $10=0, $20=0, $50=0, $100=0}
{5c=0, 10c=0, 20c=0, 50c=0, $1=0, $2=0, $5=0, $10=0, $20=0, $50=0, $100=0}
[]
{5c=0, 10c=0, 20c=0, 50c=0, $1=0, $2=0, $5=0, $10=0, $20=0, $50=0, $100=0}
[assignment2.model.Cash@71c905a3, assignment2.model.Cash@30af7377, assignment2.model.Cash@67a056f1, assignment2.model.Cash@1dab9dd6, assignment2.model.Cash@247667dd, assignment2.model.Cash@6f099cef, assignment2.model.Cash@afb5821, assignment2.model.Cash@4bff2185, assignment2.model.Cash@5c20ffa8, assignment2.model.Cash@7fedfe27, assignment2.model.Cash@2f879bab]
{5c=1, 10c=0, 20c=0, 50c=0, $1=0, $2=0, $5=0, $10=0, $20=0, $50=0, $100=0}
{5c=0, 10c=0, 20c=0, 50c=0, $1=0, $2=0, $5=0, $10=0, $20=0, $50=0, $100=0}
[assignment2.model.Cash@1d4664d7, assignment2.model.Cash@46c00568, assignment2.model.Cash@56ccd751, assignment2.model.Cash@458544e0, assignment2.model.Cash@6bcbf05b, assignment2.model.Cash@2d66530f, assignment2.model.Cash@1d207fad, assignment2.model.Cash@72ed9aad, assignment2.model.Cash@4690f583, assignment2.model.Cash@59712875, assignment2.model.Cash@47b2e9e1]
{5c=0, 10c=0, 20c=0, 50c=0, $1=0, $2=0, $5=0, $10=0, $20=0, $50=0, $100=0}
{5c=0, 10c=0, 20c=0, 50c=0, $1=0, $2=0, $5=0, $10=0, $20=0, $50=0, $100=0}
[assignment2.model.Cash@59942b48, assignment2.model.Cash@1869f114, assignment2.model.Cash@488b50ec, assignment2.model.Cash@18a645fd, assignment2.model.Cash@6090f3ca, assignment2.model.Cash@37a64f9d, assignment2.model.Cash@25b865b5, assignment2.model.Cash@f9b5552, assignment2.model.Cash@6872f9c8, assignment2.model.Cash@6d2d99fc, assignment2.model.Cash@bdecc21]
{5c=1, 10c=0, 20c=0, 50c=1, $1=1, $2=0, $5=1, $10=1, $20=0, $50=0, $100=0}
{5c=0, 10c=0, 20c=0, 50c=0, $1=0, $2=0, $5=0, $10=0, $20=0, $50=0, $100=0}
[assignment2.model.Cash@5e3a39cd, assignment2.model.Cash@21f9277b, assignment2.model.Cash@201aa8c1, assignment2.model.Cash@5d58c727, assignment2.model.Cash@52a36910, assignment2.model.Cash@3a095ec0, assignment2.model.Cash@4f20a5e0, assignment2.model.Cash@54da32dc, assignment2.model.Cash@1d782abe, assignment2.model.Cash@6df7988f, assignment2.model.Cash@27b22f74]
{5c=0, 10c=0, 20c=0, 50c=0, $1=1, $2=0, $5=1, $10=0, $20=1, $50=1, $100=2}
]]></system-out>
  <system-err><![CDATA[]]></system-err>
</testsuite>
